[0.899s] DEBUG:colcon:Command line arguments: ['/home/robotics/.platformio/penv/bin/colcon', 'build', '--packages-select', 'my_joystick_msgs', 'my_joystick_driver']
[0.900s] DEBUG:colcon:Parsed command line arguments: Namespace(log_base=None, log_level=None, verb_name='build', build_base='build', install_base='install', merge_install=False, symlink_install=False, test_result_base=None, continue_on_error=False, executor='parallel', parallel_workers=4, event_handlers=None, ignore_user_meta=False, metas=['./colcon.meta'], base_paths=['.'], packages_ignore=None, packages_ignore_regex=None, paths=None, packages_up_to=None, packages_up_to_regex=None, packages_above=None, packages_above_and_dependencies=None, packages_above_depth=None, packages_select_by_dep=None, packages_skip_by_dep=None, packages_skip_up_to=None, packages_select_build_failed=False, packages_skip_build_finished=False, packages_select_test_failures=False, packages_skip_test_passed=False, packages_select=['my_joystick_msgs', 'my_joystick_driver'], packages_skip=None, packages_select_regex=None, packages_skip_regex=None, packages_start=None, packages_end=None, cmake_args=None, cmake_target=None, cmake_target_skip_unavailable=False, cmake_clean_cache=False, cmake_clean_first=False, cmake_force_configure=False, ament_cmake_args=None, catkin_cmake_args=None, catkin_skip_building_tests=False, verb_parser=<colcon_defaults.argument_parser.defaults.DefaultArgumentsDecorator object at 0xffff82874da0>, verb_extension=<colcon_core.verb.build.BuildVerb object at 0xffff82874ad0>, main=<bound method BuildVerb.main of <colcon_core.verb.build.BuildVerb object at 0xffff82874ad0>>)
[1.201s] Level 1:colcon.colcon_core.package_discovery:discover_packages(colcon_meta) check parameters
[1.201s] Level 1:colcon.colcon_core.package_discovery:discover_packages(recursive) check parameters
[1.201s] Level 1:colcon.colcon_core.package_discovery:discover_packages(ignore) check parameters
[1.201s] Level 1:colcon.colcon_core.package_discovery:discover_packages(path) check parameters
[1.201s] Level 1:colcon.colcon_core.package_discovery:discover_packages(colcon_meta) discover
[1.201s] Level 1:colcon.colcon_core.package_discovery:discover_packages(recursive) discover
[1.201s] INFO:colcon.colcon_core.package_discovery:Crawling recursively for packages in '/home/robotics/temp/new_ws'
[1.202s] Level 1:colcon.colcon_core.package_identification:_identify(.) by extensions ['ignore', 'ignore_ament_install']
[1.202s] Level 1:colcon.colcon_core.package_identification:_identify(.) by extension 'ignore'
[1.202s] Level 1:colcon.colcon_core.package_identification:_identify(.) by extension 'ignore_ament_install'
[1.202s] Level 1:colcon.colcon_core.package_identification:_identify(.) by extensions ['colcon_pkg']
[1.202s] Level 1:colcon.colcon_core.package_identification:_identify(.) by extension 'colcon_pkg'
[1.202s] Level 1:colcon.colcon_core.package_identification:_identify(.) by extensions ['colcon_meta']
[1.202s] Level 1:colcon.colcon_core.package_identification:_identify(.) by extension 'colcon_meta'
[1.202s] Level 1:colcon.colcon_core.package_identification:_identify(.) by extensions ['ros']
[1.202s] Level 1:colcon.colcon_core.package_identification:_identify(.) by extension 'ros'
[1.389s] Level 1:colcon.colcon_core.package_identification:_identify(.) by extensions ['cmake', 'python']
[1.391s] Level 1:colcon.colcon_core.package_identification:_identify(.) by extension 'cmake'
[1.391s] Level 1:colcon.colcon_core.package_identification:_identify(.) by extension 'python'
[1.391s] Level 1:colcon.colcon_core.package_identification:_identify(.) by extensions ['python_setup_py']
[1.391s] Level 1:colcon.colcon_core.package_identification:_identify(.) by extension 'python_setup_py'
[1.392s] Level 1:colcon.colcon_core.package_identification:_identify(build) by extensions ['ignore', 'ignore_ament_install']
[1.394s] Level 1:colcon.colcon_core.package_identification:_identify(build) by extension 'ignore'
[1.395s] Level 1:colcon.colcon_core.package_identification:_identify(build) ignored
[1.396s] Level 1:colcon.colcon_core.package_identification:_identify(install) by extensions ['ignore', 'ignore_ament_install']
[1.398s] Level 1:colcon.colcon_core.package_identification:_identify(install) by extension 'ignore'
[1.399s] Level 1:colcon.colcon_core.package_identification:_identify(install) ignored
[1.399s] Level 1:colcon.colcon_core.package_identification:_identify(log) by extensions ['ignore', 'ignore_ament_install']
[1.399s] Level 1:colcon.colcon_core.package_identification:_identify(log) by extension 'ignore'
[1.399s] Level 1:colcon.colcon_core.package_identification:_identify(log) ignored
[1.399s] Level 1:colcon.colcon_core.package_identification:_identify(src) by extensions ['ignore', 'ignore_ament_install']
[1.399s] Level 1:colcon.colcon_core.package_identification:_identify(src) by extension 'ignore'
[1.399s] Level 1:colcon.colcon_core.package_identification:_identify(src) by extension 'ignore_ament_install'
[1.399s] Level 1:colcon.colcon_core.package_identification:_identify(src) by extensions ['colcon_pkg']
[1.399s] Level 1:colcon.colcon_core.package_identification:_identify(src) by extension 'colcon_pkg'
[1.400s] Level 1:colcon.colcon_core.package_identification:_identify(src) by extensions ['colcon_meta']
[1.400s] Level 1:colcon.colcon_core.package_identification:_identify(src) by extension 'colcon_meta'
[1.404s] Level 1:colcon.colcon_core.package_identification:_identify(src) by extensions ['ros']
[1.404s] Level 1:colcon.colcon_core.package_identification:_identify(src) by extension 'ros'
[1.405s] Level 1:colcon.colcon_core.package_identification:_identify(src) by extensions ['cmake', 'python']
[1.406s] Level 1:colcon.colcon_core.package_identification:_identify(src) by extension 'cmake'
[1.406s] Level 1:colcon.colcon_core.package_identification:_identify(src) by extension 'python'
[1.409s] Level 1:colcon.colcon_core.package_identification:_identify(src) by extensions ['python_setup_py']
[1.412s] Level 1:colcon.colcon_core.package_identification:_identify(src) by extension 'python_setup_py'
[1.417s] Level 1:colcon.colcon_core.package_identification:_identify(src/my_joystick_driver) by extensions ['ignore', 'ignore_ament_install']
[1.417s] Level 1:colcon.colcon_core.package_identification:_identify(src/my_joystick_driver) by extension 'ignore'
[1.417s] Level 1:colcon.colcon_core.package_identification:_identify(src/my_joystick_driver) by extension 'ignore_ament_install'
[1.417s] Level 1:colcon.colcon_core.package_identification:_identify(src/my_joystick_driver) by extensions ['colcon_pkg']
[1.417s] Level 1:colcon.colcon_core.package_identification:_identify(src/my_joystick_driver) by extension 'colcon_pkg'
[1.418s] Level 1:colcon.colcon_core.package_identification:_identify(src/my_joystick_driver) by extensions ['colcon_meta']
[1.418s] Level 1:colcon.colcon_core.package_identification:_identify(src/my_joystick_driver) by extension 'colcon_meta'
[1.418s] Level 1:colcon.colcon_core.package_identification:_identify(src/my_joystick_driver) by extensions ['ros']
[1.420s] Level 1:colcon.colcon_core.package_identification:_identify(src/my_joystick_driver) by extension 'ros'
[1.436s] DEBUG:colcon.colcon_core.package_identification:Package 'src/my_joystick_driver' with type 'ros.ament_python' and name 'my_joystick_driver'
[1.436s] Level 1:colcon.colcon_core.package_identification:_identify(src/my_joystick_msgs) by extensions ['ignore', 'ignore_ament_install']
[1.436s] Level 1:colcon.colcon_core.package_identification:_identify(src/my_joystick_msgs) by extension 'ignore'
[1.437s] Level 1:colcon.colcon_core.package_identification:_identify(src/my_joystick_msgs) by extension 'ignore_ament_install'
[1.437s] Level 1:colcon.colcon_core.package_identification:_identify(src/my_joystick_msgs) by extensions ['colcon_pkg']
[1.437s] Level 1:colcon.colcon_core.package_identification:_identify(src/my_joystick_msgs) by extension 'colcon_pkg'
[1.437s] Level 1:colcon.colcon_core.package_identification:_identify(src/my_joystick_msgs) by extensions ['colcon_meta']
[1.437s] Level 1:colcon.colcon_core.package_identification:_identify(src/my_joystick_msgs) by extension 'colcon_meta'
[1.437s] Level 1:colcon.colcon_core.package_identification:_identify(src/my_joystick_msgs) by extensions ['ros']
[1.437s] Level 1:colcon.colcon_core.package_identification:_identify(src/my_joystick_msgs) by extension 'ros'
[1.438s] DEBUG:colcon.colcon_core.package_identification:Package 'src/my_joystick_msgs' with type 'ros.ament_cmake' and name 'my_joystick_msgs'
[1.438s] Level 1:colcon.colcon_core.package_discovery:discover_packages(recursive) using defaults
[1.438s] Level 1:colcon.colcon_core.package_discovery:discover_packages(ignore) discover
[1.438s] Level 1:colcon.colcon_core.package_discovery:discover_packages(ignore) using defaults
[1.438s] Level 1:colcon.colcon_core.package_discovery:discover_packages(path) discover
[1.438s] Level 1:colcon.colcon_core.package_discovery:discover_packages(path) using defaults
[1.537s] Level 5:colcon.colcon_core.verb:set package 'my_joystick_msgs' build argument 'cmake_args' from command line to 'None'
[1.538s] Level 5:colcon.colcon_core.verb:set package 'my_joystick_msgs' build argument 'cmake_target' from command line to 'None'
[1.538s] Level 5:colcon.colcon_core.verb:set package 'my_joystick_msgs' build argument 'cmake_target_skip_unavailable' from command line to 'False'
[1.538s] Level 5:colcon.colcon_core.verb:set package 'my_joystick_msgs' build argument 'cmake_clean_cache' from command line to 'False'
[1.538s] Level 5:colcon.colcon_core.verb:set package 'my_joystick_msgs' build argument 'cmake_clean_first' from command line to 'False'
[1.538s] Level 5:colcon.colcon_core.verb:set package 'my_joystick_msgs' build argument 'cmake_force_configure' from command line to 'False'
[1.538s] Level 5:colcon.colcon_core.verb:set package 'my_joystick_msgs' build argument 'ament_cmake_args' from command line to 'None'
[1.538s] Level 5:colcon.colcon_core.verb:set package 'my_joystick_msgs' build argument 'catkin_cmake_args' from command line to 'None'
[1.538s] Level 5:colcon.colcon_core.verb:set package 'my_joystick_msgs' build argument 'catkin_skip_building_tests' from command line to 'False'
[1.538s] DEBUG:colcon.colcon_core.verb:Building package 'my_joystick_msgs' with the following arguments: {'ament_cmake_args': None, 'build_base': '/home/robotics/temp/new_ws/build/my_joystick_msgs', 'catkin_cmake_args': None, 'catkin_skip_building_tests': False, 'cmake_args': None, 'cmake_clean_cache': False, 'cmake_clean_first': False, 'cmake_force_configure': False, 'cmake_target': None, 'cmake_target_skip_unavailable': False, 'install_base': '/home/robotics/temp/new_ws/install/my_joystick_msgs', 'merge_install': False, 'path': '/home/robotics/temp/new_ws/src/my_joystick_msgs', 'symlink_install': False, 'test_result_base': None}
[1.538s] Level 5:colcon.colcon_core.verb:set package 'my_joystick_driver' build argument 'cmake_args' from command line to 'None'
[1.538s] Level 5:colcon.colcon_core.verb:set package 'my_joystick_driver' build argument 'cmake_target' from command line to 'None'
[1.538s] Level 5:colcon.colcon_core.verb:set package 'my_joystick_driver' build argument 'cmake_target_skip_unavailable' from command line to 'False'
[1.538s] Level 5:colcon.colcon_core.verb:set package 'my_joystick_driver' build argument 'cmake_clean_cache' from command line to 'False'
[1.538s] Level 5:colcon.colcon_core.verb:set package 'my_joystick_driver' build argument 'cmake_clean_first' from command line to 'False'
[1.538s] Level 5:colcon.colcon_core.verb:set package 'my_joystick_driver' build argument 'cmake_force_configure' from command line to 'False'
[1.538s] Level 5:colcon.colcon_core.verb:set package 'my_joystick_driver' build argument 'ament_cmake_args' from command line to 'None'
[1.538s] Level 5:colcon.colcon_core.verb:set package 'my_joystick_driver' build argument 'catkin_cmake_args' from command line to 'None'
[1.539s] Level 5:colcon.colcon_core.verb:set package 'my_joystick_driver' build argument 'catkin_skip_building_tests' from command line to 'False'
[1.539s] DEBUG:colcon.colcon_core.verb:Building package 'my_joystick_driver' with the following arguments: {'ament_cmake_args': None, 'build_base': '/home/robotics/temp/new_ws/build/my_joystick_driver', 'catkin_cmake_args': None, 'catkin_skip_building_tests': False, 'cmake_args': None, 'cmake_clean_cache': False, 'cmake_clean_first': False, 'cmake_force_configure': False, 'cmake_target': None, 'cmake_target_skip_unavailable': False, 'install_base': '/home/robotics/temp/new_ws/install/my_joystick_driver', 'merge_install': False, 'path': '/home/robotics/temp/new_ws/src/my_joystick_driver', 'symlink_install': False, 'test_result_base': None}
[1.539s] INFO:colcon.colcon_core.executor:Executing jobs using 'parallel' executor
[1.540s] DEBUG:colcon.colcon_parallel_executor.executor.parallel:run_until_complete
[1.541s] INFO:colcon.colcon_ros.task.ament_cmake.build:Building ROS package in '/home/robotics/temp/new_ws/src/my_joystick_msgs' with build type 'ament_cmake'
[1.541s] INFO:colcon.colcon_cmake.task.cmake.build:Building CMake package in '/home/robotics/temp/new_ws/src/my_joystick_msgs'
[1.559s] INFO:colcon.colcon_core.plugin_system:Skipping extension 'colcon_core.shell.bat': Not used on non-Windows systems
[1.560s] INFO:colcon.colcon_core.shell:Skip shell extension 'powershell' for command environment: Not usable outside of PowerShell
[1.560s] DEBUG:colcon.colcon_core.shell:Skip shell extension 'dsv' for command environment
[1.611s] DEBUG:colcon.colcon_core.event_handler.log_command:Invoking command in '/home/robotics/temp/new_ws/build/my_joystick_msgs': CMAKE_PREFIX_PATH=${CMAKE_PREFIX_PATH}:/opt/ros/jazzy DEBUGINFOD_URLS=https://debuginfod.ubuntu.com /usr/bin/cmake /home/robotics/temp/new_ws/src/my_joystick_msgs -DCMAKE_INSTALL_PREFIX=/home/robotics/temp/new_ws/install/my_joystick_msgs
[13.597s] DEBUG:colcon.colcon_core.event_handler.log_command:Invoked command in '/home/robotics/temp/new_ws/build/my_joystick_msgs' returned '0': CMAKE_PREFIX_PATH=${CMAKE_PREFIX_PATH}:/opt/ros/jazzy DEBUGINFOD_URLS=https://debuginfod.ubuntu.com /usr/bin/cmake /home/robotics/temp/new_ws/src/my_joystick_msgs -DCMAKE_INSTALL_PREFIX=/home/robotics/temp/new_ws/install/my_joystick_msgs
[13.598s] DEBUG:colcon.colcon_core.event_handler.log_command:Invoking command in '/home/robotics/temp/new_ws/build/my_joystick_msgs': CMAKE_PREFIX_PATH=${CMAKE_PREFIX_PATH}:/opt/ros/jazzy DEBUGINFOD_URLS=https://debuginfod.ubuntu.com /usr/bin/cmake --build /home/robotics/temp/new_ws/build/my_joystick_msgs -- -j4 -l4
[33.968s] DEBUG:colcon.colcon_core.event_handler.log_command:Invoked command in '/home/robotics/temp/new_ws/build/my_joystick_msgs' returned '0': CMAKE_PREFIX_PATH=${CMAKE_PREFIX_PATH}:/opt/ros/jazzy DEBUGINFOD_URLS=https://debuginfod.ubuntu.com /usr/bin/cmake --build /home/robotics/temp/new_ws/build/my_joystick_msgs -- -j4 -l4
[33.993s] DEBUG:colcon.colcon_core.event_handler.log_command:Invoking command in '/home/robotics/temp/new_ws/build/my_joystick_msgs': CMAKE_PREFIX_PATH=${CMAKE_PREFIX_PATH}:/opt/ros/jazzy DEBUGINFOD_URLS=https://debuginfod.ubuntu.com /usr/bin/cmake --install /home/robotics/temp/new_ws/build/my_joystick_msgs
[34.181s] Level 1:colcon.colcon_core.environment:create_environment_scripts_only(my_joystick_msgs)
[34.187s] DEBUG:colcon.colcon_core.event_handler.log_command:Invoked command in '/home/robotics/temp/new_ws/build/my_joystick_msgs' returned '0': CMAKE_PREFIX_PATH=${CMAKE_PREFIX_PATH}:/opt/ros/jazzy DEBUGINFOD_URLS=https://debuginfod.ubuntu.com /usr/bin/cmake --install /home/robotics/temp/new_ws/build/my_joystick_msgs
[34.205s] Level 1:colcon.colcon_core.environment:checking '/home/robotics/temp/new_ws/install/my_joystick_msgs' for CMake module files
[34.206s] Level 1:colcon.colcon_core.environment:checking '/home/robotics/temp/new_ws/install/my_joystick_msgs' for CMake config files
[34.210s] Level 1:colcon.colcon_core.shell:create_environment_hook('my_joystick_msgs', 'cmake_prefix_path')
[34.210s] INFO:colcon.colcon_core.shell:Creating environment hook '/home/robotics/temp/new_ws/install/my_joystick_msgs/share/my_joystick_msgs/hook/cmake_prefix_path.ps1'
[34.214s] INFO:colcon.colcon_core.shell:Creating environment descriptor '/home/robotics/temp/new_ws/install/my_joystick_msgs/share/my_joystick_msgs/hook/cmake_prefix_path.dsv'
[34.218s] INFO:colcon.colcon_core.shell:Creating environment hook '/home/robotics/temp/new_ws/install/my_joystick_msgs/share/my_joystick_msgs/hook/cmake_prefix_path.sh'
[34.222s] Level 1:colcon.colcon_core.environment:checking '/home/robotics/temp/new_ws/install/my_joystick_msgs/lib'
[34.222s] Level 1:colcon.colcon_core.shell:create_environment_hook('my_joystick_msgs', 'ld_library_path_lib')
[34.222s] INFO:colcon.colcon_core.shell:Creating environment hook '/home/robotics/temp/new_ws/install/my_joystick_msgs/share/my_joystick_msgs/hook/ld_library_path_lib.ps1'
[34.229s] INFO:colcon.colcon_core.shell:Creating environment descriptor '/home/robotics/temp/new_ws/install/my_joystick_msgs/share/my_joystick_msgs/hook/ld_library_path_lib.dsv'
[34.231s] INFO:colcon.colcon_core.shell:Creating environment hook '/home/robotics/temp/new_ws/install/my_joystick_msgs/share/my_joystick_msgs/hook/ld_library_path_lib.sh'
[34.233s] Level 1:colcon.colcon_core.environment:checking '/home/robotics/temp/new_ws/install/my_joystick_msgs/bin'
[34.237s] Level 1:colcon.colcon_core.environment:checking '/home/robotics/temp/new_ws/install/my_joystick_msgs/lib/pkgconfig/my_joystick_msgs.pc'
[34.244s] Level 1:colcon.colcon_core.environment:checking '/home/robotics/temp/new_ws/install/my_joystick_msgs/lib/python3.12/site-packages'
[34.246s] Level 1:colcon.colcon_core.shell:create_environment_hook('my_joystick_msgs', 'pythonpath')
[34.246s] INFO:colcon.colcon_core.shell:Creating environment hook '/home/robotics/temp/new_ws/install/my_joystick_msgs/share/my_joystick_msgs/hook/pythonpath.ps1'
[34.247s] INFO:colcon.colcon_core.shell:Creating environment descriptor '/home/robotics/temp/new_ws/install/my_joystick_msgs/share/my_joystick_msgs/hook/pythonpath.dsv'
[34.247s] INFO:colcon.colcon_core.shell:Creating environment hook '/home/robotics/temp/new_ws/install/my_joystick_msgs/share/my_joystick_msgs/hook/pythonpath.sh'
[34.254s] Level 1:colcon.colcon_core.environment:checking '/home/robotics/temp/new_ws/install/my_joystick_msgs/bin'
[34.255s] INFO:colcon.colcon_core.shell:Creating package script '/home/robotics/temp/new_ws/install/my_joystick_msgs/share/my_joystick_msgs/package.ps1'
[34.263s] INFO:colcon.colcon_core.shell:Creating package descriptor '/home/robotics/temp/new_ws/install/my_joystick_msgs/share/my_joystick_msgs/package.dsv'
[34.265s] INFO:colcon.colcon_core.shell:Creating package script '/home/robotics/temp/new_ws/install/my_joystick_msgs/share/my_joystick_msgs/package.sh'
[34.267s] INFO:colcon.colcon_core.shell:Creating package script '/home/robotics/temp/new_ws/install/my_joystick_msgs/share/my_joystick_msgs/package.bash'
[34.271s] INFO:colcon.colcon_core.shell:Creating package script '/home/robotics/temp/new_ws/install/my_joystick_msgs/share/my_joystick_msgs/package.zsh'
[34.274s] Level 1:colcon.colcon_core.environment:create_file_with_runtime_dependencies(/home/robotics/temp/new_ws/install/my_joystick_msgs/share/colcon-core/packages/my_joystick_msgs)
[34.275s] Level 1:colcon.colcon_core.environment:create_environment_scripts_only(my_joystick_msgs)
[34.275s] Level 1:colcon.colcon_core.environment:checking '/home/robotics/temp/new_ws/install/my_joystick_msgs' for CMake module files
[34.277s] Level 1:colcon.colcon_core.environment:checking '/home/robotics/temp/new_ws/install/my_joystick_msgs' for CMake config files
[34.277s] Level 1:colcon.colcon_core.shell:create_environment_hook('my_joystick_msgs', 'cmake_prefix_path')
[34.278s] INFO:colcon.colcon_core.shell:Creating environment hook '/home/robotics/temp/new_ws/install/my_joystick_msgs/share/my_joystick_msgs/hook/cmake_prefix_path.ps1'
[34.278s] INFO:colcon.colcon_core.shell:Creating environment descriptor '/home/robotics/temp/new_ws/install/my_joystick_msgs/share/my_joystick_msgs/hook/cmake_prefix_path.dsv'
[34.280s] INFO:colcon.colcon_core.shell:Creating environment hook '/home/robotics/temp/new_ws/install/my_joystick_msgs/share/my_joystick_msgs/hook/cmake_prefix_path.sh'
[34.283s] Level 1:colcon.colcon_core.environment:checking '/home/robotics/temp/new_ws/install/my_joystick_msgs/lib'
[34.283s] Level 1:colcon.colcon_core.shell:create_environment_hook('my_joystick_msgs', 'ld_library_path_lib')
[34.284s] INFO:colcon.colcon_core.shell:Creating environment hook '/home/robotics/temp/new_ws/install/my_joystick_msgs/share/my_joystick_msgs/hook/ld_library_path_lib.ps1'
[34.288s] INFO:colcon.colcon_core.shell:Creating environment descriptor '/home/robotics/temp/new_ws/install/my_joystick_msgs/share/my_joystick_msgs/hook/ld_library_path_lib.dsv'
[34.292s] INFO:colcon.colcon_core.shell:Creating environment hook '/home/robotics/temp/new_ws/install/my_joystick_msgs/share/my_joystick_msgs/hook/ld_library_path_lib.sh'
[34.295s] Level 1:colcon.colcon_core.environment:checking '/home/robotics/temp/new_ws/install/my_joystick_msgs/bin'
[34.295s] Level 1:colcon.colcon_core.environment:checking '/home/robotics/temp/new_ws/install/my_joystick_msgs/lib/pkgconfig/my_joystick_msgs.pc'
[34.297s] Level 1:colcon.colcon_core.environment:checking '/home/robotics/temp/new_ws/install/my_joystick_msgs/lib/python3.12/site-packages'
[34.297s] Level 1:colcon.colcon_core.shell:create_environment_hook('my_joystick_msgs', 'pythonpath')
[34.299s] INFO:colcon.colcon_core.shell:Creating environment hook '/home/robotics/temp/new_ws/install/my_joystick_msgs/share/my_joystick_msgs/hook/pythonpath.ps1'
[34.302s] INFO:colcon.colcon_core.shell:Creating environment descriptor '/home/robotics/temp/new_ws/install/my_joystick_msgs/share/my_joystick_msgs/hook/pythonpath.dsv'
[34.306s] INFO:colcon.colcon_core.shell:Creating environment hook '/home/robotics/temp/new_ws/install/my_joystick_msgs/share/my_joystick_msgs/hook/pythonpath.sh'
[34.313s] Level 1:colcon.colcon_core.environment:checking '/home/robotics/temp/new_ws/install/my_joystick_msgs/bin'
[34.316s] INFO:colcon.colcon_core.shell:Creating package script '/home/robotics/temp/new_ws/install/my_joystick_msgs/share/my_joystick_msgs/package.ps1'
[34.317s] INFO:colcon.colcon_core.shell:Creating package descriptor '/home/robotics/temp/new_ws/install/my_joystick_msgs/share/my_joystick_msgs/package.dsv'
[34.323s] INFO:colcon.colcon_core.shell:Creating package script '/home/robotics/temp/new_ws/install/my_joystick_msgs/share/my_joystick_msgs/package.sh'
[34.324s] INFO:colcon.colcon_core.shell:Creating package script '/home/robotics/temp/new_ws/install/my_joystick_msgs/share/my_joystick_msgs/package.bash'
[34.328s] INFO:colcon.colcon_core.shell:Creating package script '/home/robotics/temp/new_ws/install/my_joystick_msgs/share/my_joystick_msgs/package.zsh'
[34.333s] Level 1:colcon.colcon_core.environment:create_file_with_runtime_dependencies(/home/robotics/temp/new_ws/install/my_joystick_msgs/share/colcon-core/packages/my_joystick_msgs)
[34.338s] INFO:colcon.colcon_ros.task.ament_python.build:Building ROS package in '/home/robotics/temp/new_ws/src/my_joystick_driver' with build type 'ament_python'
[34.339s] Level 1:colcon.colcon_core.shell:create_environment_hook('my_joystick_driver', 'ament_prefix_path')
[34.339s] INFO:colcon.colcon_core.shell:Creating environment hook '/home/robotics/temp/new_ws/install/my_joystick_driver/share/my_joystick_driver/hook/ament_prefix_path.ps1'
[34.341s] INFO:colcon.colcon_core.shell:Creating environment descriptor '/home/robotics/temp/new_ws/install/my_joystick_driver/share/my_joystick_driver/hook/ament_prefix_path.dsv'
[34.342s] INFO:colcon.colcon_core.shell:Creating environment hook '/home/robotics/temp/new_ws/install/my_joystick_driver/share/my_joystick_driver/hook/ament_prefix_path.sh'
[34.344s] INFO:colcon.colcon_core.shell:Skip shell extension 'powershell' for command environment: Not usable outside of PowerShell
[34.344s] DEBUG:colcon.colcon_core.shell:Skip shell extension 'dsv' for command environment
[34.853s] INFO:colcon.colcon_core.task.python.build:Building Python package in '/home/robotics/temp/new_ws/src/my_joystick_driver'
[34.853s] INFO:colcon.colcon_core.shell:Skip shell extension 'powershell' for command environment: Not usable outside of PowerShell
[34.853s] DEBUG:colcon.colcon_core.shell:Skip shell extension 'dsv' for command environment
[36.784s] DEBUG:colcon.colcon_core.event_handler.log_command:Invoking command in '/home/robotics/temp/new_ws/src/my_joystick_driver': AMENT_PREFIX_PATH=/home/robotics/temp/new_ws/install/my_joystick_msgs:${AMENT_PREFIX_PATH} CMAKE_PREFIX_PATH=/home/robotics/temp/new_ws/install/my_joystick_msgs:${CMAKE_PREFIX_PATH} DEBUGINFOD_URLS=https://debuginfod.ubuntu.com LD_LIBRARY_PATH=/home/robotics/temp/new_ws/install/my_joystick_msgs/lib:${LD_LIBRARY_PATH} PYTHONPATH=/home/robotics/temp/new_ws/build/my_joystick_driver/prefix_override:/home/robotics/.platformio/penv/lib/python3.12/site-packages/colcon_core/task/python/colcon_distutils_commands:/home/robotics/temp/new_ws/install/my_joystick_driver/lib/python3.12/site-packages:/home/robotics/temp/new_ws/install/my_joystick_msgs/lib/python3.12/site-packages:${PYTHONPATH} /home/robotics/.platformio/penv/bin/python -W ignore:setup.py install is deprecated -W ignore:easy_install command is deprecated setup.py egg_info --egg-base ../../build/my_joystick_driver build --build-base /home/robotics/temp/new_ws/build/my_joystick_driver/build install --record /home/robotics/temp/new_ws/build/my_joystick_driver/install.log --single-version-externally-managed install_data
[37.931s] Level 1:colcon.colcon_core.environment:checking '/home/robotics/temp/new_ws/install/my_joystick_driver' for CMake module files
[37.933s] Level 1:colcon.colcon_core.environment:checking '/home/robotics/temp/new_ws/install/my_joystick_driver' for CMake config files
[37.934s] Level 1:colcon.colcon_core.environment:checking '/home/robotics/temp/new_ws/install/my_joystick_driver/lib'
[37.934s] Level 1:colcon.colcon_core.environment:checking '/home/robotics/temp/new_ws/install/my_joystick_driver/bin'
[37.935s] Level 1:colcon.colcon_core.environment:checking '/home/robotics/temp/new_ws/install/my_joystick_driver/lib/pkgconfig/my_joystick_driver.pc'
[37.935s] Level 1:colcon.colcon_core.environment:checking '/home/robotics/temp/new_ws/install/my_joystick_driver/lib/python3.12/site-packages'
[37.935s] Level 1:colcon.colcon_core.shell:create_environment_hook('my_joystick_driver', 'pythonpath')
[37.935s] INFO:colcon.colcon_core.shell:Creating environment hook '/home/robotics/temp/new_ws/install/my_joystick_driver/share/my_joystick_driver/hook/pythonpath.ps1'
[37.932s] DEBUG:colcon.colcon_core.event_handler.log_command:Invoked command in '/home/robotics/temp/new_ws/src/my_joystick_driver' returned '0': AMENT_PREFIX_PATH=/home/robotics/temp/new_ws/install/my_joystick_msgs:${AMENT_PREFIX_PATH} CMAKE_PREFIX_PATH=/home/robotics/temp/new_ws/install/my_joystick_msgs:${CMAKE_PREFIX_PATH} DEBUGINFOD_URLS=https://debuginfod.ubuntu.com LD_LIBRARY_PATH=/home/robotics/temp/new_ws/install/my_joystick_msgs/lib:${LD_LIBRARY_PATH} PYTHONPATH=/home/robotics/temp/new_ws/build/my_joystick_driver/prefix_override:/home/robotics/.platformio/penv/lib/python3.12/site-packages/colcon_core/task/python/colcon_distutils_commands:/home/robotics/temp/new_ws/install/my_joystick_driver/lib/python3.12/site-packages:/home/robotics/temp/new_ws/install/my_joystick_msgs/lib/python3.12/site-packages:${PYTHONPATH} /home/robotics/.platformio/penv/bin/python -W ignore:setup.py install is deprecated -W ignore:easy_install command is deprecated setup.py egg_info --egg-base ../../build/my_joystick_driver build --build-base /home/robotics/temp/new_ws/build/my_joystick_driver/build install --record /home/robotics/temp/new_ws/build/my_joystick_driver/install.log --single-version-externally-managed install_data
[37.941s] INFO:colcon.colcon_core.shell:Creating environment descriptor '/home/robotics/temp/new_ws/install/my_joystick_driver/share/my_joystick_driver/hook/pythonpath.dsv'
[37.942s] INFO:colcon.colcon_core.shell:Creating environment hook '/home/robotics/temp/new_ws/install/my_joystick_driver/share/my_joystick_driver/hook/pythonpath.sh'
[37.945s] Level 1:colcon.colcon_core.environment:checking '/home/robotics/temp/new_ws/install/my_joystick_driver/bin'
[37.946s] Level 1:colcon.colcon_core.environment:create_environment_scripts_only(my_joystick_driver)
[37.946s] INFO:colcon.colcon_core.shell:Creating package script '/home/robotics/temp/new_ws/install/my_joystick_driver/share/my_joystick_driver/package.ps1'
[37.947s] INFO:colcon.colcon_core.shell:Creating package descriptor '/home/robotics/temp/new_ws/install/my_joystick_driver/share/my_joystick_driver/package.dsv'
[37.948s] INFO:colcon.colcon_core.shell:Creating package script '/home/robotics/temp/new_ws/install/my_joystick_driver/share/my_joystick_driver/package.sh'
[37.950s] INFO:colcon.colcon_core.shell:Creating package script '/home/robotics/temp/new_ws/install/my_joystick_driver/share/my_joystick_driver/package.bash'
[37.950s] INFO:colcon.colcon_core.shell:Creating package script '/home/robotics/temp/new_ws/install/my_joystick_driver/share/my_joystick_driver/package.zsh'
[37.951s] Level 1:colcon.colcon_core.environment:create_file_with_runtime_dependencies(/home/robotics/temp/new_ws/install/my_joystick_driver/share/colcon-core/packages/my_joystick_driver)
[37.953s] DEBUG:colcon.colcon_parallel_executor.executor.parallel:closing loop
[37.953s] DEBUG:colcon.colcon_parallel_executor.executor.parallel:loop closed
[37.954s] DEBUG:colcon.colcon_parallel_executor.executor.parallel:run_until_complete finished with '0'
[37.954s] DEBUG:colcon.colcon_core.event_reactor:joining thread
[37.963s] INFO:colcon.colcon_core.plugin_system:Skipping extension 'colcon_notification.desktop_notification.notify2': 'notify2' not found
[37.964s] INFO:colcon.colcon_core.plugin_system:Skipping extension 'colcon_notification.desktop_notification.terminal_notifier': Not used on non-Darwin systems
[37.964s] INFO:colcon.colcon_core.plugin_system:Skipping extension 'colcon_notification.desktop_notification.win32': Not used on non-Windows systems
[37.964s] INFO:colcon.colcon_notification.desktop_notification:Sending desktop notification using 'notify_send'
[38.349s] DEBUG:colcon.colcon_core.event_reactor:joined thread
[38.350s] INFO:colcon.colcon_core.shell:Creating prefix script '/home/robotics/temp/new_ws/install/local_setup.ps1'
[38.359s] INFO:colcon.colcon_core.shell:Creating prefix util module '/home/robotics/temp/new_ws/install/_local_setup_util_ps1.py'
[38.364s] INFO:colcon.colcon_core.shell:Creating prefix chain script '/home/robotics/temp/new_ws/install/setup.ps1'
[38.374s] INFO:colcon.colcon_core.shell:Creating prefix script '/home/robotics/temp/new_ws/install/local_setup.sh'
[38.386s] INFO:colcon.colcon_core.shell:Creating prefix util module '/home/robotics/temp/new_ws/install/_local_setup_util_sh.py'
[38.387s] INFO:colcon.colcon_core.shell:Creating prefix chain script '/home/robotics/temp/new_ws/install/setup.sh'
[38.390s] INFO:colcon.colcon_core.shell:Creating prefix script '/home/robotics/temp/new_ws/install/local_setup.bash'
[38.393s] INFO:colcon.colcon_core.shell:Creating prefix chain script '/home/robotics/temp/new_ws/install/setup.bash'
[38.395s] INFO:colcon.colcon_core.shell:Creating prefix script '/home/robotics/temp/new_ws/install/local_setup.zsh'
[38.400s] INFO:colcon.colcon_core.shell:Creating prefix chain script '/home/robotics/temp/new_ws/install/setup.zsh'
