-- Found ament_cmake: 2.5.4 (/opt/ros/jazzy/share/ament_cmake/cmake)
-- Found Python3: /usr/bin/python3 (found version "3.12.3") found components: Interpreter 
-- Found rosidl_default_generators: 1.6.0 (/opt/ros/jazzy/share/rosidl_default_generators/cmake)
-- Using all available rosidl_typesupport_c: rosidl_typesupport_fastrtps_c;rosidl_typesupport_introspection_c
-- Using all available rosidl_typesupport_cpp: rosidl_typesupport_fastrtps_cpp;rosidl_typesupport_introspection_cpp
-- Found rosidl_adapter: 4.6.6 (/opt/ros/jazzy/share/rosidl_adapter/cmake)
-- Found ament_cmake_ros: 0.12.0 (/opt/ros/jazzy/share/ament_cmake_ros/cmake)
-- Using all available rosidl_typesupport_c: rosidl_typesupport_fastrtps_c;rosidl_typesupport_introspection_c
-- Using all available rosidl_typesupport_cpp: rosidl_typesupport_fastrtps_cpp;rosidl_typesupport_introspection_cpp
-- Found python_cmake_module: 0.11.1 (/opt/ros/jazzy/share/python_cmake_module/cmake)
-- Found Python3: /usr/bin/python3 (found version "3.12.3") found components: Interpreter Development NumPy Development.Module Development.Embed 
-- Found ament_lint_auto: 0.17.3 (/opt/ros/jazzy/share/ament_lint_auto/cmake)
-- Added test 'lint_cmake' to check CMake code style
-- Added test 'xmllint' to check XML markup files
-- Configuring done (4.7s)
-- Generating done (0.7s)
-- Build files have been written to: /home/robotics/temp/new_ws/build/my_joystick_msgs
[  2%] Generating type hashes for ROS interfaces
[  2%] Built target my_joystick_msgs__rosidl_generator_type_description
[  2%] Built target ament_cmake_python_copy_my_joystick_msgs
[  5%] Generating C++ code for ROS interfaces
[  5%] Built target my_joystick_msgs__cpp
running egg_info
writing my_joystick_msgs.egg-info/PKG-INFO
writing dependency_links to my_joystick_msgs.egg-info/dependency_links.txt
writing top-level names to my_joystick_msgs.egg-info/top_level.txt
reading manifest file 'my_joystick_msgs.egg-info/SOURCES.txt'
writing manifest file 'my_joystick_msgs.egg-info/SOURCES.txt'
[  5%] Built target ament_cmake_python_build_my_joystick_msgs_egg
[  8%] Generating C code for ROS interfaces
[ 11%] Building C object CMakeFiles/my_joystick_msgs__rosidl_generator_c.dir/rosidl_generator_c/my_joystick_msgs/msg/detail/joystick__description.c.o
[ 14%] Building C object CMakeFiles/my_joystick_msgs__rosidl_generator_c.dir/rosidl_generator_c/my_joystick_msgs/msg/detail/joystick__type_support.c.o
[ 17%] Building C object CMakeFiles/my_joystick_msgs__rosidl_generator_c.dir/rosidl_generator_c/my_joystick_msgs/msg/detail/joystick__functions.c.o
[ 20%] Linking C shared library libmy_joystick_msgs__rosidl_generator_c.so
[ 20%] Built target my_joystick_msgs__rosidl_generator_c
[ 23%] Generating C type support for eProsima Fast-RTPS
[ 26%] Building CXX object CMakeFiles/my_joystick_msgs__rosidl_typesupport_fastrtps_c.dir/rosidl_typesupport_fastrtps_c/my_joystick_msgs/msg/detail/joystick__type_support_c.cpp.o
[ 29%] Linking CXX shared library libmy_joystick_msgs__rosidl_typesupport_fastrtps_c.so
[ 29%] Built target my_joystick_msgs__rosidl_typesupport_fastrtps_c
[ 32%] Generating C++ type support for eProsima Fast-RTPS
[ 35%] Building CXX object CMakeFiles/my_joystick_msgs__rosidl_typesupport_fastrtps_cpp.dir/rosidl_typesupport_fastrtps_cpp/my_joystick_msgs/msg/detail/dds_fastrtps/joystick__type_support.cpp.o
[ 38%] Linking CXX shared library libmy_joystick_msgs__rosidl_typesupport_fastrtps_cpp.so
[ 38%] Built target my_joystick_msgs__rosidl_typesupport_fastrtps_cpp
[ 41%] Generating C++ introspection for ROS interfaces
[ 44%] Building CXX object CMakeFiles/my_joystick_msgs__rosidl_typesupport_introspection_cpp.dir/rosidl_typesupport_introspection_cpp/my_joystick_msgs/msg/detail/joystick__type_support.cpp.o
[ 47%] Linking CXX shared library libmy_joystick_msgs__rosidl_typesupport_introspection_cpp.so
[ 47%] Built target my_joystick_msgs__rosidl_typesupport_introspection_cpp
[ 50%] Generating C++ type support dispatch for ROS interfaces
[ 52%] Building CXX object CMakeFiles/my_joystick_msgs__rosidl_typesupport_cpp.dir/rosidl_typesupport_cpp/my_joystick_msgs/msg/joystick__type_support.cpp.o
[ 55%] Linking CXX shared library libmy_joystick_msgs__rosidl_typesupport_cpp.so
[ 55%] Built target my_joystick_msgs__rosidl_typesupport_cpp
[ 58%] Generating C type support dispatch for ROS interfaces
[ 61%] Building CXX object CMakeFiles/my_joystick_msgs__rosidl_typesupport_c.dir/rosidl_typesupport_c/my_joystick_msgs/msg/joystick__type_support.cpp.o
[ 64%] Linking CXX shared library libmy_joystick_msgs__rosidl_typesupport_c.so
[ 64%] Built target my_joystick_msgs__rosidl_typesupport_c
[ 67%] Generating C introspection for ROS interfaces
[ 70%] Building C object CMakeFiles/my_joystick_msgs__rosidl_typesupport_introspection_c.dir/rosidl_typesupport_introspection_c/my_joystick_msgs/msg/detail/joystick__type_support.c.o
[ 73%] Linking C shared library libmy_joystick_msgs__rosidl_typesupport_introspection_c.so
[ 73%] Built target my_joystick_msgs__rosidl_typesupport_introspection_c
[ 73%] Built target my_joystick_msgs
[ 76%] Generating Python code for ROS interfaces
[ 76%] Built target my_joystick_msgs__py
[ 79%] Building C object CMakeFiles/my_joystick_msgs__rosidl_generator_py.dir/rosidl_generator_py/my_joystick_msgs/msg/_joystick_s.c.o
[ 82%] Linking C shared library libmy_joystick_msgs__rosidl_generator_py.so
[ 82%] Built target my_joystick_msgs__rosidl_generator_py
[ 85%] Building C object CMakeFiles/my_joystick_msgs_s__rosidl_typesupport_fastrtps_c.dir/rosidl_generator_py/my_joystick_msgs/_my_joystick_msgs_s.ep.rosidl_typesupport_fastrtps_c.c.o
[ 88%] Linking C shared module rosidl_generator_py/my_joystick_msgs/my_joystick_msgs_s__rosidl_typesupport_fastrtps_c.so
[ 88%] Built target my_joystick_msgs_s__rosidl_typesupport_fastrtps_c
[ 91%] Building C object CMakeFiles/my_joystick_msgs_s__rosidl_typesupport_c.dir/rosidl_generator_py/my_joystick_msgs/_my_joystick_msgs_s.ep.rosidl_typesupport_c.c.o
[ 94%] Linking C shared module rosidl_generator_py/my_joystick_msgs/my_joystick_msgs_s__rosidl_typesupport_c.so
[ 94%] Built target my_joystick_msgs_s__rosidl_typesupport_c
[ 97%] Building C object CMakeFiles/my_joystick_msgs_s__rosidl_typesupport_introspection_c.dir/rosidl_generator_py/my_joystick_msgs/_my_joystick_msgs_s.ep.rosidl_typesupport_introspection_c.c.o
[100%] Linking C shared module rosidl_generator_py/my_joystick_msgs/my_joystick_msgs_s__rosidl_typesupport_introspection_c.so
[100%] Built target my_joystick_msgs_s__rosidl_typesupport_introspection_c
-- Install configuration: ""
-- Up-to-date: /home/robotics/temp/new_ws/install/my_joystick_msgs/share/ament_index/resource_index/rosidl_interfaces/my_joystick_msgs
-- Installing: /home/robotics/temp/new_ws/install/my_joystick_msgs/share/my_joystick_msgs/msg/Joystick.json
-- Up-to-date: /home/robotics/temp/new_ws/install/my_joystick_msgs/include/my_joystick_msgs/my_joystick_msgs
-- Up-to-date: /home/robotics/temp/new_ws/install/my_joystick_msgs/include/my_joystick_msgs/my_joystick_msgs/msg
-- Up-to-date: /home/robotics/temp/new_ws/install/my_joystick_msgs/include/my_joystick_msgs/my_joystick_msgs/msg/rosidl_generator_c__visibility_control.h
-- Installing: /home/robotics/temp/new_ws/install/my_joystick_msgs/include/my_joystick_msgs/my_joystick_msgs/msg/joystick.h
-- Up-to-date: /home/robotics/temp/new_ws/install/my_joystick_msgs/include/my_joystick_msgs/my_joystick_msgs/msg/detail
-- Installing: /home/robotics/temp/new_ws/install/my_joystick_msgs/include/my_joystick_msgs/my_joystick_msgs/msg/detail/joystick__description.c
-- Installing: /home/robotics/temp/new_ws/install/my_joystick_msgs/include/my_joystick_msgs/my_joystick_msgs/msg/detail/joystick__struct.h
-- Installing: /home/robotics/temp/new_ws/install/my_joystick_msgs/include/my_joystick_msgs/my_joystick_msgs/msg/detail/joystick__type_support.h
-- Installing: /home/robotics/temp/new_ws/install/my_joystick_msgs/include/my_joystick_msgs/my_joystick_msgs/msg/detail/joystick__functions.c
-- Installing: /home/robotics/temp/new_ws/install/my_joystick_msgs/include/my_joystick_msgs/my_joystick_msgs/msg/detail/joystick__functions.h
-- Installing: /home/robotics/temp/new_ws/install/my_joystick_msgs/include/my_joystick_msgs/my_joystick_msgs/msg/detail/joystick__type_support.c
-- Up-to-date: /home/robotics/temp/new_ws/install/my_joystick_msgs/share/my_joystick_msgs/environment/library_path.sh
-- Up-to-date: /home/robotics/temp/new_ws/install/my_joystick_msgs/share/my_joystick_msgs/environment/library_path.dsv
-- Installing: /home/robotics/temp/new_ws/install/my_joystick_msgs/lib/libmy_joystick_msgs__rosidl_generator_c.so
-- Set non-toolchain portion of runtime path of "/home/robotics/temp/new_ws/install/my_joystick_msgs/lib/libmy_joystick_msgs__rosidl_generator_c.so" to ""
-- Up-to-date: /home/robotics/temp/new_ws/install/my_joystick_msgs/include/my_joystick_msgs/my_joystick_msgs
-- Up-to-date: /home/robotics/temp/new_ws/install/my_joystick_msgs/include/my_joystick_msgs/my_joystick_msgs/msg
-- Up-to-date: /home/robotics/temp/new_ws/install/my_joystick_msgs/include/my_joystick_msgs/my_joystick_msgs/msg/rosidl_typesupport_fastrtps_c__visibility_control.h
-- Up-to-date: /home/robotics/temp/new_ws/install/my_joystick_msgs/include/my_joystick_msgs/my_joystick_msgs/msg/detail
-- Installing: /home/robotics/temp/new_ws/install/my_joystick_msgs/include/my_joystick_msgs/my_joystick_msgs/msg/detail/joystick__rosidl_typesupport_fastrtps_c.h
-- Installing: /home/robotics/temp/new_ws/install/my_joystick_msgs/lib/libmy_joystick_msgs__rosidl_typesupport_fastrtps_c.so
-- Set non-toolchain portion of runtime path of "/home/robotics/temp/new_ws/install/my_joystick_msgs/lib/libmy_joystick_msgs__rosidl_typesupport_fastrtps_c.so" to ""
-- Up-to-date: /home/robotics/temp/new_ws/install/my_joystick_msgs/include/my_joystick_msgs/my_joystick_msgs
-- Up-to-date: /home/robotics/temp/new_ws/install/my_joystick_msgs/include/my_joystick_msgs/my_joystick_msgs/msg
-- Up-to-date: /home/robotics/temp/new_ws/install/my_joystick_msgs/include/my_joystick_msgs/my_joystick_msgs/msg/rosidl_typesupport_introspection_c__visibility_control.h
-- Up-to-date: /home/robotics/temp/new_ws/install/my_joystick_msgs/include/my_joystick_msgs/my_joystick_msgs/msg/detail
-- Installing: /home/robotics/temp/new_ws/install/my_joystick_msgs/include/my_joystick_msgs/my_joystick_msgs/msg/detail/joystick__rosidl_typesupport_introspection_c.h
-- Installing: /home/robotics/temp/new_ws/install/my_joystick_msgs/include/my_joystick_msgs/my_joystick_msgs/msg/detail/joystick__type_support.c
-- Installing: /home/robotics/temp/new_ws/install/my_joystick_msgs/lib/libmy_joystick_msgs__rosidl_typesupport_introspection_c.so
-- Set non-toolchain portion of runtime path of "/home/robotics/temp/new_ws/install/my_joystick_msgs/lib/libmy_joystick_msgs__rosidl_typesupport_introspection_c.so" to ""
-- Installing: /home/robotics/temp/new_ws/install/my_joystick_msgs/lib/libmy_joystick_msgs__rosidl_typesupport_c.so
-- Set non-toolchain portion of runtime path of "/home/robotics/temp/new_ws/install/my_joystick_msgs/lib/libmy_joystick_msgs__rosidl_typesupport_c.so" to ""
-- Up-to-date: /home/robotics/temp/new_ws/install/my_joystick_msgs/include/my_joystick_msgs/my_joystick_msgs
-- Up-to-date: /home/robotics/temp/new_ws/install/my_joystick_msgs/include/my_joystick_msgs/my_joystick_msgs/msg
-- Installing: /home/robotics/temp/new_ws/install/my_joystick_msgs/include/my_joystick_msgs/my_joystick_msgs/msg/rosidl_generator_cpp__visibility_control.hpp
-- Installing: /home/robotics/temp/new_ws/install/my_joystick_msgs/include/my_joystick_msgs/my_joystick_msgs/msg/joystick.hpp
-- Up-to-date: /home/robotics/temp/new_ws/install/my_joystick_msgs/include/my_joystick_msgs/my_joystick_msgs/msg/detail
-- Installing: /home/robotics/temp/new_ws/install/my_joystick_msgs/include/my_joystick_msgs/my_joystick_msgs/msg/detail/joystick__type_support.hpp
-- Installing: /home/robotics/temp/new_ws/install/my_joystick_msgs/include/my_joystick_msgs/my_joystick_msgs/msg/detail/joystick__struct.hpp
-- Installing: /home/robotics/temp/new_ws/install/my_joystick_msgs/include/my_joystick_msgs/my_joystick_msgs/msg/detail/joystick__builder.hpp
-- Installing: /home/robotics/temp/new_ws/install/my_joystick_msgs/include/my_joystick_msgs/my_joystick_msgs/msg/detail/joystick__traits.hpp
-- Up-to-date: /home/robotics/temp/new_ws/install/my_joystick_msgs/include/my_joystick_msgs/my_joystick_msgs
-- Up-to-date: /home/robotics/temp/new_ws/install/my_joystick_msgs/include/my_joystick_msgs/my_joystick_msgs/msg
-- Up-to-date: /home/robotics/temp/new_ws/install/my_joystick_msgs/include/my_joystick_msgs/my_joystick_msgs/msg/rosidl_typesupport_fastrtps_cpp__visibility_control.h
-- Up-to-date: /home/robotics/temp/new_ws/install/my_joystick_msgs/include/my_joystick_msgs/my_joystick_msgs/msg/detail
-- Installing: /home/robotics/temp/new_ws/install/my_joystick_msgs/include/my_joystick_msgs/my_joystick_msgs/msg/detail/joystick__rosidl_typesupport_fastrtps_cpp.hpp
-- Up-to-date: /home/robotics/temp/new_ws/install/my_joystick_msgs/include/my_joystick_msgs/my_joystick_msgs/msg/detail/dds_fastrtps
-- Installing: /home/robotics/temp/new_ws/install/my_joystick_msgs/lib/libmy_joystick_msgs__rosidl_typesupport_fastrtps_cpp.so
-- Set non-toolchain portion of runtime path of "/home/robotics/temp/new_ws/install/my_joystick_msgs/lib/libmy_joystick_msgs__rosidl_typesupport_fastrtps_cpp.so" to ""
-- Up-to-date: /home/robotics/temp/new_ws/install/my_joystick_msgs/include/my_joystick_msgs/my_joystick_msgs
-- Up-to-date: /home/robotics/temp/new_ws/install/my_joystick_msgs/include/my_joystick_msgs/my_joystick_msgs/msg
-- Up-to-date: /home/robotics/temp/new_ws/install/my_joystick_msgs/include/my_joystick_msgs/my_joystick_msgs/msg/detail
-- Installing: /home/robotics/temp/new_ws/install/my_joystick_msgs/include/my_joystick_msgs/my_joystick_msgs/msg/detail/joystick__rosidl_typesupport_introspection_cpp.hpp
-- Installing: /home/robotics/temp/new_ws/install/my_joystick_msgs/include/my_joystick_msgs/my_joystick_msgs/msg/detail/joystick__type_support.cpp
-- Installing: /home/robotics/temp/new_ws/install/my_joystick_msgs/lib/libmy_joystick_msgs__rosidl_typesupport_introspection_cpp.so
-- Set non-toolchain portion of runtime path of "/home/robotics/temp/new_ws/install/my_joystick_msgs/lib/libmy_joystick_msgs__rosidl_typesupport_introspection_cpp.so" to ""
-- Installing: /home/robotics/temp/new_ws/install/my_joystick_msgs/lib/libmy_joystick_msgs__rosidl_typesupport_cpp.so
-- Set non-toolchain portion of runtime path of "/home/robotics/temp/new_ws/install/my_joystick_msgs/lib/libmy_joystick_msgs__rosidl_typesupport_cpp.so" to ""
-- Up-to-date: /home/robotics/temp/new_ws/install/my_joystick_msgs/share/my_joystick_msgs/environment/pythonpath.sh
-- Up-to-date: /home/robotics/temp/new_ws/install/my_joystick_msgs/share/my_joystick_msgs/environment/pythonpath.dsv
-- Up-to-date: /home/robotics/temp/new_ws/install/my_joystick_msgs/lib/python3.12/site-packages/my_joystick_msgs-0.0.0-py3.12.egg-info
-- Installing: /home/robotics/temp/new_ws/install/my_joystick_msgs/lib/python3.12/site-packages/my_joystick_msgs-0.0.0-py3.12.egg-info/dependency_links.txt
-- Installing: /home/robotics/temp/new_ws/install/my_joystick_msgs/lib/python3.12/site-packages/my_joystick_msgs-0.0.0-py3.12.egg-info/top_level.txt
-- Installing: /home/robotics/temp/new_ws/install/my_joystick_msgs/lib/python3.12/site-packages/my_joystick_msgs-0.0.0-py3.12.egg-info/SOURCES.txt
-- Installing: /home/robotics/temp/new_ws/install/my_joystick_msgs/lib/python3.12/site-packages/my_joystick_msgs-0.0.0-py3.12.egg-info/PKG-INFO
-- Up-to-date: /home/robotics/temp/new_ws/install/my_joystick_msgs/lib/python3.12/site-packages/my_joystick_msgs
-- Installing: /home/robotics/temp/new_ws/install/my_joystick_msgs/lib/python3.12/site-packages/my_joystick_msgs/_my_joystick_msgs_s.ep.rosidl_typesupport_c.c
-- Installing: /home/robotics/temp/new_ws/install/my_joystick_msgs/lib/python3.12/site-packages/my_joystick_msgs/_my_joystick_msgs_s.ep.rosidl_typesupport_fastrtps_c.c
-- Up-to-date: /home/robotics/temp/new_ws/install/my_joystick_msgs/lib/python3.12/site-packages/my_joystick_msgs/msg
-- Installing: /home/robotics/temp/new_ws/install/my_joystick_msgs/lib/python3.12/site-packages/my_joystick_msgs/msg/__init__.py
-- Installing: /home/robotics/temp/new_ws/install/my_joystick_msgs/lib/python3.12/site-packages/my_joystick_msgs/msg/_joystick.py
-- Installing: /home/robotics/temp/new_ws/install/my_joystick_msgs/lib/python3.12/site-packages/my_joystick_msgs/msg/_joystick_s.c
-- Installing: /home/robotics/temp/new_ws/install/my_joystick_msgs/lib/python3.12/site-packages/my_joystick_msgs/my_joystick_msgs_s__rosidl_typesupport_c.so
-- Installing: /home/robotics/temp/new_ws/install/my_joystick_msgs/lib/python3.12/site-packages/my_joystick_msgs/__init__.py
-- Installing: /home/robotics/temp/new_ws/install/my_joystick_msgs/lib/python3.12/site-packages/my_joystick_msgs/_my_joystick_msgs_s.ep.rosidl_typesupport_introspection_c.c
-- Installing: /home/robotics/temp/new_ws/install/my_joystick_msgs/lib/python3.12/site-packages/my_joystick_msgs/my_joystick_msgs_s__rosidl_typesupport_fastrtps_c.so
-- Installing: /home/robotics/temp/new_ws/install/my_joystick_msgs/lib/python3.12/site-packages/my_joystick_msgs/my_joystick_msgs_s__rosidl_typesupport_introspection_c.so
Listing '/home/robotics/temp/new_ws/install/my_joystick_msgs/lib/python3.12/site-packages/my_joystick_msgs'...
Compiling '/home/robotics/temp/new_ws/install/my_joystick_msgs/lib/python3.12/site-packages/my_joystick_msgs/__init__.py'...
Listing '/home/robotics/temp/new_ws/install/my_joystick_msgs/lib/python3.12/site-packages/my_joystick_msgs/msg'...
Compiling '/home/robotics/temp/new_ws/install/my_joystick_msgs/lib/python3.12/site-packages/my_joystick_msgs/msg/__init__.py'...
Compiling '/home/robotics/temp/new_ws/install/my_joystick_msgs/lib/python3.12/site-packages/my_joystick_msgs/msg/_joystick.py'...
-- Installing: /home/robotics/temp/new_ws/install/my_joystick_msgs/lib/python3.12/site-packages/my_joystick_msgs/my_joystick_msgs_s__rosidl_typesupport_fastrtps_c.so
-- Set non-toolchain portion of runtime path of "/home/robotics/temp/new_ws/install/my_joystick_msgs/lib/python3.12/site-packages/my_joystick_msgs/my_joystick_msgs_s__rosidl_typesupport_fastrtps_c.so" to ""
-- Installing: /home/robotics/temp/new_ws/install/my_joystick_msgs/lib/python3.12/site-packages/my_joystick_msgs/my_joystick_msgs_s__rosidl_typesupport_introspection_c.so
-- Set non-toolchain portion of runtime path of "/home/robotics/temp/new_ws/install/my_joystick_msgs/lib/python3.12/site-packages/my_joystick_msgs/my_joystick_msgs_s__rosidl_typesupport_introspection_c.so" to ""
-- Installing: /home/robotics/temp/new_ws/install/my_joystick_msgs/lib/python3.12/site-packages/my_joystick_msgs/my_joystick_msgs_s__rosidl_typesupport_c.so
-- Set non-toolchain portion of runtime path of "/home/robotics/temp/new_ws/install/my_joystick_msgs/lib/python3.12/site-packages/my_joystick_msgs/my_joystick_msgs_s__rosidl_typesupport_c.so" to ""
-- Installing: /home/robotics/temp/new_ws/install/my_joystick_msgs/lib/libmy_joystick_msgs__rosidl_generator_py.so
-- Set non-toolchain portion of runtime path of "/home/robotics/temp/new_ws/install/my_joystick_msgs/lib/libmy_joystick_msgs__rosidl_generator_py.so" to ""
-- Installing: /home/robotics/temp/new_ws/install/my_joystick_msgs/share/my_joystick_msgs/msg/Joystick.idl
-- Installing: /home/robotics/temp/new_ws/install/my_joystick_msgs/share/my_joystick_msgs/msg/Joystick.msg
-- Up-to-date: /home/robotics/temp/new_ws/install/my_joystick_msgs/share/ament_index/resource_index/package_run_dependencies/my_joystick_msgs
-- Up-to-date: /home/robotics/temp/new_ws/install/my_joystick_msgs/share/ament_index/resource_index/parent_prefix_path/my_joystick_msgs
-- Up-to-date: /home/robotics/temp/new_ws/install/my_joystick_msgs/share/my_joystick_msgs/environment/ament_prefix_path.sh
-- Up-to-date: /home/robotics/temp/new_ws/install/my_joystick_msgs/share/my_joystick_msgs/environment/ament_prefix_path.dsv
-- Up-to-date: /home/robotics/temp/new_ws/install/my_joystick_msgs/share/my_joystick_msgs/environment/path.sh
-- Up-to-date: /home/robotics/temp/new_ws/install/my_joystick_msgs/share/my_joystick_msgs/environment/path.dsv
-- Up-to-date: /home/robotics/temp/new_ws/install/my_joystick_msgs/share/my_joystick_msgs/local_setup.bash
-- Up-to-date: /home/robotics/temp/new_ws/install/my_joystick_msgs/share/my_joystick_msgs/local_setup.sh
-- Up-to-date: /home/robotics/temp/new_ws/install/my_joystick_msgs/share/my_joystick_msgs/local_setup.zsh
-- Up-to-date: /home/robotics/temp/new_ws/install/my_joystick_msgs/share/my_joystick_msgs/local_setup.dsv
-- Installing: /home/robotics/temp/new_ws/install/my_joystick_msgs/share/my_joystick_msgs/package.dsv
-- Up-to-date: /home/robotics/temp/new_ws/install/my_joystick_msgs/share/ament_index/resource_index/packages/my_joystick_msgs
-- Up-to-date: /home/robotics/temp/new_ws/install/my_joystick_msgs/share/my_joystick_msgs/cmake/export_my_joystick_msgs__rosidl_generator_cExport.cmake
-- Up-to-date: /home/robotics/temp/new_ws/install/my_joystick_msgs/share/my_joystick_msgs/cmake/export_my_joystick_msgs__rosidl_generator_cExport-noconfig.cmake
-- Up-to-date: /home/robotics/temp/new_ws/install/my_joystick_msgs/share/my_joystick_msgs/cmake/export_my_joystick_msgs__rosidl_typesupport_fastrtps_cExport.cmake
-- Up-to-date: /home/robotics/temp/new_ws/install/my_joystick_msgs/share/my_joystick_msgs/cmake/export_my_joystick_msgs__rosidl_typesupport_fastrtps_cExport-noconfig.cmake
-- Up-to-date: /home/robotics/temp/new_ws/install/my_joystick_msgs/share/my_joystick_msgs/cmake/my_joystick_msgs__rosidl_typesupport_introspection_cExport.cmake
-- Up-to-date: /home/robotics/temp/new_ws/install/my_joystick_msgs/share/my_joystick_msgs/cmake/my_joystick_msgs__rosidl_typesupport_introspection_cExport-noconfig.cmake
-- Up-to-date: /home/robotics/temp/new_ws/install/my_joystick_msgs/share/my_joystick_msgs/cmake/my_joystick_msgs__rosidl_typesupport_cExport.cmake
-- Up-to-date: /home/robotics/temp/new_ws/install/my_joystick_msgs/share/my_joystick_msgs/cmake/my_joystick_msgs__rosidl_typesupport_cExport-noconfig.cmake
-- Up-to-date: /home/robotics/temp/new_ws/install/my_joystick_msgs/share/my_joystick_msgs/cmake/export_my_joystick_msgs__rosidl_generator_cppExport.cmake
-- Up-to-date: /home/robotics/temp/new_ws/install/my_joystick_msgs/share/my_joystick_msgs/cmake/export_my_joystick_msgs__rosidl_typesupport_fastrtps_cppExport.cmake
-- Up-to-date: /home/robotics/temp/new_ws/install/my_joystick_msgs/share/my_joystick_msgs/cmake/export_my_joystick_msgs__rosidl_typesupport_fastrtps_cppExport-noconfig.cmake
-- Up-to-date: /home/robotics/temp/new_ws/install/my_joystick_msgs/share/my_joystick_msgs/cmake/my_joystick_msgs__rosidl_typesupport_introspection_cppExport.cmake
-- Up-to-date: /home/robotics/temp/new_ws/install/my_joystick_msgs/share/my_joystick_msgs/cmake/my_joystick_msgs__rosidl_typesupport_introspection_cppExport-noconfig.cmake
-- Up-to-date: /home/robotics/temp/new_ws/install/my_joystick_msgs/share/my_joystick_msgs/cmake/my_joystick_msgs__rosidl_typesupport_cppExport.cmake
-- Up-to-date: /home/robotics/temp/new_ws/install/my_joystick_msgs/share/my_joystick_msgs/cmake/my_joystick_msgs__rosidl_typesupport_cppExport-noconfig.cmake
-- Up-to-date: /home/robotics/temp/new_ws/install/my_joystick_msgs/share/my_joystick_msgs/cmake/export_my_joystick_msgs__rosidl_generator_pyExport.cmake
-- Up-to-date: /home/robotics/temp/new_ws/install/my_joystick_msgs/share/my_joystick_msgs/cmake/export_my_joystick_msgs__rosidl_generator_pyExport-noconfig.cmake
-- Up-to-date: /home/robotics/temp/new_ws/install/my_joystick_msgs/share/my_joystick_msgs/cmake/rosidl_cmake-extras.cmake
-- Up-to-date: /home/robotics/temp/new_ws/install/my_joystick_msgs/share/my_joystick_msgs/cmake/ament_cmake_export_include_directories-extras.cmake
-- Up-to-date: /home/robotics/temp/new_ws/install/my_joystick_msgs/share/my_joystick_msgs/cmake/ament_cmake_export_libraries-extras.cmake
-- Up-to-date: /home/robotics/temp/new_ws/install/my_joystick_msgs/share/my_joystick_msgs/cmake/ament_cmake_export_targets-extras.cmake
-- Up-to-date: /home/robotics/temp/new_ws/install/my_joystick_msgs/share/my_joystick_msgs/cmake/rosidl_cmake_export_typesupport_targets-extras.cmake
-- Up-to-date: /home/robotics/temp/new_ws/install/my_joystick_msgs/share/my_joystick_msgs/cmake/ament_cmake_export_dependencies-extras.cmake
-- Up-to-date: /home/robotics/temp/new_ws/install/my_joystick_msgs/share/my_joystick_msgs/cmake/rosidl_cmake_export_typesupport_libraries-extras.cmake
-- Up-to-date: /home/robotics/temp/new_ws/install/my_joystick_msgs/share/my_joystick_msgs/cmake/my_joystick_msgsConfig.cmake
-- Up-to-date: /home/robotics/temp/new_ws/install/my_joystick_msgs/share/my_joystick_msgs/cmake/my_joystick_msgsConfig-version.cmake
-- Up-to-date: /home/robotics/temp/new_ws/install/my_joystick_msgs/share/my_joystick_msgs/package.xml
