[0.118s] Invoking command in '/home/robotics/temp/new_ws/build/my_joystick_msgs': CMAKE_PREFIX_PATH=${CMAKE_PREFIX_PATH}:/home/robotics/temp/new_ws/install/my_joystick_driver:/opt/ros/jazzy DEBUGINFOD_URLS=https://debuginfod.ubuntu.com /usr/bin/cmake --build /home/robotics/temp/new_ws/build/my_joystick_msgs -- -j4 -l4
[0.545s] -- Found ament_cmake: 2.5.4 (/opt/ros/jazzy/share/ament_cmake/cmake)
[0.683s] -- Found Python3: /usr/bin/python3 (found version "3.12.3") found components: Interpreter 
[1.059s] -- Found rosidl_default_generators: 1.6.0 (/opt/ros/jazzy/share/rosidl_default_generators/cmake)
[1.080s] -- Using all available rosidl_typesupport_c: rosidl_typesupport_fastrtps_c;rosidl_typesupport_introspection_c
[1.329s] -- Using all available rosidl_typesupport_cpp: rosidl_typesupport_fastrtps_cpp;rosidl_typesupport_introspection_cpp
[1.497s] -- Found rosidl_adapter: 4.6.6 (/opt/ros/jazzy/share/rosidl_adapter/cmake)
[2.613s] -- Found ament_cmake_ros: 0.12.0 (/opt/ros/jazzy/share/ament_cmake_ros/cmake)
[2.961s] -- Using all available rosidl_typesupport_c: rosidl_typesupport_fastrtps_c;rosidl_typesupport_introspection_c
[3.442s] -- Using all available rosidl_typesupport_cpp: rosidl_typesupport_fastrtps_cpp;rosidl_typesupport_introspection_cpp
[3.474s] -- Found python_cmake_module: 0.11.1 (/opt/ros/jazzy/share/python_cmake_module/cmake)
[4.832s] -- Found Python3: /usr/bin/python3 (found version "3.12.3") found components: Interpreter Development NumPy Development.Module Development.Embed 
[4.911s] -- Found ament_lint_auto: 0.17.3 (/opt/ros/jazzy/share/ament_lint_auto/cmake)
[5.024s] -- Added test 'lint_cmake' to check CMake code style
[5.033s] -- Added test 'xmllint' to check XML markup files
[5.064s] -- Configuring done (4.7s)
[5.853s] -- Generating done (0.7s)
[6.006s] -- Build files have been written to: /home/robotics/temp/new_ws/build/my_joystick_msgs
[6.114s] [  2%] Generating type hashes for ROS interfaces
[6.749s] [  2%] Built target my_joystick_msgs__rosidl_generator_type_description
[6.850s] [  2%] Built target ament_cmake_python_copy_my_joystick_msgs
[6.954s] [  5%] Generating C++ code for ROS interfaces
[8.068s] [  5%] Built target my_joystick_msgs__cpp
[9.189s] running egg_info
[9.244s] writing my_joystick_msgs.egg-info/PKG-INFO
[9.244s] writing dependency_links to my_joystick_msgs.egg-info/dependency_links.txt
[9.246s] writing top-level names to my_joystick_msgs.egg-info/top_level.txt
[9.383s] reading manifest file 'my_joystick_msgs.egg-info/SOURCES.txt'
[9.386s] writing manifest file 'my_joystick_msgs.egg-info/SOURCES.txt'
[9.496s] [  5%] Built target ament_cmake_python_build_my_joystick_msgs_egg
[9.531s] [  8%] Generating C code for ROS interfaces
[10.575s] [ 11%] Building C object CMakeFiles/my_joystick_msgs__rosidl_generator_c.dir/rosidl_generator_c/my_joystick_msgs/msg/detail/joystick__description.c.o
[11.091s] [ 14%] Building C object CMakeFiles/my_joystick_msgs__rosidl_generator_c.dir/rosidl_generator_c/my_joystick_msgs/msg/detail/joystick__type_support.c.o
[11.208s] [ 17%] Building C object CMakeFiles/my_joystick_msgs__rosidl_generator_c.dir/rosidl_generator_c/my_joystick_msgs/msg/detail/joystick__functions.c.o
[11.481s] [ 20%] Linking C shared library libmy_joystick_msgs__rosidl_generator_c.so
[11.724s] [ 20%] Built target my_joystick_msgs__rosidl_generator_c
[11.748s] [ 23%] Generating C type support for eProsima Fast-RTPS
[12.555s] [ 26%] Building CXX object CMakeFiles/my_joystick_msgs__rosidl_typesupport_fastrtps_c.dir/rosidl_typesupport_fastrtps_c/my_joystick_msgs/msg/detail/joystick__type_support_c.cpp.o
[14.771s] [ 29%] Linking CXX shared library libmy_joystick_msgs__rosidl_typesupport_fastrtps_c.so
[15.001s] [ 29%] Built target my_joystick_msgs__rosidl_typesupport_fastrtps_c
[15.032s] [ 32%] Generating C++ type support for eProsima Fast-RTPS
[15.916s] [ 35%] Building CXX object CMakeFiles/my_joystick_msgs__rosidl_typesupport_fastrtps_cpp.dir/rosidl_typesupport_fastrtps_cpp/my_joystick_msgs/msg/detail/dds_fastrtps/joystick__type_support.cpp.o
[17.402s] [ 38%] Linking CXX shared library libmy_joystick_msgs__rosidl_typesupport_fastrtps_cpp.so
[17.581s] [ 38%] Built target my_joystick_msgs__rosidl_typesupport_fastrtps_cpp
[17.605s] [ 41%] Generating C++ introspection for ROS interfaces
[18.468s] [ 44%] Building CXX object CMakeFiles/my_joystick_msgs__rosidl_typesupport_introspection_cpp.dir/rosidl_typesupport_introspection_cpp/my_joystick_msgs/msg/detail/joystick__type_support.cpp.o
[19.297s] [ 47%] Linking CXX shared library libmy_joystick_msgs__rosidl_typesupport_introspection_cpp.so
[19.434s] [ 47%] Built target my_joystick_msgs__rosidl_typesupport_introspection_cpp
[19.484s] [ 50%] Generating C++ type support dispatch for ROS interfaces
[20.112s] [ 52%] Building CXX object CMakeFiles/my_joystick_msgs__rosidl_typesupport_cpp.dir/rosidl_typesupport_cpp/my_joystick_msgs/msg/joystick__type_support.cpp.o
[20.863s] [ 55%] Linking CXX shared library libmy_joystick_msgs__rosidl_typesupport_cpp.so
[21.070s] [ 55%] Built target my_joystick_msgs__rosidl_typesupport_cpp
[21.108s] [ 58%] Generating C type support dispatch for ROS interfaces
[21.735s] [ 61%] Building CXX object CMakeFiles/my_joystick_msgs__rosidl_typesupport_c.dir/rosidl_typesupport_c/my_joystick_msgs/msg/joystick__type_support.cpp.o
[21.875s] [ 64%] Linking CXX shared library libmy_joystick_msgs__rosidl_typesupport_c.so
[22.026s] [ 64%] Built target my_joystick_msgs__rosidl_typesupport_c
[22.094s] [ 67%] Generating C introspection for ROS interfaces
[22.700s] [ 70%] Building C object CMakeFiles/my_joystick_msgs__rosidl_typesupport_introspection_c.dir/rosidl_typesupport_introspection_c/my_joystick_msgs/msg/detail/joystick__type_support.c.o
[22.826s] [ 73%] Linking C shared library libmy_joystick_msgs__rosidl_typesupport_introspection_c.so
[22.903s] [ 73%] Built target my_joystick_msgs__rosidl_typesupport_introspection_c
[22.987s] [ 73%] Built target my_joystick_msgs
[23.071s] [ 76%] Generating Python code for ROS interfaces
[24.423s] [ 76%] Built target my_joystick_msgs__py
[24.534s] [ 79%] Building C object CMakeFiles/my_joystick_msgs__rosidl_generator_py.dir/rosidl_generator_py/my_joystick_msgs/msg/_joystick_s.c.o
[25.314s] [ 82%] Linking C shared library libmy_joystick_msgs__rosidl_generator_py.so
[25.510s] [ 82%] Built target my_joystick_msgs__rosidl_generator_py
[25.630s] [ 85%] Building C object CMakeFiles/my_joystick_msgs_s__rosidl_typesupport_fastrtps_c.dir/rosidl_generator_py/my_joystick_msgs/_my_joystick_msgs_s.ep.rosidl_typesupport_fastrtps_c.c.o
[25.970s] [ 88%] Linking C shared module rosidl_generator_py/my_joystick_msgs/my_joystick_msgs_s__rosidl_typesupport_fastrtps_c.so
[26.129s] [ 88%] Built target my_joystick_msgs_s__rosidl_typesupport_fastrtps_c
[26.212s] [ 91%] Building C object CMakeFiles/my_joystick_msgs_s__rosidl_typesupport_c.dir/rosidl_generator_py/my_joystick_msgs/_my_joystick_msgs_s.ep.rosidl_typesupport_c.c.o
[26.532s] [ 94%] Linking C shared module rosidl_generator_py/my_joystick_msgs/my_joystick_msgs_s__rosidl_typesupport_c.so
[26.661s] [ 94%] Built target my_joystick_msgs_s__rosidl_typesupport_c
[26.759s] [ 97%] Building C object CMakeFiles/my_joystick_msgs_s__rosidl_typesupport_introspection_c.dir/rosidl_generator_py/my_joystick_msgs/_my_joystick_msgs_s.ep.rosidl_typesupport_introspection_c.c.o
[27.098s] [100%] Linking C shared module rosidl_generator_py/my_joystick_msgs/my_joystick_msgs_s__rosidl_typesupport_introspection_c.so
[27.243s] [100%] Built target my_joystick_msgs_s__rosidl_typesupport_introspection_c
[27.280s] Invoked command in '/home/robotics/temp/new_ws/build/my_joystick_msgs' returned '0': CMAKE_PREFIX_PATH=${CMAKE_PREFIX_PATH}:/home/robotics/temp/new_ws/install/my_joystick_driver:/opt/ros/jazzy DEBUGINFOD_URLS=https://debuginfod.ubuntu.com /usr/bin/cmake --build /home/robotics/temp/new_ws/build/my_joystick_msgs -- -j4 -l4
[27.329s] Invoking command in '/home/robotics/temp/new_ws/build/my_joystick_msgs': CMAKE_PREFIX_PATH=${CMAKE_PREFIX_PATH}:/home/robotics/temp/new_ws/install/my_joystick_driver:/opt/ros/jazzy DEBUGINFOD_URLS=https://debuginfod.ubuntu.com /usr/bin/cmake --install /home/robotics/temp/new_ws/build/my_joystick_msgs
[27.356s] -- Install configuration: ""
[27.359s] -- Up-to-date: /home/robotics/temp/new_ws/install/my_joystick_msgs/share/ament_index/resource_index/rosidl_interfaces/my_joystick_msgs
[27.359s] -- Installing: /home/robotics/temp/new_ws/install/my_joystick_msgs/share/my_joystick_msgs/msg/Joystick.json
[27.360s] -- Up-to-date: /home/robotics/temp/new_ws/install/my_joystick_msgs/include/my_joystick_msgs/my_joystick_msgs
[27.362s] -- Up-to-date: /home/robotics/temp/new_ws/install/my_joystick_msgs/include/my_joystick_msgs/my_joystick_msgs/msg
[27.365s] -- Up-to-date: /home/robotics/temp/new_ws/install/my_joystick_msgs/include/my_joystick_msgs/my_joystick_msgs/msg/rosidl_generator_c__visibility_control.h
[27.366s] -- Installing: /home/robotics/temp/new_ws/install/my_joystick_msgs/include/my_joystick_msgs/my_joystick_msgs/msg/joystick.h
[27.366s] -- Up-to-date: /home/robotics/temp/new_ws/install/my_joystick_msgs/include/my_joystick_msgs/my_joystick_msgs/msg/detail
[27.367s] -- Installing: /home/robotics/temp/new_ws/install/my_joystick_msgs/include/my_joystick_msgs/my_joystick_msgs/msg/detail/joystick__description.c
[27.367s] -- Installing: /home/robotics/temp/new_ws/install/my_joystick_msgs/include/my_joystick_msgs/my_joystick_msgs/msg/detail/joystick__struct.h
[27.370s] -- Installing: /home/robotics/temp/new_ws/install/my_joystick_msgs/include/my_joystick_msgs/my_joystick_msgs/msg/detail/joystick__type_support.h
[27.370s] -- Installing: /home/robotics/temp/new_ws/install/my_joystick_msgs/include/my_joystick_msgs/my_joystick_msgs/msg/detail/joystick__functions.c
[27.373s] -- Installing: /home/robotics/temp/new_ws/install/my_joystick_msgs/include/my_joystick_msgs/my_joystick_msgs/msg/detail/joystick__functions.h
[27.374s] -- Installing: /home/robotics/temp/new_ws/install/my_joystick_msgs/include/my_joystick_msgs/my_joystick_msgs/msg/detail/joystick__type_support.c
[27.379s] -- Up-to-date: /home/robotics/temp/new_ws/install/my_joystick_msgs/share/my_joystick_msgs/environment/library_path.sh
[27.380s] -- Up-to-date: /home/robotics/temp/new_ws/install/my_joystick_msgs/share/my_joystick_msgs/environment/library_path.dsv
[27.385s] -- Installing: /home/robotics/temp/new_ws/install/my_joystick_msgs/lib/libmy_joystick_msgs__rosidl_generator_c.so
[27.389s] -- Set non-toolchain portion of runtime path of "/home/robotics/temp/new_ws/install/my_joystick_msgs/lib/libmy_joystick_msgs__rosidl_generator_c.so" to ""
[27.389s] -- Up-to-date: /home/robotics/temp/new_ws/install/my_joystick_msgs/include/my_joystick_msgs/my_joystick_msgs
[27.390s] -- Up-to-date: /home/robotics/temp/new_ws/install/my_joystick_msgs/include/my_joystick_msgs/my_joystick_msgs/msg
[27.390s] -- Up-to-date: /home/robotics/temp/new_ws/install/my_joystick_msgs/include/my_joystick_msgs/my_joystick_msgs/msg/rosidl_typesupport_fastrtps_c__visibility_control.h
[27.390s] -- Up-to-date: /home/robotics/temp/new_ws/install/my_joystick_msgs/include/my_joystick_msgs/my_joystick_msgs/msg/detail
[27.390s] -- Installing: /home/robotics/temp/new_ws/install/my_joystick_msgs/include/my_joystick_msgs/my_joystick_msgs/msg/detail/joystick__rosidl_typesupport_fastrtps_c.h
[27.396s] -- Installing: /home/robotics/temp/new_ws/install/my_joystick_msgs/lib/libmy_joystick_msgs__rosidl_typesupport_fastrtps_c.so
[27.396s] -- Set non-toolchain portion of runtime path of "/home/robotics/temp/new_ws/install/my_joystick_msgs/lib/libmy_joystick_msgs__rosidl_typesupport_fastrtps_c.so" to ""
[27.396s] -- Up-to-date: /home/robotics/temp/new_ws/install/my_joystick_msgs/include/my_joystick_msgs/my_joystick_msgs
[27.396s] -- Up-to-date: /home/robotics/temp/new_ws/install/my_joystick_msgs/include/my_joystick_msgs/my_joystick_msgs/msg
[27.397s] -- Up-to-date: /home/robotics/temp/new_ws/install/my_joystick_msgs/include/my_joystick_msgs/my_joystick_msgs/msg/rosidl_typesupport_introspection_c__visibility_control.h
[27.397s] -- Up-to-date: /home/robotics/temp/new_ws/install/my_joystick_msgs/include/my_joystick_msgs/my_joystick_msgs/msg/detail
[27.397s] -- Installing: /home/robotics/temp/new_ws/install/my_joystick_msgs/include/my_joystick_msgs/my_joystick_msgs/msg/detail/joystick__rosidl_typesupport_introspection_c.h
[27.397s] -- Installing: /home/robotics/temp/new_ws/install/my_joystick_msgs/include/my_joystick_msgs/my_joystick_msgs/msg/detail/joystick__type_support.c
[27.399s] -- Installing: /home/robotics/temp/new_ws/install/my_joystick_msgs/lib/libmy_joystick_msgs__rosidl_typesupport_introspection_c.so
[27.400s] -- Set non-toolchain portion of runtime path of "/home/robotics/temp/new_ws/install/my_joystick_msgs/lib/libmy_joystick_msgs__rosidl_typesupport_introspection_c.so" to ""
[27.404s] -- Installing: /home/robotics/temp/new_ws/install/my_joystick_msgs/lib/libmy_joystick_msgs__rosidl_typesupport_c.so
[27.409s] -- Set non-toolchain portion of runtime path of "/home/robotics/temp/new_ws/install/my_joystick_msgs/lib/libmy_joystick_msgs__rosidl_typesupport_c.so" to ""
[27.410s] -- Up-to-date: /home/robotics/temp/new_ws/install/my_joystick_msgs/include/my_joystick_msgs/my_joystick_msgs
[27.410s] -- Up-to-date: /home/robotics/temp/new_ws/install/my_joystick_msgs/include/my_joystick_msgs/my_joystick_msgs/msg
[27.410s] -- Installing: /home/robotics/temp/new_ws/install/my_joystick_msgs/include/my_joystick_msgs/my_joystick_msgs/msg/rosidl_generator_cpp__visibility_control.hpp
[27.410s] -- Installing: /home/robotics/temp/new_ws/install/my_joystick_msgs/include/my_joystick_msgs/my_joystick_msgs/msg/joystick.hpp
[27.410s] -- Up-to-date: /home/robotics/temp/new_ws/install/my_joystick_msgs/include/my_joystick_msgs/my_joystick_msgs/msg/detail
[27.410s] -- Installing: /home/robotics/temp/new_ws/install/my_joystick_msgs/include/my_joystick_msgs/my_joystick_msgs/msg/detail/joystick__type_support.hpp
[27.410s] -- Installing: /home/robotics/temp/new_ws/install/my_joystick_msgs/include/my_joystick_msgs/my_joystick_msgs/msg/detail/joystick__struct.hpp
[27.410s] -- Installing: /home/robotics/temp/new_ws/install/my_joystick_msgs/include/my_joystick_msgs/my_joystick_msgs/msg/detail/joystick__builder.hpp
[27.410s] -- Installing: /home/robotics/temp/new_ws/install/my_joystick_msgs/include/my_joystick_msgs/my_joystick_msgs/msg/detail/joystick__traits.hpp
[27.415s] -- Up-to-date: /home/robotics/temp/new_ws/install/my_joystick_msgs/include/my_joystick_msgs/my_joystick_msgs
[27.415s] -- Up-to-date: /home/robotics/temp/new_ws/install/my_joystick_msgs/include/my_joystick_msgs/my_joystick_msgs/msg
[27.415s] -- Up-to-date: /home/robotics/temp/new_ws/install/my_joystick_msgs/include/my_joystick_msgs/my_joystick_msgs/msg/rosidl_typesupport_fastrtps_cpp__visibility_control.h
[27.415s] -- Up-to-date: /home/robotics/temp/new_ws/install/my_joystick_msgs/include/my_joystick_msgs/my_joystick_msgs/msg/detail
[27.415s] -- Installing: /home/robotics/temp/new_ws/install/my_joystick_msgs/include/my_joystick_msgs/my_joystick_msgs/msg/detail/joystick__rosidl_typesupport_fastrtps_cpp.hpp
[27.416s] -- Up-to-date: /home/robotics/temp/new_ws/install/my_joystick_msgs/include/my_joystick_msgs/my_joystick_msgs/msg/detail/dds_fastrtps
[27.421s] -- Installing: /home/robotics/temp/new_ws/install/my_joystick_msgs/lib/libmy_joystick_msgs__rosidl_typesupport_fastrtps_cpp.so
[27.421s] -- Set non-toolchain portion of runtime path of "/home/robotics/temp/new_ws/install/my_joystick_msgs/lib/libmy_joystick_msgs__rosidl_typesupport_fastrtps_cpp.so" to ""
[27.422s] -- Up-to-date: /home/robotics/temp/new_ws/install/my_joystick_msgs/include/my_joystick_msgs/my_joystick_msgs
[27.422s] -- Up-to-date: /home/robotics/temp/new_ws/install/my_joystick_msgs/include/my_joystick_msgs/my_joystick_msgs/msg
[27.422s] -- Up-to-date: /home/robotics/temp/new_ws/install/my_joystick_msgs/include/my_joystick_msgs/my_joystick_msgs/msg/detail
[27.422s] -- Installing: /home/robotics/temp/new_ws/install/my_joystick_msgs/include/my_joystick_msgs/my_joystick_msgs/msg/detail/joystick__rosidl_typesupport_introspection_cpp.hpp
[27.422s] -- Installing: /home/robotics/temp/new_ws/install/my_joystick_msgs/include/my_joystick_msgs/my_joystick_msgs/msg/detail/joystick__type_support.cpp
[27.424s] -- Installing: /home/robotics/temp/new_ws/install/my_joystick_msgs/lib/libmy_joystick_msgs__rosidl_typesupport_introspection_cpp.so
[27.425s] -- Set non-toolchain portion of runtime path of "/home/robotics/temp/new_ws/install/my_joystick_msgs/lib/libmy_joystick_msgs__rosidl_typesupport_introspection_cpp.so" to ""
[27.430s] -- Installing: /home/robotics/temp/new_ws/install/my_joystick_msgs/lib/libmy_joystick_msgs__rosidl_typesupport_cpp.so
[27.435s] -- Set non-toolchain portion of runtime path of "/home/robotics/temp/new_ws/install/my_joystick_msgs/lib/libmy_joystick_msgs__rosidl_typesupport_cpp.so" to ""
[27.435s] -- Up-to-date: /home/robotics/temp/new_ws/install/my_joystick_msgs/share/my_joystick_msgs/environment/pythonpath.sh
[27.438s] -- Up-to-date: /home/robotics/temp/new_ws/install/my_joystick_msgs/share/my_joystick_msgs/environment/pythonpath.dsv
[27.438s] -- Up-to-date: /home/robotics/temp/new_ws/install/my_joystick_msgs/lib/python3.12/site-packages/my_joystick_msgs-0.0.0-py3.12.egg-info
[27.440s] -- Installing: /home/robotics/temp/new_ws/install/my_joystick_msgs/lib/python3.12/site-packages/my_joystick_msgs-0.0.0-py3.12.egg-info/dependency_links.txt
[27.440s] -- Installing: /home/robotics/temp/new_ws/install/my_joystick_msgs/lib/python3.12/site-packages/my_joystick_msgs-0.0.0-py3.12.egg-info/top_level.txt
[27.441s] -- Installing: /home/robotics/temp/new_ws/install/my_joystick_msgs/lib/python3.12/site-packages/my_joystick_msgs-0.0.0-py3.12.egg-info/SOURCES.txt
[27.441s] -- Installing: /home/robotics/temp/new_ws/install/my_joystick_msgs/lib/python3.12/site-packages/my_joystick_msgs-0.0.0-py3.12.egg-info/PKG-INFO
[27.441s] -- Up-to-date: /home/robotics/temp/new_ws/install/my_joystick_msgs/lib/python3.12/site-packages/my_joystick_msgs
[27.442s] -- Installing: /home/robotics/temp/new_ws/install/my_joystick_msgs/lib/python3.12/site-packages/my_joystick_msgs/_my_joystick_msgs_s.ep.rosidl_typesupport_c.c
[27.443s] -- Installing: /home/robotics/temp/new_ws/install/my_joystick_msgs/lib/python3.12/site-packages/my_joystick_msgs/_my_joystick_msgs_s.ep.rosidl_typesupport_fastrtps_c.c
[27.443s] -- Up-to-date: /home/robotics/temp/new_ws/install/my_joystick_msgs/lib/python3.12/site-packages/my_joystick_msgs/msg
[27.444s] -- Installing: /home/robotics/temp/new_ws/install/my_joystick_msgs/lib/python3.12/site-packages/my_joystick_msgs/msg/__init__.py
[27.444s] -- Installing: /home/robotics/temp/new_ws/install/my_joystick_msgs/lib/python3.12/site-packages/my_joystick_msgs/msg/_joystick.py
[27.449s] -- Installing: /home/robotics/temp/new_ws/install/my_joystick_msgs/lib/python3.12/site-packages/my_joystick_msgs/msg/_joystick_s.c
[27.449s] -- Installing: /home/robotics/temp/new_ws/install/my_joystick_msgs/lib/python3.12/site-packages/my_joystick_msgs/my_joystick_msgs_s__rosidl_typesupport_c.so
[27.449s] -- Installing: /home/robotics/temp/new_ws/install/my_joystick_msgs/lib/python3.12/site-packages/my_joystick_msgs/__init__.py
[27.450s] -- Installing: /home/robotics/temp/new_ws/install/my_joystick_msgs/lib/python3.12/site-packages/my_joystick_msgs/_my_joystick_msgs_s.ep.rosidl_typesupport_introspection_c.c
[27.450s] -- Installing: /home/robotics/temp/new_ws/install/my_joystick_msgs/lib/python3.12/site-packages/my_joystick_msgs/my_joystick_msgs_s__rosidl_typesupport_fastrtps_c.so
[27.450s] -- Installing: /home/robotics/temp/new_ws/install/my_joystick_msgs/lib/python3.12/site-packages/my_joystick_msgs/my_joystick_msgs_s__rosidl_typesupport_introspection_c.so
[27.593s] Listing '/home/robotics/temp/new_ws/install/my_joystick_msgs/lib/python3.12/site-packages/my_joystick_msgs'...
[27.593s] Compiling '/home/robotics/temp/new_ws/install/my_joystick_msgs/lib/python3.12/site-packages/my_joystick_msgs/__init__.py'...
[27.593s] Listing '/home/robotics/temp/new_ws/install/my_joystick_msgs/lib/python3.12/site-packages/my_joystick_msgs/msg'...
[27.593s] Compiling '/home/robotics/temp/new_ws/install/my_joystick_msgs/lib/python3.12/site-packages/my_joystick_msgs/msg/__init__.py'...
[27.593s] Compiling '/home/robotics/temp/new_ws/install/my_joystick_msgs/lib/python3.12/site-packages/my_joystick_msgs/msg/_joystick.py'...
[27.627s] -- Installing: /home/robotics/temp/new_ws/install/my_joystick_msgs/lib/python3.12/site-packages/my_joystick_msgs/my_joystick_msgs_s__rosidl_typesupport_fastrtps_c.so
[27.628s] -- Set non-toolchain portion of runtime path of "/home/robotics/temp/new_ws/install/my_joystick_msgs/lib/python3.12/site-packages/my_joystick_msgs/my_joystick_msgs_s__rosidl_typesupport_fastrtps_c.so" to ""
[27.657s] -- Installing: /home/robotics/temp/new_ws/install/my_joystick_msgs/lib/python3.12/site-packages/my_joystick_msgs/my_joystick_msgs_s__rosidl_typesupport_introspection_c.so
[27.657s] -- Set non-toolchain portion of runtime path of "/home/robotics/temp/new_ws/install/my_joystick_msgs/lib/python3.12/site-packages/my_joystick_msgs/my_joystick_msgs_s__rosidl_typesupport_introspection_c.so" to ""
[27.667s] -- Installing: /home/robotics/temp/new_ws/install/my_joystick_msgs/lib/python3.12/site-packages/my_joystick_msgs/my_joystick_msgs_s__rosidl_typesupport_c.so
[27.667s] -- Set non-toolchain portion of runtime path of "/home/robotics/temp/new_ws/install/my_joystick_msgs/lib/python3.12/site-packages/my_joystick_msgs/my_joystick_msgs_s__rosidl_typesupport_c.so" to ""
[27.678s] -- Installing: /home/robotics/temp/new_ws/install/my_joystick_msgs/lib/libmy_joystick_msgs__rosidl_generator_py.so
[27.680s] -- Set non-toolchain portion of runtime path of "/home/robotics/temp/new_ws/install/my_joystick_msgs/lib/libmy_joystick_msgs__rosidl_generator_py.so" to ""
[27.683s] -- Installing: /home/robotics/temp/new_ws/install/my_joystick_msgs/share/my_joystick_msgs/msg/Joystick.idl
[27.683s] -- Installing: /home/robotics/temp/new_ws/install/my_joystick_msgs/share/my_joystick_msgs/msg/Joystick.msg
[27.693s] -- Up-to-date: /home/robotics/temp/new_ws/install/my_joystick_msgs/share/ament_index/resource_index/package_run_dependencies/my_joystick_msgs
[27.744s] -- Up-to-date: /home/robotics/temp/new_ws/install/my_joystick_msgs/share/ament_index/resource_index/parent_prefix_path/my_joystick_msgs
[27.745s] -- Up-to-date: /home/robotics/temp/new_ws/install/my_joystick_msgs/share/my_joystick_msgs/environment/ament_prefix_path.sh
[27.745s] -- Up-to-date: /home/robotics/temp/new_ws/install/my_joystick_msgs/share/my_joystick_msgs/environment/ament_prefix_path.dsv
[27.745s] -- Up-to-date: /home/robotics/temp/new_ws/install/my_joystick_msgs/share/my_joystick_msgs/environment/path.sh
[27.745s] -- Up-to-date: /home/robotics/temp/new_ws/install/my_joystick_msgs/share/my_joystick_msgs/environment/path.dsv
[27.748s] -- Up-to-date: /home/robotics/temp/new_ws/install/my_joystick_msgs/share/my_joystick_msgs/local_setup.bash
[27.748s] -- Up-to-date: /home/robotics/temp/new_ws/install/my_joystick_msgs/share/my_joystick_msgs/local_setup.sh
[27.748s] -- Up-to-date: /home/robotics/temp/new_ws/install/my_joystick_msgs/share/my_joystick_msgs/local_setup.zsh
[27.748s] -- Up-to-date: /home/robotics/temp/new_ws/install/my_joystick_msgs/share/my_joystick_msgs/local_setup.dsv
[27.748s] -- Installing: /home/robotics/temp/new_ws/install/my_joystick_msgs/share/my_joystick_msgs/package.dsv
[27.748s] -- Up-to-date: /home/robotics/temp/new_ws/install/my_joystick_msgs/share/ament_index/resource_index/packages/my_joystick_msgs
[27.799s] -- Up-to-date: /home/robotics/temp/new_ws/install/my_joystick_msgs/share/my_joystick_msgs/cmake/export_my_joystick_msgs__rosidl_generator_cExport.cmake
[27.800s] -- Up-to-date: /home/robotics/temp/new_ws/install/my_joystick_msgs/share/my_joystick_msgs/cmake/export_my_joystick_msgs__rosidl_generator_cExport-noconfig.cmake
[27.826s] -- Up-to-date: /home/robotics/temp/new_ws/install/my_joystick_msgs/share/my_joystick_msgs/cmake/export_my_joystick_msgs__rosidl_typesupport_fastrtps_cExport.cmake
[27.826s] -- Up-to-date: /home/robotics/temp/new_ws/install/my_joystick_msgs/share/my_joystick_msgs/cmake/export_my_joystick_msgs__rosidl_typesupport_fastrtps_cExport-noconfig.cmake
[27.846s] -- Up-to-date: /home/robotics/temp/new_ws/install/my_joystick_msgs/share/my_joystick_msgs/cmake/my_joystick_msgs__rosidl_typesupport_introspection_cExport.cmake
[27.846s] -- Up-to-date: /home/robotics/temp/new_ws/install/my_joystick_msgs/share/my_joystick_msgs/cmake/my_joystick_msgs__rosidl_typesupport_introspection_cExport-noconfig.cmake
[27.871s] -- Up-to-date: /home/robotics/temp/new_ws/install/my_joystick_msgs/share/my_joystick_msgs/cmake/my_joystick_msgs__rosidl_typesupport_cExport.cmake
[27.872s] -- Up-to-date: /home/robotics/temp/new_ws/install/my_joystick_msgs/share/my_joystick_msgs/cmake/my_joystick_msgs__rosidl_typesupport_cExport-noconfig.cmake
[27.898s] -- Up-to-date: /home/robotics/temp/new_ws/install/my_joystick_msgs/share/my_joystick_msgs/cmake/export_my_joystick_msgs__rosidl_generator_cppExport.cmake
[27.921s] -- Up-to-date: /home/robotics/temp/new_ws/install/my_joystick_msgs/share/my_joystick_msgs/cmake/export_my_joystick_msgs__rosidl_typesupport_fastrtps_cppExport.cmake
[27.921s] -- Up-to-date: /home/robotics/temp/new_ws/install/my_joystick_msgs/share/my_joystick_msgs/cmake/export_my_joystick_msgs__rosidl_typesupport_fastrtps_cppExport-noconfig.cmake
[27.946s] -- Up-to-date: /home/robotics/temp/new_ws/install/my_joystick_msgs/share/my_joystick_msgs/cmake/my_joystick_msgs__rosidl_typesupport_introspection_cppExport.cmake
[27.946s] -- Up-to-date: /home/robotics/temp/new_ws/install/my_joystick_msgs/share/my_joystick_msgs/cmake/my_joystick_msgs__rosidl_typesupport_introspection_cppExport-noconfig.cmake
[27.973s] -- Up-to-date: /home/robotics/temp/new_ws/install/my_joystick_msgs/share/my_joystick_msgs/cmake/my_joystick_msgs__rosidl_typesupport_cppExport.cmake
[27.974s] -- Up-to-date: /home/robotics/temp/new_ws/install/my_joystick_msgs/share/my_joystick_msgs/cmake/my_joystick_msgs__rosidl_typesupport_cppExport-noconfig.cmake
[28.001s] -- Up-to-date: /home/robotics/temp/new_ws/install/my_joystick_msgs/share/my_joystick_msgs/cmake/export_my_joystick_msgs__rosidl_generator_pyExport.cmake
[28.002s] -- Up-to-date: /home/robotics/temp/new_ws/install/my_joystick_msgs/share/my_joystick_msgs/cmake/export_my_joystick_msgs__rosidl_generator_pyExport-noconfig.cmake
[28.002s] -- Up-to-date: /home/robotics/temp/new_ws/install/my_joystick_msgs/share/my_joystick_msgs/cmake/rosidl_cmake-extras.cmake
[28.002s] -- Up-to-date: /home/robotics/temp/new_ws/install/my_joystick_msgs/share/my_joystick_msgs/cmake/ament_cmake_export_include_directories-extras.cmake
[28.002s] -- Up-to-date: /home/robotics/temp/new_ws/install/my_joystick_msgs/share/my_joystick_msgs/cmake/ament_cmake_export_libraries-extras.cmake
[28.002s] -- Up-to-date: /home/robotics/temp/new_ws/install/my_joystick_msgs/share/my_joystick_msgs/cmake/ament_cmake_export_targets-extras.cmake
[28.002s] -- Up-to-date: /home/robotics/temp/new_ws/install/my_joystick_msgs/share/my_joystick_msgs/cmake/rosidl_cmake_export_typesupport_targets-extras.cmake
[28.003s] -- Up-to-date: /home/robotics/temp/new_ws/install/my_joystick_msgs/share/my_joystick_msgs/cmake/ament_cmake_export_dependencies-extras.cmake
[28.003s] -- Up-to-date: /home/robotics/temp/new_ws/install/my_joystick_msgs/share/my_joystick_msgs/cmake/rosidl_cmake_export_typesupport_libraries-extras.cmake
[28.003s] -- Up-to-date: /home/robotics/temp/new_ws/install/my_joystick_msgs/share/my_joystick_msgs/cmake/my_joystick_msgsConfig.cmake
[28.003s] -- Up-to-date: /home/robotics/temp/new_ws/install/my_joystick_msgs/share/my_joystick_msgs/cmake/my_joystick_msgsConfig-version.cmake
[28.003s] -- Up-to-date: /home/robotics/temp/new_ws/install/my_joystick_msgs/share/my_joystick_msgs/package.xml
[28.010s] Invoked command in '/home/robotics/temp/new_ws/build/my_joystick_msgs' returned '0': CMAKE_PREFIX_PATH=${CMAKE_PREFIX_PATH}:/home/robotics/temp/new_ws/install/my_joystick_driver:/opt/ros/jazzy DEBUGINFOD_URLS=https://debuginfod.ubuntu.com /usr/bin/cmake --install /home/robotics/temp/new_ws/build/my_joystick_msgs
