[0.069s] Invoking command in '/home/robotics/temp/new_ws/build/my_joystick_msgs': CMAKE_PREFIX_PATH=${CMAKE_PREFIX_PATH}:/opt/ros/jazzy DEBUGINFOD_URLS=https://debuginfod.ubuntu.com /usr/bin/cmake /home/robotics/temp/new_ws/src/my_joystick_msgs -DCMAKE_INSTALL_PREFIX=/home/robotics/temp/new_ws/install/my_joystick_msgs
[1.196s] -- The C compiler identification is GNU 13.3.0
[1.919s] -- The CXX compiler identification is GNU 13.3.0
[2.017s] -- Detecting C compiler ABI info
[2.421s] -- Detecting C compiler ABI info - done
[2.451s] -- Check for working C compiler: /usr/bin/cc - skipped
[2.454s] -- Detecting C compile features
[2.457s] -- Detecting C compile features - done
[2.503s] -- Detecting CXX compiler ABI info
[2.874s] -- Detecting CXX compiler ABI info - done
[2.899s] -- Check for working CXX compiler: /usr/bin/c++ - skipped
[2.899s] -- Detecting CXX compile features
[2.899s] -- Detecting CXX compile features - done
[2.955s] -- Found ament_cmake: 2.5.4 (/opt/ros/jazzy/share/ament_cmake/cmake)
[3.411s] -- Found Python3: /usr/bin/python3 (found version "3.12.3") found components: Interpreter 
[4.108s] -- Found rosidl_default_generators: 1.6.0 (/opt/ros/jazzy/share/rosidl_default_generators/cmake)
[4.143s] -- Using all available rosidl_typesupport_c: rosidl_typesupport_fastrtps_c;rosidl_typesupport_introspection_c
[4.478s] -- Using all available rosidl_typesupport_cpp: rosidl_typesupport_fastrtps_cpp;rosidl_typesupport_introspection_cpp
[4.676s] -- Found rosidl_adapter: 4.6.6 (/opt/ros/jazzy/share/rosidl_adapter/cmake)
[6.374s] -- Found ament_cmake_ros: 0.12.0 (/opt/ros/jazzy/share/ament_cmake_ros/cmake)
[7.511s] -- Using all available rosidl_typesupport_c: rosidl_typesupport_fastrtps_c;rosidl_typesupport_introspection_c
[9.258s] -- Using all available rosidl_typesupport_cpp: rosidl_typesupport_fastrtps_cpp;rosidl_typesupport_introspection_cpp
[9.270s] -- Found python_cmake_module: 0.11.1 (/opt/ros/jazzy/share/python_cmake_module/cmake)
[9.771s] -- Found PythonExtra: /usr/bin/python3  
[11.580s] -- Found Python3: /usr/bin/python3 (found version "3.12.3") found components: Interpreter Development NumPy Development.Module Development.Embed 
[11.698s] -- Found ament_lint_auto: 0.17.3 (/opt/ros/jazzy/share/ament_lint_auto/cmake)
[11.818s] -- Added test 'lint_cmake' to check CMake code style
[11.824s] -- Added test 'xmllint' to check XML markup files
[11.847s] -- Configuring done (11.6s)
[11.985s] -- Generating done (0.1s)
[12.022s] -- Build files have been written to: /home/robotics/temp/new_ws/build/my_joystick_msgs
[12.055s] Invoked command in '/home/robotics/temp/new_ws/build/my_joystick_msgs' returned '0': CMAKE_PREFIX_PATH=${CMAKE_PREFIX_PATH}:/opt/ros/jazzy DEBUGINFOD_URLS=https://debuginfod.ubuntu.com /usr/bin/cmake /home/robotics/temp/new_ws/src/my_joystick_msgs -DCMAKE_INSTALL_PREFIX=/home/robotics/temp/new_ws/install/my_joystick_msgs
[12.056s] Invoking command in '/home/robotics/temp/new_ws/build/my_joystick_msgs': CMAKE_PREFIX_PATH=${CMAKE_PREFIX_PATH}:/opt/ros/jazzy DEBUGINFOD_URLS=https://debuginfod.ubuntu.com /usr/bin/cmake --build /home/robotics/temp/new_ws/build/my_joystick_msgs -- -j4 -l4
[12.268s] [  2%] Generating type hashes for ROS interfaces
[13.021s] [  2%] Built target my_joystick_msgs__rosidl_generator_type_description
[13.118s] [  2%] Built target ament_cmake_python_copy_my_joystick_msgs
[13.144s] [  5%] Generating C code for ROS interfaces
[14.163s] [  8%] Building C object CMakeFiles/my_joystick_msgs__rosidl_generator_c.dir/rosidl_generator_c/my_joystick_msgs/msg/detail/joystick__description.c.o
[14.397s] [ 11%] Building C object CMakeFiles/my_joystick_msgs__rosidl_generator_c.dir/rosidl_generator_c/my_joystick_msgs/msg/detail/joystick__functions.c.o
[14.585s] [ 14%] Building C object CMakeFiles/my_joystick_msgs__rosidl_generator_c.dir/rosidl_generator_c/my_joystick_msgs/msg/detail/joystick__type_support.c.o
[14.704s] [ 17%] Linking C shared library libmy_joystick_msgs__rosidl_generator_c.so
[14.812s] [ 17%] Built target my_joystick_msgs__rosidl_generator_c
[15.666s] running egg_info
[15.667s] creating my_joystick_msgs.egg-info
[15.722s] writing my_joystick_msgs.egg-info/PKG-INFO
[15.722s] writing dependency_links to my_joystick_msgs.egg-info/dependency_links.txt
[15.722s] writing top-level names to my_joystick_msgs.egg-info/top_level.txt
[15.722s] writing manifest file 'my_joystick_msgs.egg-info/SOURCES.txt'
[15.928s] reading manifest file 'my_joystick_msgs.egg-info/SOURCES.txt'
[15.933s] writing manifest file 'my_joystick_msgs.egg-info/SOURCES.txt'
[16.071s] [ 17%] Built target ament_cmake_python_build_my_joystick_msgs_egg
[16.119s] [ 20%] Generating C introspection for ROS interfaces
[16.870s] [ 23%] Building C object CMakeFiles/my_joystick_msgs__rosidl_typesupport_introspection_c.dir/rosidl_typesupport_introspection_c/my_joystick_msgs/msg/detail/joystick__type_support.c.o
[17.038s] [ 26%] Linking C shared library libmy_joystick_msgs__rosidl_typesupport_introspection_c.so
[17.160s] [ 26%] Built target my_joystick_msgs__rosidl_typesupport_introspection_c
[17.196s] [ 29%] Generating C type support dispatch for ROS interfaces
[17.888s] [ 32%] Building CXX object CMakeFiles/my_joystick_msgs__rosidl_typesupport_c.dir/rosidl_typesupport_c/my_joystick_msgs/msg/joystick__type_support.cpp.o
[18.085s] [ 35%] Linking CXX shared library libmy_joystick_msgs__rosidl_typesupport_c.so
[18.186s] [ 35%] Built target my_joystick_msgs__rosidl_typesupport_c
[18.251s] [ 38%] Generating C type support for eProsima Fast-RTPS
[19.264s] [ 41%] Building CXX object CMakeFiles/my_joystick_msgs__rosidl_typesupport_fastrtps_c.dir/rosidl_typesupport_fastrtps_c/my_joystick_msgs/msg/detail/joystick__type_support_c.cpp.o
[21.017s] [ 44%] Linking CXX shared library libmy_joystick_msgs__rosidl_typesupport_fastrtps_c.so
[21.226s] [ 44%] Built target my_joystick_msgs__rosidl_typesupport_fastrtps_c
[21.297s] [ 47%] Generating C++ code for ROS interfaces
[22.255s] [ 47%] Built target my_joystick_msgs__cpp
[22.294s] [ 50%] Generating C++ type support for eProsima Fast-RTPS
[23.076s] [ 52%] Building CXX object CMakeFiles/my_joystick_msgs__rosidl_typesupport_fastrtps_cpp.dir/rosidl_typesupport_fastrtps_cpp/my_joystick_msgs/msg/detail/dds_fastrtps/joystick__type_support.cpp.o
[24.722s] [ 55%] Linking CXX shared library libmy_joystick_msgs__rosidl_typesupport_fastrtps_cpp.so
[24.900s] [ 55%] Built target my_joystick_msgs__rosidl_typesupport_fastrtps_cpp
[24.956s] [ 58%] Generating C++ type support dispatch for ROS interfaces
[25.658s] [ 61%] Building CXX object CMakeFiles/my_joystick_msgs__rosidl_typesupport_cpp.dir/rosidl_typesupport_cpp/my_joystick_msgs/msg/joystick__type_support.cpp.o
[26.380s] [ 64%] Linking CXX shared library libmy_joystick_msgs__rosidl_typesupport_cpp.so
[26.649s] [ 64%] Built target my_joystick_msgs__rosidl_typesupport_cpp
[26.685s] [ 67%] Generating C++ introspection for ROS interfaces
[27.440s] [ 70%] Building CXX object CMakeFiles/my_joystick_msgs__rosidl_typesupport_introspection_cpp.dir/rosidl_typesupport_introspection_cpp/my_joystick_msgs/msg/detail/joystick__type_support.cpp.o
[28.174s] [ 73%] Linking CXX shared library libmy_joystick_msgs__rosidl_typesupport_introspection_cpp.so
[28.324s] [ 73%] Built target my_joystick_msgs__rosidl_typesupport_introspection_cpp
[28.401s] [ 73%] Built target my_joystick_msgs
[28.487s] [ 76%] Generating Python code for ROS interfaces
[29.757s] [ 76%] Built target my_joystick_msgs__py
[29.801s] [ 79%] Building C object CMakeFiles/my_joystick_msgs__rosidl_generator_py.dir/rosidl_generator_py/my_joystick_msgs/msg/_joystick_s.c.o
[30.507s] [ 82%] Linking C shared library libmy_joystick_msgs__rosidl_generator_py.so
[30.698s] [ 82%] Built target my_joystick_msgs__rosidl_generator_py
[30.769s] [ 85%] Building C object CMakeFiles/my_joystick_msgs_s__rosidl_typesupport_fastrtps_c.dir/rosidl_generator_py/my_joystick_msgs/_my_joystick_msgs_s.ep.rosidl_typesupport_fastrtps_c.c.o
[31.287s] [ 88%] Linking C shared module rosidl_generator_py/my_joystick_msgs/my_joystick_msgs_s__rosidl_typesupport_fastrtps_c.so
[31.438s] [ 88%] Built target my_joystick_msgs_s__rosidl_typesupport_fastrtps_c
[31.542s] [ 91%] Building C object CMakeFiles/my_joystick_msgs_s__rosidl_typesupport_c.dir/rosidl_generator_py/my_joystick_msgs/_my_joystick_msgs_s.ep.rosidl_typesupport_c.c.o
[31.800s] [ 94%] Linking C shared module rosidl_generator_py/my_joystick_msgs/my_joystick_msgs_s__rosidl_typesupport_c.so
[31.922s] [ 94%] Built target my_joystick_msgs_s__rosidl_typesupport_c
[31.972s] [ 97%] Building C object CMakeFiles/my_joystick_msgs_s__rosidl_typesupport_introspection_c.dir/rosidl_generator_py/my_joystick_msgs/_my_joystick_msgs_s.ep.rosidl_typesupport_introspection_c.c.o
[32.283s] [100%] Linking C shared module rosidl_generator_py/my_joystick_msgs/my_joystick_msgs_s__rosidl_typesupport_introspection_c.so
[32.383s] [100%] Built target my_joystick_msgs_s__rosidl_typesupport_introspection_c
[32.426s] Invoked command in '/home/robotics/temp/new_ws/build/my_joystick_msgs' returned '0': CMAKE_PREFIX_PATH=${CMAKE_PREFIX_PATH}:/opt/ros/jazzy DEBUGINFOD_URLS=https://debuginfod.ubuntu.com /usr/bin/cmake --build /home/robotics/temp/new_ws/build/my_joystick_msgs -- -j4 -l4
[32.451s] Invoking command in '/home/robotics/temp/new_ws/build/my_joystick_msgs': CMAKE_PREFIX_PATH=${CMAKE_PREFIX_PATH}:/opt/ros/jazzy DEBUGINFOD_URLS=https://debuginfod.ubuntu.com /usr/bin/cmake --install /home/robotics/temp/new_ws/build/my_joystick_msgs
[32.476s] -- Install configuration: ""
[32.476s] -- Installing: /home/robotics/temp/new_ws/install/my_joystick_msgs/share/ament_index/resource_index/rosidl_interfaces/my_joystick_msgs
[32.477s] -- Installing: /home/robotics/temp/new_ws/install/my_joystick_msgs/share/my_joystick_msgs/msg/Joystick.json
[32.477s] -- Installing: /home/robotics/temp/new_ws/install/my_joystick_msgs/include/my_joystick_msgs/my_joystick_msgs
[32.483s] -- Installing: /home/robotics/temp/new_ws/install/my_joystick_msgs/include/my_joystick_msgs/my_joystick_msgs/msg
[32.483s] -- Installing: /home/robotics/temp/new_ws/install/my_joystick_msgs/include/my_joystick_msgs/my_joystick_msgs/msg/rosidl_generator_c__visibility_control.h
[32.483s] -- Installing: /home/robotics/temp/new_ws/install/my_joystick_msgs/include/my_joystick_msgs/my_joystick_msgs/msg/joystick.h
[32.483s] -- Installing: /home/robotics/temp/new_ws/install/my_joystick_msgs/include/my_joystick_msgs/my_joystick_msgs/msg/detail
[32.489s] -- Installing: /home/robotics/temp/new_ws/install/my_joystick_msgs/include/my_joystick_msgs/my_joystick_msgs/msg/detail/joystick__description.c
[32.491s] -- Installing: /home/robotics/temp/new_ws/install/my_joystick_msgs/include/my_joystick_msgs/my_joystick_msgs/msg/detail/joystick__struct.h
[32.494s] -- Installing: /home/robotics/temp/new_ws/install/my_joystick_msgs/include/my_joystick_msgs/my_joystick_msgs/msg/detail/joystick__type_support.h
[32.498s] -- Installing: /home/robotics/temp/new_ws/install/my_joystick_msgs/include/my_joystick_msgs/my_joystick_msgs/msg/detail/joystick__functions.c
[32.499s] -- Installing: /home/robotics/temp/new_ws/install/my_joystick_msgs/include/my_joystick_msgs/my_joystick_msgs/msg/detail/joystick__functions.h
[32.499s] -- Installing: /home/robotics/temp/new_ws/install/my_joystick_msgs/include/my_joystick_msgs/my_joystick_msgs/msg/detail/joystick__type_support.c
[32.499s] -- Installing: /home/robotics/temp/new_ws/install/my_joystick_msgs/share/my_joystick_msgs/environment/library_path.sh
[32.499s] -- Installing: /home/robotics/temp/new_ws/install/my_joystick_msgs/share/my_joystick_msgs/environment/library_path.dsv
[32.499s] -- Installing: /home/robotics/temp/new_ws/install/my_joystick_msgs/lib/libmy_joystick_msgs__rosidl_generator_c.so
[32.499s] -- Set non-toolchain portion of runtime path of "/home/robotics/temp/new_ws/install/my_joystick_msgs/lib/libmy_joystick_msgs__rosidl_generator_c.so" to ""
[32.499s] -- Up-to-date: /home/robotics/temp/new_ws/install/my_joystick_msgs/include/my_joystick_msgs/my_joystick_msgs
[32.499s] -- Up-to-date: /home/robotics/temp/new_ws/install/my_joystick_msgs/include/my_joystick_msgs/my_joystick_msgs/msg
[32.500s] -- Installing: /home/robotics/temp/new_ws/install/my_joystick_msgs/include/my_joystick_msgs/my_joystick_msgs/msg/rosidl_typesupport_fastrtps_c__visibility_control.h
[32.500s] -- Up-to-date: /home/robotics/temp/new_ws/install/my_joystick_msgs/include/my_joystick_msgs/my_joystick_msgs/msg/detail
[32.500s] -- Installing: /home/robotics/temp/new_ws/install/my_joystick_msgs/include/my_joystick_msgs/my_joystick_msgs/msg/detail/joystick__rosidl_typesupport_fastrtps_c.h
[32.500s] -- Installing: /home/robotics/temp/new_ws/install/my_joystick_msgs/lib/libmy_joystick_msgs__rosidl_typesupport_fastrtps_c.so
[32.500s] -- Set non-toolchain portion of runtime path of "/home/robotics/temp/new_ws/install/my_joystick_msgs/lib/libmy_joystick_msgs__rosidl_typesupport_fastrtps_c.so" to ""
[32.500s] -- Up-to-date: /home/robotics/temp/new_ws/install/my_joystick_msgs/include/my_joystick_msgs/my_joystick_msgs
[32.500s] -- Up-to-date: /home/robotics/temp/new_ws/install/my_joystick_msgs/include/my_joystick_msgs/my_joystick_msgs/msg
[32.500s] -- Installing: /home/robotics/temp/new_ws/install/my_joystick_msgs/include/my_joystick_msgs/my_joystick_msgs/msg/rosidl_typesupport_introspection_c__visibility_control.h
[32.500s] -- Up-to-date: /home/robotics/temp/new_ws/install/my_joystick_msgs/include/my_joystick_msgs/my_joystick_msgs/msg/detail
[32.500s] -- Installing: /home/robotics/temp/new_ws/install/my_joystick_msgs/include/my_joystick_msgs/my_joystick_msgs/msg/detail/joystick__rosidl_typesupport_introspection_c.h
[32.500s] -- Installing: /home/robotics/temp/new_ws/install/my_joystick_msgs/include/my_joystick_msgs/my_joystick_msgs/msg/detail/joystick__type_support.c
[32.513s] -- Installing: /home/robotics/temp/new_ws/install/my_joystick_msgs/lib/libmy_joystick_msgs__rosidl_typesupport_introspection_c.so
[32.513s] -- Set non-toolchain portion of runtime path of "/home/robotics/temp/new_ws/install/my_joystick_msgs/lib/libmy_joystick_msgs__rosidl_typesupport_introspection_c.so" to ""
[32.513s] -- Installing: /home/robotics/temp/new_ws/install/my_joystick_msgs/lib/libmy_joystick_msgs__rosidl_typesupport_c.so
[32.513s] -- Set non-toolchain portion of runtime path of "/home/robotics/temp/new_ws/install/my_joystick_msgs/lib/libmy_joystick_msgs__rosidl_typesupport_c.so" to ""
[32.513s] -- Up-to-date: /home/robotics/temp/new_ws/install/my_joystick_msgs/include/my_joystick_msgs/my_joystick_msgs
[32.513s] -- Up-to-date: /home/robotics/temp/new_ws/install/my_joystick_msgs/include/my_joystick_msgs/my_joystick_msgs/msg
[32.513s] -- Installing: /home/robotics/temp/new_ws/install/my_joystick_msgs/include/my_joystick_msgs/my_joystick_msgs/msg/rosidl_generator_cpp__visibility_control.hpp
[32.513s] -- Installing: /home/robotics/temp/new_ws/install/my_joystick_msgs/include/my_joystick_msgs/my_joystick_msgs/msg/joystick.hpp
[32.520s] -- Up-to-date: /home/robotics/temp/new_ws/install/my_joystick_msgs/include/my_joystick_msgs/my_joystick_msgs/msg/detail
[32.520s] -- Installing: /home/robotics/temp/new_ws/install/my_joystick_msgs/include/my_joystick_msgs/my_joystick_msgs/msg/detail/joystick__type_support.hpp
[32.520s] -- Installing: /home/robotics/temp/new_ws/install/my_joystick_msgs/include/my_joystick_msgs/my_joystick_msgs/msg/detail/joystick__struct.hpp
[32.520s] -- Installing: /home/robotics/temp/new_ws/install/my_joystick_msgs/include/my_joystick_msgs/my_joystick_msgs/msg/detail/joystick__builder.hpp
[32.520s] -- Installing: /home/robotics/temp/new_ws/install/my_joystick_msgs/include/my_joystick_msgs/my_joystick_msgs/msg/detail/joystick__traits.hpp
[32.520s] -- Up-to-date: /home/robotics/temp/new_ws/install/my_joystick_msgs/include/my_joystick_msgs/my_joystick_msgs
[32.520s] -- Up-to-date: /home/robotics/temp/new_ws/install/my_joystick_msgs/include/my_joystick_msgs/my_joystick_msgs/msg
[32.521s] -- Installing: /home/robotics/temp/new_ws/install/my_joystick_msgs/include/my_joystick_msgs/my_joystick_msgs/msg/rosidl_typesupport_fastrtps_cpp__visibility_control.h
[32.521s] -- Up-to-date: /home/robotics/temp/new_ws/install/my_joystick_msgs/include/my_joystick_msgs/my_joystick_msgs/msg/detail
[32.521s] -- Installing: /home/robotics/temp/new_ws/install/my_joystick_msgs/include/my_joystick_msgs/my_joystick_msgs/msg/detail/joystick__rosidl_typesupport_fastrtps_cpp.hpp
[32.521s] -- Installing: /home/robotics/temp/new_ws/install/my_joystick_msgs/include/my_joystick_msgs/my_joystick_msgs/msg/detail/dds_fastrtps
[32.522s] -- Installing: /home/robotics/temp/new_ws/install/my_joystick_msgs/lib/libmy_joystick_msgs__rosidl_typesupport_fastrtps_cpp.so
[32.522s] -- Set non-toolchain portion of runtime path of "/home/robotics/temp/new_ws/install/my_joystick_msgs/lib/libmy_joystick_msgs__rosidl_typesupport_fastrtps_cpp.so" to ""
[32.522s] -- Up-to-date: /home/robotics/temp/new_ws/install/my_joystick_msgs/include/my_joystick_msgs/my_joystick_msgs
[32.522s] -- Up-to-date: /home/robotics/temp/new_ws/install/my_joystick_msgs/include/my_joystick_msgs/my_joystick_msgs/msg
[32.522s] -- Up-to-date: /home/robotics/temp/new_ws/install/my_joystick_msgs/include/my_joystick_msgs/my_joystick_msgs/msg/detail
[32.522s] -- Installing: /home/robotics/temp/new_ws/install/my_joystick_msgs/include/my_joystick_msgs/my_joystick_msgs/msg/detail/joystick__rosidl_typesupport_introspection_cpp.hpp
[32.522s] -- Installing: /home/robotics/temp/new_ws/install/my_joystick_msgs/include/my_joystick_msgs/my_joystick_msgs/msg/detail/joystick__type_support.cpp
[32.522s] -- Installing: /home/robotics/temp/new_ws/install/my_joystick_msgs/lib/libmy_joystick_msgs__rosidl_typesupport_introspection_cpp.so
[32.522s] -- Set non-toolchain portion of runtime path of "/home/robotics/temp/new_ws/install/my_joystick_msgs/lib/libmy_joystick_msgs__rosidl_typesupport_introspection_cpp.so" to ""
[32.522s] -- Installing: /home/robotics/temp/new_ws/install/my_joystick_msgs/lib/libmy_joystick_msgs__rosidl_typesupport_cpp.so
[32.522s] -- Set non-toolchain portion of runtime path of "/home/robotics/temp/new_ws/install/my_joystick_msgs/lib/libmy_joystick_msgs__rosidl_typesupport_cpp.so" to ""
[32.523s] -- Installing: /home/robotics/temp/new_ws/install/my_joystick_msgs/share/my_joystick_msgs/environment/pythonpath.sh
[32.523s] -- Installing: /home/robotics/temp/new_ws/install/my_joystick_msgs/share/my_joystick_msgs/environment/pythonpath.dsv
[32.523s] -- Installing: /home/robotics/temp/new_ws/install/my_joystick_msgs/lib/python3.12/site-packages/my_joystick_msgs-0.0.0-py3.12.egg-info
[32.523s] -- Installing: /home/robotics/temp/new_ws/install/my_joystick_msgs/lib/python3.12/site-packages/my_joystick_msgs-0.0.0-py3.12.egg-info/dependency_links.txt
[32.523s] -- Installing: /home/robotics/temp/new_ws/install/my_joystick_msgs/lib/python3.12/site-packages/my_joystick_msgs-0.0.0-py3.12.egg-info/top_level.txt
[32.523s] -- Installing: /home/robotics/temp/new_ws/install/my_joystick_msgs/lib/python3.12/site-packages/my_joystick_msgs-0.0.0-py3.12.egg-info/SOURCES.txt
[32.523s] -- Installing: /home/robotics/temp/new_ws/install/my_joystick_msgs/lib/python3.12/site-packages/my_joystick_msgs-0.0.0-py3.12.egg-info/PKG-INFO
[32.523s] -- Installing: /home/robotics/temp/new_ws/install/my_joystick_msgs/lib/python3.12/site-packages/my_joystick_msgs
[32.523s] -- Installing: /home/robotics/temp/new_ws/install/my_joystick_msgs/lib/python3.12/site-packages/my_joystick_msgs/_my_joystick_msgs_s.ep.rosidl_typesupport_c.c
[32.523s] -- Installing: /home/robotics/temp/new_ws/install/my_joystick_msgs/lib/python3.12/site-packages/my_joystick_msgs/_my_joystick_msgs_s.ep.rosidl_typesupport_fastrtps_c.c
[32.524s] -- Installing: /home/robotics/temp/new_ws/install/my_joystick_msgs/lib/python3.12/site-packages/my_joystick_msgs/msg
[32.524s] -- Installing: /home/robotics/temp/new_ws/install/my_joystick_msgs/lib/python3.12/site-packages/my_joystick_msgs/msg/__init__.py
[32.524s] -- Installing: /home/robotics/temp/new_ws/install/my_joystick_msgs/lib/python3.12/site-packages/my_joystick_msgs/msg/_joystick.py
[32.524s] -- Installing: /home/robotics/temp/new_ws/install/my_joystick_msgs/lib/python3.12/site-packages/my_joystick_msgs/msg/_joystick_s.c
[32.524s] -- Installing: /home/robotics/temp/new_ws/install/my_joystick_msgs/lib/python3.12/site-packages/my_joystick_msgs/my_joystick_msgs_s__rosidl_typesupport_c.so
[32.525s] -- Installing: /home/robotics/temp/new_ws/install/my_joystick_msgs/lib/python3.12/site-packages/my_joystick_msgs/__init__.py
[32.525s] -- Installing: /home/robotics/temp/new_ws/install/my_joystick_msgs/lib/python3.12/site-packages/my_joystick_msgs/_my_joystick_msgs_s.ep.rosidl_typesupport_introspection_c.c
[32.525s] -- Installing: /home/robotics/temp/new_ws/install/my_joystick_msgs/lib/python3.12/site-packages/my_joystick_msgs/my_joystick_msgs_s__rosidl_typesupport_fastrtps_c.so
[32.525s] -- Installing: /home/robotics/temp/new_ws/install/my_joystick_msgs/lib/python3.12/site-packages/my_joystick_msgs/my_joystick_msgs_s__rosidl_typesupport_introspection_c.so
[32.606s] Listing '/home/robotics/temp/new_ws/install/my_joystick_msgs/lib/python3.12/site-packages/my_joystick_msgs'...
[32.606s] Compiling '/home/robotics/temp/new_ws/install/my_joystick_msgs/lib/python3.12/site-packages/my_joystick_msgs/__init__.py'...
[32.606s] Listing '/home/robotics/temp/new_ws/install/my_joystick_msgs/lib/python3.12/site-packages/my_joystick_msgs/msg'...
[32.606s] Compiling '/home/robotics/temp/new_ws/install/my_joystick_msgs/lib/python3.12/site-packages/my_joystick_msgs/msg/__init__.py'...
[32.606s] Compiling '/home/robotics/temp/new_ws/install/my_joystick_msgs/lib/python3.12/site-packages/my_joystick_msgs/msg/_joystick.py'...
[32.622s] -- Installing: /home/robotics/temp/new_ws/install/my_joystick_msgs/lib/python3.12/site-packages/my_joystick_msgs/my_joystick_msgs_s__rosidl_typesupport_fastrtps_c.so
[32.625s] -- Set non-toolchain portion of runtime path of "/home/robotics/temp/new_ws/install/my_joystick_msgs/lib/python3.12/site-packages/my_joystick_msgs/my_joystick_msgs_s__rosidl_typesupport_fastrtps_c.so" to ""
[32.625s] -- Installing: /home/robotics/temp/new_ws/install/my_joystick_msgs/lib/python3.12/site-packages/my_joystick_msgs/my_joystick_msgs_s__rosidl_typesupport_introspection_c.so
[32.628s] -- Set non-toolchain portion of runtime path of "/home/robotics/temp/new_ws/install/my_joystick_msgs/lib/python3.12/site-packages/my_joystick_msgs/my_joystick_msgs_s__rosidl_typesupport_introspection_c.so" to ""
[32.628s] -- Installing: /home/robotics/temp/new_ws/install/my_joystick_msgs/lib/python3.12/site-packages/my_joystick_msgs/my_joystick_msgs_s__rosidl_typesupport_c.so
[32.628s] -- Set non-toolchain portion of runtime path of "/home/robotics/temp/new_ws/install/my_joystick_msgs/lib/python3.12/site-packages/my_joystick_msgs/my_joystick_msgs_s__rosidl_typesupport_c.so" to ""
[32.628s] -- Installing: /home/robotics/temp/new_ws/install/my_joystick_msgs/lib/libmy_joystick_msgs__rosidl_generator_py.so
[32.628s] -- Set non-toolchain portion of runtime path of "/home/robotics/temp/new_ws/install/my_joystick_msgs/lib/libmy_joystick_msgs__rosidl_generator_py.so" to ""
[32.628s] -- Installing: /home/robotics/temp/new_ws/install/my_joystick_msgs/share/my_joystick_msgs/msg/Joystick.idl
[32.628s] -- Installing: /home/robotics/temp/new_ws/install/my_joystick_msgs/share/my_joystick_msgs/msg/Joystick.msg
[32.632s] -- Installing: /home/robotics/temp/new_ws/install/my_joystick_msgs/share/ament_index/resource_index/package_run_dependencies/my_joystick_msgs
[32.632s] -- Installing: /home/robotics/temp/new_ws/install/my_joystick_msgs/share/ament_index/resource_index/parent_prefix_path/my_joystick_msgs
[32.633s] -- Installing: /home/robotics/temp/new_ws/install/my_joystick_msgs/share/my_joystick_msgs/environment/ament_prefix_path.sh
[32.633s] -- Installing: /home/robotics/temp/new_ws/install/my_joystick_msgs/share/my_joystick_msgs/environment/ament_prefix_path.dsv
[32.633s] -- Installing: /home/robotics/temp/new_ws/install/my_joystick_msgs/share/my_joystick_msgs/environment/path.sh
[32.633s] -- Installing: /home/robotics/temp/new_ws/install/my_joystick_msgs/share/my_joystick_msgs/environment/path.dsv
[32.633s] -- Installing: /home/robotics/temp/new_ws/install/my_joystick_msgs/share/my_joystick_msgs/local_setup.bash
[32.633s] -- Installing: /home/robotics/temp/new_ws/install/my_joystick_msgs/share/my_joystick_msgs/local_setup.sh
[32.633s] -- Installing: /home/robotics/temp/new_ws/install/my_joystick_msgs/share/my_joystick_msgs/local_setup.zsh
[32.633s] -- Installing: /home/robotics/temp/new_ws/install/my_joystick_msgs/share/my_joystick_msgs/local_setup.dsv
[32.633s] -- Installing: /home/robotics/temp/new_ws/install/my_joystick_msgs/share/my_joystick_msgs/package.dsv
[32.633s] -- Installing: /home/robotics/temp/new_ws/install/my_joystick_msgs/share/ament_index/resource_index/packages/my_joystick_msgs
[32.634s] -- Installing: /home/robotics/temp/new_ws/install/my_joystick_msgs/share/my_joystick_msgs/cmake/export_my_joystick_msgs__rosidl_generator_cExport.cmake
[32.637s] -- Installing: /home/robotics/temp/new_ws/install/my_joystick_msgs/share/my_joystick_msgs/cmake/export_my_joystick_msgs__rosidl_generator_cExport-noconfig.cmake
[32.637s] -- Installing: /home/robotics/temp/new_ws/install/my_joystick_msgs/share/my_joystick_msgs/cmake/export_my_joystick_msgs__rosidl_typesupport_fastrtps_cExport.cmake
[32.637s] -- Installing: /home/robotics/temp/new_ws/install/my_joystick_msgs/share/my_joystick_msgs/cmake/export_my_joystick_msgs__rosidl_typesupport_fastrtps_cExport-noconfig.cmake
[32.637s] -- Installing: /home/robotics/temp/new_ws/install/my_joystick_msgs/share/my_joystick_msgs/cmake/my_joystick_msgs__rosidl_typesupport_introspection_cExport.cmake
[32.637s] -- Installing: /home/robotics/temp/new_ws/install/my_joystick_msgs/share/my_joystick_msgs/cmake/my_joystick_msgs__rosidl_typesupport_introspection_cExport-noconfig.cmake
[32.638s] -- Installing: /home/robotics/temp/new_ws/install/my_joystick_msgs/share/my_joystick_msgs/cmake/my_joystick_msgs__rosidl_typesupport_cExport.cmake
[32.638s] -- Installing: /home/robotics/temp/new_ws/install/my_joystick_msgs/share/my_joystick_msgs/cmake/my_joystick_msgs__rosidl_typesupport_cExport-noconfig.cmake
[32.638s] -- Installing: /home/robotics/temp/new_ws/install/my_joystick_msgs/share/my_joystick_msgs/cmake/export_my_joystick_msgs__rosidl_generator_cppExport.cmake
[32.638s] -- Installing: /home/robotics/temp/new_ws/install/my_joystick_msgs/share/my_joystick_msgs/cmake/export_my_joystick_msgs__rosidl_typesupport_fastrtps_cppExport.cmake
[32.638s] -- Installing: /home/robotics/temp/new_ws/install/my_joystick_msgs/share/my_joystick_msgs/cmake/export_my_joystick_msgs__rosidl_typesupport_fastrtps_cppExport-noconfig.cmake
[32.638s] -- Installing: /home/robotics/temp/new_ws/install/my_joystick_msgs/share/my_joystick_msgs/cmake/my_joystick_msgs__rosidl_typesupport_introspection_cppExport.cmake
[32.638s] -- Installing: /home/robotics/temp/new_ws/install/my_joystick_msgs/share/my_joystick_msgs/cmake/my_joystick_msgs__rosidl_typesupport_introspection_cppExport-noconfig.cmake
[32.638s] -- Installing: /home/robotics/temp/new_ws/install/my_joystick_msgs/share/my_joystick_msgs/cmake/my_joystick_msgs__rosidl_typesupport_cppExport.cmake
[32.638s] -- Installing: /home/robotics/temp/new_ws/install/my_joystick_msgs/share/my_joystick_msgs/cmake/my_joystick_msgs__rosidl_typesupport_cppExport-noconfig.cmake
[32.638s] -- Installing: /home/robotics/temp/new_ws/install/my_joystick_msgs/share/my_joystick_msgs/cmake/export_my_joystick_msgs__rosidl_generator_pyExport.cmake
[32.639s] -- Installing: /home/robotics/temp/new_ws/install/my_joystick_msgs/share/my_joystick_msgs/cmake/export_my_joystick_msgs__rosidl_generator_pyExport-noconfig.cmake
[32.642s] -- Installing: /home/robotics/temp/new_ws/install/my_joystick_msgs/share/my_joystick_msgs/cmake/rosidl_cmake-extras.cmake
[32.642s] -- Installing: /home/robotics/temp/new_ws/install/my_joystick_msgs/share/my_joystick_msgs/cmake/ament_cmake_export_include_directories-extras.cmake
[32.642s] -- Installing: /home/robotics/temp/new_ws/install/my_joystick_msgs/share/my_joystick_msgs/cmake/ament_cmake_export_libraries-extras.cmake
[32.644s] -- Installing: /home/robotics/temp/new_ws/install/my_joystick_msgs/share/my_joystick_msgs/cmake/ament_cmake_export_targets-extras.cmake
[32.644s] -- Installing: /home/robotics/temp/new_ws/install/my_joystick_msgs/share/my_joystick_msgs/cmake/rosidl_cmake_export_typesupport_targets-extras.cmake
[32.644s] -- Installing: /home/robotics/temp/new_ws/install/my_joystick_msgs/share/my_joystick_msgs/cmake/ament_cmake_export_dependencies-extras.cmake
[32.644s] -- Installing: /home/robotics/temp/new_ws/install/my_joystick_msgs/share/my_joystick_msgs/cmake/rosidl_cmake_export_typesupport_libraries-extras.cmake
[32.644s] -- Installing: /home/robotics/temp/new_ws/install/my_joystick_msgs/share/my_joystick_msgs/cmake/my_joystick_msgsConfig.cmake
[32.644s] -- Installing: /home/robotics/temp/new_ws/install/my_joystick_msgs/share/my_joystick_msgs/cmake/my_joystick_msgsConfig-version.cmake
[32.644s] -- Installing: /home/robotics/temp/new_ws/install/my_joystick_msgs/share/my_joystick_msgs/package.xml
[32.644s] Invoked command in '/home/robotics/temp/new_ws/build/my_joystick_msgs' returned '0': CMAKE_PREFIX_PATH=${CMAKE_PREFIX_PATH}:/opt/ros/jazzy DEBUGINFOD_URLS=https://debuginfod.ubuntu.com /usr/bin/cmake --install /home/robotics/temp/new_ws/build/my_joystick_msgs
