[0.091s] Invoking command in '/home/robotics/temp/new_ws/build/my_joystick_msgs': CMAKE_PREFIX_PATH=${CMAKE_PREFIX_PATH}:/home/robotics/temp/new_ws/install/my_joystick_driver:/opt/ros/jazzy DEBUGINFOD_URLS=https://debuginfod.ubuntu.com /usr/bin/cmake --build /home/robotics/temp/new_ws/build/my_joystick_msgs -- -j4 -l4
[0.648s] -- Found ament_cmake: 2.5.4 (/opt/ros/jazzy/share/ament_cmake/cmake)
[0.739s] -- Found Python3: /usr/bin/python3 (found version "3.12.3") found components: Interpreter 
[1.137s] -- Found rosidl_default_generators: 1.6.0 (/opt/ros/jazzy/share/rosidl_default_generators/cmake)
[1.160s] -- Using all available rosidl_typesupport_c: rosidl_typesupport_fastrtps_c;rosidl_typesupport_introspection_c
[1.538s] -- Using all available rosidl_typesupport_cpp: rosidl_typesupport_fastrtps_cpp;rosidl_typesupport_introspection_cpp
[1.868s] -- Found rosidl_adapter: 4.6.6 (/opt/ros/jazzy/share/rosidl_adapter/cmake)
[2.987s] -- Found ament_cmake_ros: 0.12.0 (/opt/ros/jazzy/share/ament_cmake_ros/cmake)
[3.394s] -- Using all available rosidl_typesupport_c: rosidl_typesupport_fastrtps_c;rosidl_typesupport_introspection_c
[3.817s] -- Using all available rosidl_typesupport_cpp: rosidl_typesupport_fastrtps_cpp;rosidl_typesupport_introspection_cpp
[3.828s] -- Found python_cmake_module: 0.11.1 (/opt/ros/jazzy/share/python_cmake_module/cmake)
[5.138s] -- Found Python3: /usr/bin/python3 (found version "3.12.3") found components: Interpreter Development NumPy Development.Module Development.Embed 
[5.178s] -- Found ament_lint_auto: 0.17.3 (/opt/ros/jazzy/share/ament_lint_auto/cmake)
[5.281s] -- Added test 'lint_cmake' to check CMake code style
[5.290s] -- Added test 'xmllint' to check XML markup files
[5.310s] -- Configuring done (4.7s)
[5.836s] -- Generating done (0.5s)
[5.981s] -- Build files have been written to: /home/robotics/temp/new_ws/build/my_joystick_msgs
[6.109s] [  2%] Generating type hashes for ROS interfaces
[7.141s] [  2%] Built target my_joystick_msgs__rosidl_generator_type_description
[7.290s] [  2%] Built target ament_cmake_python_copy_my_joystick_msgs
[7.314s] [  5%] Generating C code for ROS interfaces
[8.309s] [  8%] Building C object CMakeFiles/my_joystick_msgs__rosidl_generator_c.dir/rosidl_generator_c/my_joystick_msgs/msg/detail/joystick__description.c.o
[9.136s] [ 11%] Building C object CMakeFiles/my_joystick_msgs__rosidl_generator_c.dir/rosidl_generator_c/my_joystick_msgs/msg/detail/joystick__functions.c.o
[9.403s] [ 14%] Building C object CMakeFiles/my_joystick_msgs__rosidl_generator_c.dir/rosidl_generator_c/my_joystick_msgs/msg/detail/joystick__type_support.c.o
[9.546s] [ 17%] Linking C shared library libmy_joystick_msgs__rosidl_generator_c.so
[9.752s] [ 17%] Built target my_joystick_msgs__rosidl_generator_c
[10.790s] running egg_info
[10.862s] writing my_joystick_msgs.egg-info/PKG-INFO
[10.862s] writing dependency_links to my_joystick_msgs.egg-info/dependency_links.txt
[10.865s] writing top-level names to my_joystick_msgs.egg-info/top_level.txt
[11.034s] reading manifest file 'my_joystick_msgs.egg-info/SOURCES.txt'
[11.042s] writing manifest file 'my_joystick_msgs.egg-info/SOURCES.txt'
[11.232s] [ 17%] Built target ament_cmake_python_build_my_joystick_msgs_egg
[11.265s] [ 20%] Generating C introspection for ROS interfaces
[12.092s] [ 23%] Building C object CMakeFiles/my_joystick_msgs__rosidl_typesupport_introspection_c.dir/rosidl_typesupport_introspection_c/my_joystick_msgs/msg/detail/joystick__type_support.c.o
[12.394s] [ 26%] Linking C shared library libmy_joystick_msgs__rosidl_typesupport_introspection_c.so
[12.520s] [ 26%] Built target my_joystick_msgs__rosidl_typesupport_introspection_c
[12.575s] [ 29%] Generating C type support dispatch for ROS interfaces
[13.380s] [ 32%] Building CXX object CMakeFiles/my_joystick_msgs__rosidl_typesupport_c.dir/rosidl_typesupport_c/my_joystick_msgs/msg/joystick__type_support.cpp.o
[13.917s] [ 35%] Linking CXX shared library libmy_joystick_msgs__rosidl_typesupport_c.so
[14.080s] [ 35%] Built target my_joystick_msgs__rosidl_typesupport_c
[14.116s] [ 38%] Generating C type support for eProsima Fast-RTPS
[14.892s] [ 41%] Building CXX object CMakeFiles/my_joystick_msgs__rosidl_typesupport_fastrtps_c.dir/rosidl_typesupport_fastrtps_c/my_joystick_msgs/msg/detail/joystick__type_support_c.cpp.o
[16.989s] [ 44%] Linking CXX shared library libmy_joystick_msgs__rosidl_typesupport_fastrtps_c.so
[17.227s] [ 44%] Built target my_joystick_msgs__rosidl_typesupport_fastrtps_c
[17.303s] [ 47%] Generating C++ code for ROS interfaces
[18.292s] [ 47%] Built target my_joystick_msgs__cpp
[18.324s] [ 50%] Generating C++ type support dispatch for ROS interfaces
[18.993s] [ 52%] Building CXX object CMakeFiles/my_joystick_msgs__rosidl_typesupport_cpp.dir/rosidl_typesupport_cpp/my_joystick_msgs/msg/joystick__type_support.cpp.o
[19.777s] [ 55%] Linking CXX shared library libmy_joystick_msgs__rosidl_typesupport_cpp.so
[19.909s] [ 55%] Built target my_joystick_msgs__rosidl_typesupport_cpp
[19.935s] [ 58%] Generating C++ introspection for ROS interfaces
[20.811s] [ 61%] Building CXX object CMakeFiles/my_joystick_msgs__rosidl_typesupport_introspection_cpp.dir/rosidl_typesupport_introspection_cpp/my_joystick_msgs/msg/detail/joystick__type_support.cpp.o
[21.689s] [ 64%] Linking CXX shared library libmy_joystick_msgs__rosidl_typesupport_introspection_cpp.so
[21.854s] [ 64%] Built target my_joystick_msgs__rosidl_typesupport_introspection_cpp
[21.872s] [ 67%] Generating C++ type support for eProsima Fast-RTPS
[22.755s] [ 70%] Building CXX object CMakeFiles/my_joystick_msgs__rosidl_typesupport_fastrtps_cpp.dir/rosidl_typesupport_fastrtps_cpp/my_joystick_msgs/msg/detail/dds_fastrtps/joystick__type_support.cpp.o
[24.044s] [ 73%] Linking CXX shared library libmy_joystick_msgs__rosidl_typesupport_fastrtps_cpp.so
[24.230s] [ 73%] Built target my_joystick_msgs__rosidl_typesupport_fastrtps_cpp
[24.309s] [ 73%] Built target my_joystick_msgs
[24.370s] [ 76%] Generating Python code for ROS interfaces
[25.388s] [ 76%] Built target my_joystick_msgs__py
[25.502s] [ 79%] Building C object CMakeFiles/my_joystick_msgs__rosidl_generator_py.dir/rosidl_generator_py/my_joystick_msgs/msg/_joystick_s.c.o
[26.142s] [ 82%] Linking C shared library libmy_joystick_msgs__rosidl_generator_py.so
[26.273s] [ 82%] Built target my_joystick_msgs__rosidl_generator_py
[26.360s] [ 85%] Building C object CMakeFiles/my_joystick_msgs_s__rosidl_typesupport_fastrtps_c.dir/rosidl_generator_py/my_joystick_msgs/_my_joystick_msgs_s.ep.rosidl_typesupport_fastrtps_c.c.o
[26.683s] [ 88%] Linking C shared module rosidl_generator_py/my_joystick_msgs/my_joystick_msgs_s__rosidl_typesupport_fastrtps_c.so
[26.779s] [ 88%] Built target my_joystick_msgs_s__rosidl_typesupport_fastrtps_c
[26.868s] [ 91%] Building C object CMakeFiles/my_joystick_msgs_s__rosidl_typesupport_c.dir/rosidl_generator_py/my_joystick_msgs/_my_joystick_msgs_s.ep.rosidl_typesupport_c.c.o
[27.102s] [ 94%] Linking C shared module rosidl_generator_py/my_joystick_msgs/my_joystick_msgs_s__rosidl_typesupport_c.so
[27.191s] [ 94%] Built target my_joystick_msgs_s__rosidl_typesupport_c
[27.292s] [ 97%] Building C object CMakeFiles/my_joystick_msgs_s__rosidl_typesupport_introspection_c.dir/rosidl_generator_py/my_joystick_msgs/_my_joystick_msgs_s.ep.rosidl_typesupport_introspection_c.c.o
[27.763s] [100%] Linking C shared module rosidl_generator_py/my_joystick_msgs/my_joystick_msgs_s__rosidl_typesupport_introspection_c.so
[27.905s] [100%] Built target my_joystick_msgs_s__rosidl_typesupport_introspection_c
[27.950s] Invoked command in '/home/robotics/temp/new_ws/build/my_joystick_msgs' returned '0': CMAKE_PREFIX_PATH=${CMAKE_PREFIX_PATH}:/home/robotics/temp/new_ws/install/my_joystick_driver:/opt/ros/jazzy DEBUGINFOD_URLS=https://debuginfod.ubuntu.com /usr/bin/cmake --build /home/robotics/temp/new_ws/build/my_joystick_msgs -- -j4 -l4
[27.989s] Invoking command in '/home/robotics/temp/new_ws/build/my_joystick_msgs': CMAKE_PREFIX_PATH=${CMAKE_PREFIX_PATH}:/home/robotics/temp/new_ws/install/my_joystick_driver:/opt/ros/jazzy DEBUGINFOD_URLS=https://debuginfod.ubuntu.com /usr/bin/cmake --install /home/robotics/temp/new_ws/build/my_joystick_msgs
[28.027s] -- Install configuration: ""
[28.027s] -- Up-to-date: /home/robotics/temp/new_ws/install/my_joystick_msgs/share/ament_index/resource_index/rosidl_interfaces/my_joystick_msgs
[28.027s] -- Installing: /home/robotics/temp/new_ws/install/my_joystick_msgs/share/my_joystick_msgs/msg/Joystick.json
[28.038s] -- Up-to-date: /home/robotics/temp/new_ws/install/my_joystick_msgs/include/my_joystick_msgs/my_joystick_msgs
[28.038s] -- Up-to-date: /home/robotics/temp/new_ws/install/my_joystick_msgs/include/my_joystick_msgs/my_joystick_msgs/msg
[28.038s] -- Up-to-date: /home/robotics/temp/new_ws/install/my_joystick_msgs/include/my_joystick_msgs/my_joystick_msgs/msg/rosidl_generator_c__visibility_control.h
[28.038s] -- Installing: /home/robotics/temp/new_ws/install/my_joystick_msgs/include/my_joystick_msgs/my_joystick_msgs/msg/joystick.h
[28.038s] -- Up-to-date: /home/robotics/temp/new_ws/install/my_joystick_msgs/include/my_joystick_msgs/my_joystick_msgs/msg/detail
[28.038s] -- Installing: /home/robotics/temp/new_ws/install/my_joystick_msgs/include/my_joystick_msgs/my_joystick_msgs/msg/detail/joystick__description.c
[28.038s] -- Installing: /home/robotics/temp/new_ws/install/my_joystick_msgs/include/my_joystick_msgs/my_joystick_msgs/msg/detail/joystick__struct.h
[28.039s] -- Installing: /home/robotics/temp/new_ws/install/my_joystick_msgs/include/my_joystick_msgs/my_joystick_msgs/msg/detail/joystick__type_support.h
[28.039s] -- Installing: /home/robotics/temp/new_ws/install/my_joystick_msgs/include/my_joystick_msgs/my_joystick_msgs/msg/detail/joystick__functions.c
[28.039s] -- Installing: /home/robotics/temp/new_ws/install/my_joystick_msgs/include/my_joystick_msgs/my_joystick_msgs/msg/detail/joystick__functions.h
[28.039s] -- Installing: /home/robotics/temp/new_ws/install/my_joystick_msgs/include/my_joystick_msgs/my_joystick_msgs/msg/detail/joystick__type_support.c
[28.039s] -- Up-to-date: /home/robotics/temp/new_ws/install/my_joystick_msgs/share/my_joystick_msgs/environment/library_path.sh
[28.039s] -- Up-to-date: /home/robotics/temp/new_ws/install/my_joystick_msgs/share/my_joystick_msgs/environment/library_path.dsv
[28.039s] -- Installing: /home/robotics/temp/new_ws/install/my_joystick_msgs/lib/libmy_joystick_msgs__rosidl_generator_c.so
[28.039s] -- Set non-toolchain portion of runtime path of "/home/robotics/temp/new_ws/install/my_joystick_msgs/lib/libmy_joystick_msgs__rosidl_generator_c.so" to ""
[28.039s] -- Up-to-date: /home/robotics/temp/new_ws/install/my_joystick_msgs/include/my_joystick_msgs/my_joystick_msgs
[28.039s] -- Up-to-date: /home/robotics/temp/new_ws/install/my_joystick_msgs/include/my_joystick_msgs/my_joystick_msgs/msg
[28.040s] -- Up-to-date: /home/robotics/temp/new_ws/install/my_joystick_msgs/include/my_joystick_msgs/my_joystick_msgs/msg/rosidl_typesupport_fastrtps_c__visibility_control.h
[28.040s] -- Up-to-date: /home/robotics/temp/new_ws/install/my_joystick_msgs/include/my_joystick_msgs/my_joystick_msgs/msg/detail
[28.040s] -- Installing: /home/robotics/temp/new_ws/install/my_joystick_msgs/include/my_joystick_msgs/my_joystick_msgs/msg/detail/joystick__rosidl_typesupport_fastrtps_c.h
[28.040s] -- Installing: /home/robotics/temp/new_ws/install/my_joystick_msgs/lib/libmy_joystick_msgs__rosidl_typesupport_fastrtps_c.so
[28.040s] -- Set non-toolchain portion of runtime path of "/home/robotics/temp/new_ws/install/my_joystick_msgs/lib/libmy_joystick_msgs__rosidl_typesupport_fastrtps_c.so" to ""
[28.040s] -- Up-to-date: /home/robotics/temp/new_ws/install/my_joystick_msgs/include/my_joystick_msgs/my_joystick_msgs
[28.040s] -- Up-to-date: /home/robotics/temp/new_ws/install/my_joystick_msgs/include/my_joystick_msgs/my_joystick_msgs/msg
[28.040s] -- Up-to-date: /home/robotics/temp/new_ws/install/my_joystick_msgs/include/my_joystick_msgs/my_joystick_msgs/msg/rosidl_typesupport_introspection_c__visibility_control.h
[28.040s] -- Up-to-date: /home/robotics/temp/new_ws/install/my_joystick_msgs/include/my_joystick_msgs/my_joystick_msgs/msg/detail
[28.040s] -- Installing: /home/robotics/temp/new_ws/install/my_joystick_msgs/include/my_joystick_msgs/my_joystick_msgs/msg/detail/joystick__rosidl_typesupport_introspection_c.h
[28.049s] -- Installing: /home/robotics/temp/new_ws/install/my_joystick_msgs/include/my_joystick_msgs/my_joystick_msgs/msg/detail/joystick__type_support.c
[28.049s] -- Installing: /home/robotics/temp/new_ws/install/my_joystick_msgs/lib/libmy_joystick_msgs__rosidl_typesupport_introspection_c.so
[28.049s] -- Set non-toolchain portion of runtime path of "/home/robotics/temp/new_ws/install/my_joystick_msgs/lib/libmy_joystick_msgs__rosidl_typesupport_introspection_c.so" to ""
[28.049s] -- Installing: /home/robotics/temp/new_ws/install/my_joystick_msgs/lib/libmy_joystick_msgs__rosidl_typesupport_c.so
[28.049s] -- Set non-toolchain portion of runtime path of "/home/robotics/temp/new_ws/install/my_joystick_msgs/lib/libmy_joystick_msgs__rosidl_typesupport_c.so" to ""
[28.049s] -- Up-to-date: /home/robotics/temp/new_ws/install/my_joystick_msgs/include/my_joystick_msgs/my_joystick_msgs
[28.049s] -- Up-to-date: /home/robotics/temp/new_ws/install/my_joystick_msgs/include/my_joystick_msgs/my_joystick_msgs/msg
[28.050s] -- Installing: /home/robotics/temp/new_ws/install/my_joystick_msgs/include/my_joystick_msgs/my_joystick_msgs/msg/rosidl_generator_cpp__visibility_control.hpp
[28.057s] -- Installing: /home/robotics/temp/new_ws/install/my_joystick_msgs/include/my_joystick_msgs/my_joystick_msgs/msg/joystick.hpp
[28.058s] -- Up-to-date: /home/robotics/temp/new_ws/install/my_joystick_msgs/include/my_joystick_msgs/my_joystick_msgs/msg/detail
[28.058s] -- Installing: /home/robotics/temp/new_ws/install/my_joystick_msgs/include/my_joystick_msgs/my_joystick_msgs/msg/detail/joystick__type_support.hpp
[28.058s] -- Installing: /home/robotics/temp/new_ws/install/my_joystick_msgs/include/my_joystick_msgs/my_joystick_msgs/msg/detail/joystick__struct.hpp
[28.058s] -- Installing: /home/robotics/temp/new_ws/install/my_joystick_msgs/include/my_joystick_msgs/my_joystick_msgs/msg/detail/joystick__builder.hpp
[28.058s] -- Installing: /home/robotics/temp/new_ws/install/my_joystick_msgs/include/my_joystick_msgs/my_joystick_msgs/msg/detail/joystick__traits.hpp
[28.058s] -- Up-to-date: /home/robotics/temp/new_ws/install/my_joystick_msgs/include/my_joystick_msgs/my_joystick_msgs
[28.058s] -- Up-to-date: /home/robotics/temp/new_ws/install/my_joystick_msgs/include/my_joystick_msgs/my_joystick_msgs/msg
[28.058s] -- Up-to-date: /home/robotics/temp/new_ws/install/my_joystick_msgs/include/my_joystick_msgs/my_joystick_msgs/msg/rosidl_typesupport_fastrtps_cpp__visibility_control.h
[28.059s] -- Up-to-date: /home/robotics/temp/new_ws/install/my_joystick_msgs/include/my_joystick_msgs/my_joystick_msgs/msg/detail
[28.059s] -- Installing: /home/robotics/temp/new_ws/install/my_joystick_msgs/include/my_joystick_msgs/my_joystick_msgs/msg/detail/joystick__rosidl_typesupport_fastrtps_cpp.hpp
[28.059s] -- Up-to-date: /home/robotics/temp/new_ws/install/my_joystick_msgs/include/my_joystick_msgs/my_joystick_msgs/msg/detail/dds_fastrtps
[28.062s] -- Installing: /home/robotics/temp/new_ws/install/my_joystick_msgs/lib/libmy_joystick_msgs__rosidl_typesupport_fastrtps_cpp.so
[28.063s] -- Set non-toolchain portion of runtime path of "/home/robotics/temp/new_ws/install/my_joystick_msgs/lib/libmy_joystick_msgs__rosidl_typesupport_fastrtps_cpp.so" to ""
[28.063s] -- Up-to-date: /home/robotics/temp/new_ws/install/my_joystick_msgs/include/my_joystick_msgs/my_joystick_msgs
[28.063s] -- Up-to-date: /home/robotics/temp/new_ws/install/my_joystick_msgs/include/my_joystick_msgs/my_joystick_msgs/msg
[28.063s] -- Up-to-date: /home/robotics/temp/new_ws/install/my_joystick_msgs/include/my_joystick_msgs/my_joystick_msgs/msg/detail
[28.063s] -- Installing: /home/robotics/temp/new_ws/install/my_joystick_msgs/include/my_joystick_msgs/my_joystick_msgs/msg/detail/joystick__rosidl_typesupport_introspection_cpp.hpp
[28.063s] -- Installing: /home/robotics/temp/new_ws/install/my_joystick_msgs/include/my_joystick_msgs/my_joystick_msgs/msg/detail/joystick__type_support.cpp
[28.066s] -- Installing: /home/robotics/temp/new_ws/install/my_joystick_msgs/lib/libmy_joystick_msgs__rosidl_typesupport_introspection_cpp.so
[28.068s] -- Set non-toolchain portion of runtime path of "/home/robotics/temp/new_ws/install/my_joystick_msgs/lib/libmy_joystick_msgs__rosidl_typesupport_introspection_cpp.so" to ""
[28.074s] -- Installing: /home/robotics/temp/new_ws/install/my_joystick_msgs/lib/libmy_joystick_msgs__rosidl_typesupport_cpp.so
[28.074s] -- Set non-toolchain portion of runtime path of "/home/robotics/temp/new_ws/install/my_joystick_msgs/lib/libmy_joystick_msgs__rosidl_typesupport_cpp.so" to ""
[28.074s] -- Up-to-date: /home/robotics/temp/new_ws/install/my_joystick_msgs/share/my_joystick_msgs/environment/pythonpath.sh
[28.075s] -- Up-to-date: /home/robotics/temp/new_ws/install/my_joystick_msgs/share/my_joystick_msgs/environment/pythonpath.dsv
[28.075s] -- Up-to-date: /home/robotics/temp/new_ws/install/my_joystick_msgs/lib/python3.12/site-packages/my_joystick_msgs-0.0.0-py3.12.egg-info
[28.075s] -- Installing: /home/robotics/temp/new_ws/install/my_joystick_msgs/lib/python3.12/site-packages/my_joystick_msgs-0.0.0-py3.12.egg-info/dependency_links.txt
[28.075s] -- Installing: /home/robotics/temp/new_ws/install/my_joystick_msgs/lib/python3.12/site-packages/my_joystick_msgs-0.0.0-py3.12.egg-info/top_level.txt
[28.075s] -- Installing: /home/robotics/temp/new_ws/install/my_joystick_msgs/lib/python3.12/site-packages/my_joystick_msgs-0.0.0-py3.12.egg-info/SOURCES.txt
[28.075s] -- Installing: /home/robotics/temp/new_ws/install/my_joystick_msgs/lib/python3.12/site-packages/my_joystick_msgs-0.0.0-py3.12.egg-info/PKG-INFO
[28.075s] -- Up-to-date: /home/robotics/temp/new_ws/install/my_joystick_msgs/lib/python3.12/site-packages/my_joystick_msgs
[28.075s] -- Installing: /home/robotics/temp/new_ws/install/my_joystick_msgs/lib/python3.12/site-packages/my_joystick_msgs/_my_joystick_msgs_s.ep.rosidl_typesupport_c.c
[28.076s] -- Installing: /home/robotics/temp/new_ws/install/my_joystick_msgs/lib/python3.12/site-packages/my_joystick_msgs/_my_joystick_msgs_s.ep.rosidl_typesupport_fastrtps_c.c
[28.077s] -- Up-to-date: /home/robotics/temp/new_ws/install/my_joystick_msgs/lib/python3.12/site-packages/my_joystick_msgs/msg
[28.079s] -- Installing: /home/robotics/temp/new_ws/install/my_joystick_msgs/lib/python3.12/site-packages/my_joystick_msgs/msg/__init__.py
[28.080s] -- Installing: /home/robotics/temp/new_ws/install/my_joystick_msgs/lib/python3.12/site-packages/my_joystick_msgs/msg/_joystick.py
[28.082s] -- Installing: /home/robotics/temp/new_ws/install/my_joystick_msgs/lib/python3.12/site-packages/my_joystick_msgs/msg/_joystick_s.c
[28.083s] -- Installing: /home/robotics/temp/new_ws/install/my_joystick_msgs/lib/python3.12/site-packages/my_joystick_msgs/my_joystick_msgs_s__rosidl_typesupport_c.so
[28.089s] -- Installing: /home/robotics/temp/new_ws/install/my_joystick_msgs/lib/python3.12/site-packages/my_joystick_msgs/__init__.py
[28.089s] -- Installing: /home/robotics/temp/new_ws/install/my_joystick_msgs/lib/python3.12/site-packages/my_joystick_msgs/_my_joystick_msgs_s.ep.rosidl_typesupport_introspection_c.c
[28.089s] -- Installing: /home/robotics/temp/new_ws/install/my_joystick_msgs/lib/python3.12/site-packages/my_joystick_msgs/my_joystick_msgs_s__rosidl_typesupport_fastrtps_c.so
[28.089s] -- Installing: /home/robotics/temp/new_ws/install/my_joystick_msgs/lib/python3.12/site-packages/my_joystick_msgs/my_joystick_msgs_s__rosidl_typesupport_introspection_c.so
[28.274s] Listing '/home/robotics/temp/new_ws/install/my_joystick_msgs/lib/python3.12/site-packages/my_joystick_msgs'...
[28.274s] Compiling '/home/robotics/temp/new_ws/install/my_joystick_msgs/lib/python3.12/site-packages/my_joystick_msgs/__init__.py'...
[28.274s] Listing '/home/robotics/temp/new_ws/install/my_joystick_msgs/lib/python3.12/site-packages/my_joystick_msgs/msg'...
[28.274s] Compiling '/home/robotics/temp/new_ws/install/my_joystick_msgs/lib/python3.12/site-packages/my_joystick_msgs/msg/__init__.py'...
[28.274s] Compiling '/home/robotics/temp/new_ws/install/my_joystick_msgs/lib/python3.12/site-packages/my_joystick_msgs/msg/_joystick.py'...
[28.303s] -- Installing: /home/robotics/temp/new_ws/install/my_joystick_msgs/lib/python3.12/site-packages/my_joystick_msgs/my_joystick_msgs_s__rosidl_typesupport_fastrtps_c.so
[28.303s] -- Set non-toolchain portion of runtime path of "/home/robotics/temp/new_ws/install/my_joystick_msgs/lib/python3.12/site-packages/my_joystick_msgs/my_joystick_msgs_s__rosidl_typesupport_fastrtps_c.so" to ""
[28.303s] -- Installing: /home/robotics/temp/new_ws/install/my_joystick_msgs/lib/python3.12/site-packages/my_joystick_msgs/my_joystick_msgs_s__rosidl_typesupport_introspection_c.so
[28.303s] -- Set non-toolchain portion of runtime path of "/home/robotics/temp/new_ws/install/my_joystick_msgs/lib/python3.12/site-packages/my_joystick_msgs/my_joystick_msgs_s__rosidl_typesupport_introspection_c.so" to ""
[28.306s] -- Installing: /home/robotics/temp/new_ws/install/my_joystick_msgs/lib/python3.12/site-packages/my_joystick_msgs/my_joystick_msgs_s__rosidl_typesupport_c.so
[28.307s] -- Set non-toolchain portion of runtime path of "/home/robotics/temp/new_ws/install/my_joystick_msgs/lib/python3.12/site-packages/my_joystick_msgs/my_joystick_msgs_s__rosidl_typesupport_c.so" to ""
[28.309s] -- Installing: /home/robotics/temp/new_ws/install/my_joystick_msgs/lib/libmy_joystick_msgs__rosidl_generator_py.so
[28.313s] -- Set non-toolchain portion of runtime path of "/home/robotics/temp/new_ws/install/my_joystick_msgs/lib/libmy_joystick_msgs__rosidl_generator_py.so" to ""
[28.314s] -- Installing: /home/robotics/temp/new_ws/install/my_joystick_msgs/share/my_joystick_msgs/msg/Joystick.idl
[28.314s] -- Installing: /home/robotics/temp/new_ws/install/my_joystick_msgs/share/my_joystick_msgs/msg/Joystick.msg
[28.314s] -- Up-to-date: /home/robotics/temp/new_ws/install/my_joystick_msgs/share/ament_index/resource_index/package_run_dependencies/my_joystick_msgs
[28.315s] -- Installing: /home/robotics/temp/new_ws/install/my_joystick_msgs/share/ament_index/resource_index/parent_prefix_path/my_joystick_msgs
[28.319s] -- Up-to-date: /home/robotics/temp/new_ws/install/my_joystick_msgs/share/my_joystick_msgs/environment/ament_prefix_path.sh
[28.320s] -- Up-to-date: /home/robotics/temp/new_ws/install/my_joystick_msgs/share/my_joystick_msgs/environment/ament_prefix_path.dsv
[28.320s] -- Up-to-date: /home/robotics/temp/new_ws/install/my_joystick_msgs/share/my_joystick_msgs/environment/path.sh
[28.320s] -- Up-to-date: /home/robotics/temp/new_ws/install/my_joystick_msgs/share/my_joystick_msgs/environment/path.dsv
[28.320s] -- Up-to-date: /home/robotics/temp/new_ws/install/my_joystick_msgs/share/my_joystick_msgs/local_setup.bash
[28.320s] -- Up-to-date: /home/robotics/temp/new_ws/install/my_joystick_msgs/share/my_joystick_msgs/local_setup.sh
[28.320s] -- Up-to-date: /home/robotics/temp/new_ws/install/my_joystick_msgs/share/my_joystick_msgs/local_setup.zsh
[28.320s] -- Up-to-date: /home/robotics/temp/new_ws/install/my_joystick_msgs/share/my_joystick_msgs/local_setup.dsv
[28.320s] -- Installing: /home/robotics/temp/new_ws/install/my_joystick_msgs/share/my_joystick_msgs/package.dsv
[28.320s] -- Up-to-date: /home/robotics/temp/new_ws/install/my_joystick_msgs/share/ament_index/resource_index/packages/my_joystick_msgs
[28.326s] -- Up-to-date: /home/robotics/temp/new_ws/install/my_joystick_msgs/share/my_joystick_msgs/cmake/export_my_joystick_msgs__rosidl_generator_cExport.cmake
[28.326s] -- Up-to-date: /home/robotics/temp/new_ws/install/my_joystick_msgs/share/my_joystick_msgs/cmake/export_my_joystick_msgs__rosidl_generator_cExport-noconfig.cmake
[28.327s] -- Up-to-date: /home/robotics/temp/new_ws/install/my_joystick_msgs/share/my_joystick_msgs/cmake/export_my_joystick_msgs__rosidl_typesupport_fastrtps_cExport.cmake
[28.327s] -- Up-to-date: /home/robotics/temp/new_ws/install/my_joystick_msgs/share/my_joystick_msgs/cmake/export_my_joystick_msgs__rosidl_typesupport_fastrtps_cExport-noconfig.cmake
[28.328s] -- Up-to-date: /home/robotics/temp/new_ws/install/my_joystick_msgs/share/my_joystick_msgs/cmake/my_joystick_msgs__rosidl_typesupport_introspection_cExport.cmake
[28.328s] -- Up-to-date: /home/robotics/temp/new_ws/install/my_joystick_msgs/share/my_joystick_msgs/cmake/my_joystick_msgs__rosidl_typesupport_introspection_cExport-noconfig.cmake
[28.328s] -- Up-to-date: /home/robotics/temp/new_ws/install/my_joystick_msgs/share/my_joystick_msgs/cmake/my_joystick_msgs__rosidl_typesupport_cExport.cmake
[28.329s] -- Up-to-date: /home/robotics/temp/new_ws/install/my_joystick_msgs/share/my_joystick_msgs/cmake/my_joystick_msgs__rosidl_typesupport_cExport-noconfig.cmake
[28.331s] -- Up-to-date: /home/robotics/temp/new_ws/install/my_joystick_msgs/share/my_joystick_msgs/cmake/export_my_joystick_msgs__rosidl_generator_cppExport.cmake
[28.332s] -- Up-to-date: /home/robotics/temp/new_ws/install/my_joystick_msgs/share/my_joystick_msgs/cmake/export_my_joystick_msgs__rosidl_typesupport_fastrtps_cppExport.cmake
[28.332s] -- Up-to-date: /home/robotics/temp/new_ws/install/my_joystick_msgs/share/my_joystick_msgs/cmake/export_my_joystick_msgs__rosidl_typesupport_fastrtps_cppExport-noconfig.cmake
[28.344s] -- Up-to-date: /home/robotics/temp/new_ws/install/my_joystick_msgs/share/my_joystick_msgs/cmake/my_joystick_msgs__rosidl_typesupport_introspection_cppExport.cmake
[28.344s] -- Up-to-date: /home/robotics/temp/new_ws/install/my_joystick_msgs/share/my_joystick_msgs/cmake/my_joystick_msgs__rosidl_typesupport_introspection_cppExport-noconfig.cmake
[28.345s] -- Up-to-date: /home/robotics/temp/new_ws/install/my_joystick_msgs/share/my_joystick_msgs/cmake/my_joystick_msgs__rosidl_typesupport_cppExport.cmake
[28.345s] -- Up-to-date: /home/robotics/temp/new_ws/install/my_joystick_msgs/share/my_joystick_msgs/cmake/my_joystick_msgs__rosidl_typesupport_cppExport-noconfig.cmake
[28.345s] -- Up-to-date: /home/robotics/temp/new_ws/install/my_joystick_msgs/share/my_joystick_msgs/cmake/export_my_joystick_msgs__rosidl_generator_pyExport.cmake
[28.345s] -- Up-to-date: /home/robotics/temp/new_ws/install/my_joystick_msgs/share/my_joystick_msgs/cmake/export_my_joystick_msgs__rosidl_generator_pyExport-noconfig.cmake
[28.345s] -- Up-to-date: /home/robotics/temp/new_ws/install/my_joystick_msgs/share/my_joystick_msgs/cmake/rosidl_cmake-extras.cmake
[28.345s] -- Up-to-date: /home/robotics/temp/new_ws/install/my_joystick_msgs/share/my_joystick_msgs/cmake/ament_cmake_export_include_directories-extras.cmake
[28.345s] -- Up-to-date: /home/robotics/temp/new_ws/install/my_joystick_msgs/share/my_joystick_msgs/cmake/ament_cmake_export_libraries-extras.cmake
[28.345s] -- Up-to-date: /home/robotics/temp/new_ws/install/my_joystick_msgs/share/my_joystick_msgs/cmake/ament_cmake_export_targets-extras.cmake
[28.345s] -- Up-to-date: /home/robotics/temp/new_ws/install/my_joystick_msgs/share/my_joystick_msgs/cmake/rosidl_cmake_export_typesupport_targets-extras.cmake
[28.345s] -- Up-to-date: /home/robotics/temp/new_ws/install/my_joystick_msgs/share/my_joystick_msgs/cmake/ament_cmake_export_dependencies-extras.cmake
[28.346s] -- Up-to-date: /home/robotics/temp/new_ws/install/my_joystick_msgs/share/my_joystick_msgs/cmake/rosidl_cmake_export_typesupport_libraries-extras.cmake
[28.346s] -- Up-to-date: /home/robotics/temp/new_ws/install/my_joystick_msgs/share/my_joystick_msgs/cmake/my_joystick_msgsConfig.cmake
[28.349s] -- Up-to-date: /home/robotics/temp/new_ws/install/my_joystick_msgs/share/my_joystick_msgs/cmake/my_joystick_msgsConfig-version.cmake
[28.349s] -- Up-to-date: /home/robotics/temp/new_ws/install/my_joystick_msgs/share/my_joystick_msgs/package.xml
[28.359s] Invoked command in '/home/robotics/temp/new_ws/build/my_joystick_msgs' returned '0': CMAKE_PREFIX_PATH=${CMAKE_PREFIX_PATH}:/home/robotics/temp/new_ws/install/my_joystick_driver:/opt/ros/jazzy DEBUGINFOD_URLS=https://debuginfod.ubuntu.com /usr/bin/cmake --install /home/robotics/temp/new_ws/build/my_joystick_msgs
