[1.662s] DEBUG:colcon:Command line arguments: ['/home/robotics/.platformio/penv/bin/colcon', 'build', '--packages-select', 'joystick_bridge']
[1.663s] DEBUG:colcon:Parsed command line arguments: Namespace(log_base=None, log_level=None, verb_name='build', build_base='build', install_base='install', merge_install=False, symlink_install=False, test_result_base=None, continue_on_error=False, executor='parallel', parallel_workers=4, event_handlers=None, ignore_user_meta=False, metas=['./colcon.meta'], base_paths=['.'], packages_ignore=None, packages_ignore_regex=None, paths=None, packages_up_to=None, packages_up_to_regex=None, packages_above=None, packages_above_and_dependencies=None, packages_above_depth=None, packages_select_by_dep=None, packages_skip_by_dep=None, packages_skip_up_to=None, packages_select_build_failed=False, packages_skip_build_finished=False, packages_select_test_failures=False, packages_skip_test_passed=False, packages_select=['joystick_bridge'], packages_skip=None, packages_select_regex=None, packages_skip_regex=None, packages_start=None, packages_end=None, cmake_args=None, cmake_target=None, cmake_target_skip_unavailable=False, cmake_clean_cache=False, cmake_clean_first=False, cmake_force_configure=False, ament_cmake_args=None, catkin_cmake_args=None, catkin_skip_building_tests=False, verb_parser=<colcon_defaults.argument_parser.defaults.DefaultArgumentsDecorator object at 0xffff806093a0>, verb_extension=<colcon_core.verb.build.BuildVerb object at 0xffff80609160>, main=<bound method BuildVerb.main of <colcon_core.verb.build.BuildVerb object at 0xffff80609160>>)
[2.025s] Level 1:colcon.colcon_core.package_discovery:discover_packages(colcon_meta) check parameters
[2.025s] Level 1:colcon.colcon_core.package_discovery:discover_packages(recursive) check parameters
[2.025s] Level 1:colcon.colcon_core.package_discovery:discover_packages(ignore) check parameters
[2.026s] Level 1:colcon.colcon_core.package_discovery:discover_packages(path) check parameters
[2.026s] Level 1:colcon.colcon_core.package_discovery:discover_packages(colcon_meta) discover
[2.026s] Level 1:colcon.colcon_core.package_discovery:discover_packages(recursive) discover
[2.026s] INFO:colcon.colcon_core.package_discovery:Crawling recursively for packages in '/home/robotics/temp/new_ws'
[2.026s] Level 1:colcon.colcon_core.package_identification:_identify(.) by extensions ['ignore', 'ignore_ament_install']
[2.026s] Level 1:colcon.colcon_core.package_identification:_identify(.) by extension 'ignore'
[2.026s] Level 1:colcon.colcon_core.package_identification:_identify(.) by extension 'ignore_ament_install'
[2.026s] Level 1:colcon.colcon_core.package_identification:_identify(.) by extensions ['colcon_pkg']
[2.026s] Level 1:colcon.colcon_core.package_identification:_identify(.) by extension 'colcon_pkg'
[2.026s] Level 1:colcon.colcon_core.package_identification:_identify(.) by extensions ['colcon_meta']
[2.026s] Level 1:colcon.colcon_core.package_identification:_identify(.) by extension 'colcon_meta'
[2.026s] Level 1:colcon.colcon_core.package_identification:_identify(.) by extensions ['ros']
[2.026s] Level 1:colcon.colcon_core.package_identification:_identify(.) by extension 'ros'
[2.231s] Level 1:colcon.colcon_core.package_identification:_identify(.) by extensions ['cmake', 'python']
[2.231s] Level 1:colcon.colcon_core.package_identification:_identify(.) by extension 'cmake'
[2.231s] Level 1:colcon.colcon_core.package_identification:_identify(.) by extension 'python'
[2.232s] Level 1:colcon.colcon_core.package_identification:_identify(.) by extensions ['python_setup_py']
[2.232s] Level 1:colcon.colcon_core.package_identification:_identify(.) by extension 'python_setup_py'
[2.232s] Level 1:colcon.colcon_core.package_identification:_identify(build) by extensions ['ignore', 'ignore_ament_install']
[2.232s] Level 1:colcon.colcon_core.package_identification:_identify(build) by extension 'ignore'
[2.232s] Level 1:colcon.colcon_core.package_identification:_identify(build) ignored
[2.232s] Level 1:colcon.colcon_core.package_identification:_identify(install) by extensions ['ignore', 'ignore_ament_install']
[2.232s] Level 1:colcon.colcon_core.package_identification:_identify(install) by extension 'ignore'
[2.232s] Level 1:colcon.colcon_core.package_identification:_identify(install) ignored
[2.233s] Level 1:colcon.colcon_core.package_identification:_identify(log) by extensions ['ignore', 'ignore_ament_install']
[2.235s] Level 1:colcon.colcon_core.package_identification:_identify(log) by extension 'ignore'
[2.235s] Level 1:colcon.colcon_core.package_identification:_identify(log) ignored
[2.235s] Level 1:colcon.colcon_core.package_identification:_identify(src) by extensions ['ignore', 'ignore_ament_install']
[2.236s] Level 1:colcon.colcon_core.package_identification:_identify(src) by extension 'ignore'
[2.236s] Level 1:colcon.colcon_core.package_identification:_identify(src) by extension 'ignore_ament_install'
[2.236s] Level 1:colcon.colcon_core.package_identification:_identify(src) by extensions ['colcon_pkg']
[2.236s] Level 1:colcon.colcon_core.package_identification:_identify(src) by extension 'colcon_pkg'
[2.236s] Level 1:colcon.colcon_core.package_identification:_identify(src) by extensions ['colcon_meta']
[2.237s] Level 1:colcon.colcon_core.package_identification:_identify(src) by extension 'colcon_meta'
[2.237s] Level 1:colcon.colcon_core.package_identification:_identify(src) by extensions ['ros']
[2.237s] Level 1:colcon.colcon_core.package_identification:_identify(src) by extension 'ros'
[2.237s] Level 1:colcon.colcon_core.package_identification:_identify(src) by extensions ['cmake', 'python']
[2.237s] Level 1:colcon.colcon_core.package_identification:_identify(src) by extension 'cmake'
[2.237s] Level 1:colcon.colcon_core.package_identification:_identify(src) by extension 'python'
[2.237s] Level 1:colcon.colcon_core.package_identification:_identify(src) by extensions ['python_setup_py']
[2.237s] Level 1:colcon.colcon_core.package_identification:_identify(src) by extension 'python_setup_py'
[2.237s] Level 1:colcon.colcon_core.package_identification:_identify(src/joystick_bridge) by extensions ['ignore', 'ignore_ament_install']
[2.238s] Level 1:colcon.colcon_core.package_identification:_identify(src/joystick_bridge) by extension 'ignore'
[2.238s] Level 1:colcon.colcon_core.package_identification:_identify(src/joystick_bridge) by extension 'ignore_ament_install'
[2.240s] Level 1:colcon.colcon_core.package_identification:_identify(src/joystick_bridge) by extensions ['colcon_pkg']
[2.240s] Level 1:colcon.colcon_core.package_identification:_identify(src/joystick_bridge) by extension 'colcon_pkg'
[2.241s] Level 1:colcon.colcon_core.package_identification:_identify(src/joystick_bridge) by extensions ['colcon_meta']
[2.241s] Level 1:colcon.colcon_core.package_identification:_identify(src/joystick_bridge) by extension 'colcon_meta'
[2.241s] Level 1:colcon.colcon_core.package_identification:_identify(src/joystick_bridge) by extensions ['ros']
[2.241s] Level 1:colcon.colcon_core.package_identification:_identify(src/joystick_bridge) by extension 'ros'
[2.249s] DEBUG:colcon.colcon_core.package_identification:Package 'src/joystick_bridge' with type 'ros.ament_python' and name 'joystick_bridge'
[2.249s] Level 1:colcon.colcon_core.package_identification:_identify(src/my_joystick_driver) by extensions ['ignore', 'ignore_ament_install']
[2.250s] Level 1:colcon.colcon_core.package_identification:_identify(src/my_joystick_driver) by extension 'ignore'
[2.250s] Level 1:colcon.colcon_core.package_identification:_identify(src/my_joystick_driver) by extension 'ignore_ament_install'
[2.250s] Level 1:colcon.colcon_core.package_identification:_identify(src/my_joystick_driver) by extensions ['colcon_pkg']
[2.250s] Level 1:colcon.colcon_core.package_identification:_identify(src/my_joystick_driver) by extension 'colcon_pkg'
[2.250s] Level 1:colcon.colcon_core.package_identification:_identify(src/my_joystick_driver) by extensions ['colcon_meta']
[2.250s] Level 1:colcon.colcon_core.package_identification:_identify(src/my_joystick_driver) by extension 'colcon_meta'
[2.251s] Level 1:colcon.colcon_core.package_identification:_identify(src/my_joystick_driver) by extensions ['ros']
[2.251s] Level 1:colcon.colcon_core.package_identification:_identify(src/my_joystick_driver) by extension 'ros'
[2.252s] DEBUG:colcon.colcon_core.package_identification:Package 'src/my_joystick_driver' with type 'ros.ament_python' and name 'my_joystick_driver'
[2.256s] Level 1:colcon.colcon_core.package_identification:_identify(src/my_joystick_msgs) by extensions ['ignore', 'ignore_ament_install']
[2.256s] Level 1:colcon.colcon_core.package_identification:_identify(src/my_joystick_msgs) by extension 'ignore'
[2.256s] Level 1:colcon.colcon_core.package_identification:_identify(src/my_joystick_msgs) by extension 'ignore_ament_install'
[2.256s] Level 1:colcon.colcon_core.package_identification:_identify(src/my_joystick_msgs) by extensions ['colcon_pkg']
[2.256s] Level 1:colcon.colcon_core.package_identification:_identify(src/my_joystick_msgs) by extension 'colcon_pkg'
[2.256s] Level 1:colcon.colcon_core.package_identification:_identify(src/my_joystick_msgs) by extensions ['colcon_meta']
[2.257s] Level 1:colcon.colcon_core.package_identification:_identify(src/my_joystick_msgs) by extension 'colcon_meta'
[2.257s] Level 1:colcon.colcon_core.package_identification:_identify(src/my_joystick_msgs) by extensions ['ros']
[2.257s] Level 1:colcon.colcon_core.package_identification:_identify(src/my_joystick_msgs) by extension 'ros'
[2.263s] DEBUG:colcon.colcon_core.package_identification:Package 'src/my_joystick_msgs' with type 'ros.ament_cmake' and name 'my_joystick_msgs'
[2.263s] Level 1:colcon.colcon_core.package_discovery:discover_packages(recursive) using defaults
[2.263s] Level 1:colcon.colcon_core.package_discovery:discover_packages(ignore) discover
[2.263s] Level 1:colcon.colcon_core.package_discovery:discover_packages(ignore) using defaults
[2.263s] Level 1:colcon.colcon_core.package_discovery:discover_packages(path) discover
[2.263s] Level 1:colcon.colcon_core.package_discovery:discover_packages(path) using defaults
[2.402s] INFO:colcon.colcon_core.package_selection:Skipping not selected package 'my_joystick_msgs' in 'src/my_joystick_msgs'
[2.403s] INFO:colcon.colcon_core.package_selection:Skipping not selected package 'my_joystick_driver' in 'src/my_joystick_driver'
[2.404s] Level 5:colcon.colcon_core.verb:set package 'joystick_bridge' build argument 'cmake_args' from command line to 'None'
[2.404s] Level 5:colcon.colcon_core.verb:set package 'joystick_bridge' build argument 'cmake_target' from command line to 'None'
[2.404s] Level 5:colcon.colcon_core.verb:set package 'joystick_bridge' build argument 'cmake_target_skip_unavailable' from command line to 'False'
[2.404s] Level 5:colcon.colcon_core.verb:set package 'joystick_bridge' build argument 'cmake_clean_cache' from command line to 'False'
[2.404s] Level 5:colcon.colcon_core.verb:set package 'joystick_bridge' build argument 'cmake_clean_first' from command line to 'False'
[2.404s] Level 5:colcon.colcon_core.verb:set package 'joystick_bridge' build argument 'cmake_force_configure' from command line to 'False'
[2.404s] Level 5:colcon.colcon_core.verb:set package 'joystick_bridge' build argument 'ament_cmake_args' from command line to 'None'
[2.404s] Level 5:colcon.colcon_core.verb:set package 'joystick_bridge' build argument 'catkin_cmake_args' from command line to 'None'
[2.404s] Level 5:colcon.colcon_core.verb:set package 'joystick_bridge' build argument 'catkin_skip_building_tests' from command line to 'False'
[2.404s] DEBUG:colcon.colcon_core.verb:Building package 'joystick_bridge' with the following arguments: {'ament_cmake_args': None, 'build_base': '/home/robotics/temp/new_ws/build/joystick_bridge', 'catkin_cmake_args': None, 'catkin_skip_building_tests': False, 'cmake_args': None, 'cmake_clean_cache': False, 'cmake_clean_first': False, 'cmake_force_configure': False, 'cmake_target': None, 'cmake_target_skip_unavailable': False, 'install_base': '/home/robotics/temp/new_ws/install/joystick_bridge', 'merge_install': False, 'path': '/home/robotics/temp/new_ws/src/joystick_bridge', 'symlink_install': False, 'test_result_base': None}
[2.405s] INFO:colcon.colcon_core.executor:Executing jobs using 'parallel' executor
[2.407s] DEBUG:colcon.colcon_parallel_executor.executor.parallel:run_until_complete
[2.407s] INFO:colcon.colcon_ros.task.ament_python.build:Building ROS package in '/home/robotics/temp/new_ws/src/joystick_bridge' with build type 'ament_python'
[2.408s] Level 1:colcon.colcon_core.shell:create_environment_hook('joystick_bridge', 'ament_prefix_path')
[2.431s] INFO:colcon.colcon_core.plugin_system:Skipping extension 'colcon_core.shell.bat': Not used on non-Windows systems
[2.432s] INFO:colcon.colcon_core.shell:Creating environment hook '/home/robotics/temp/new_ws/install/joystick_bridge/share/joystick_bridge/hook/ament_prefix_path.ps1'
[2.439s] INFO:colcon.colcon_core.shell:Creating environment descriptor '/home/robotics/temp/new_ws/install/joystick_bridge/share/joystick_bridge/hook/ament_prefix_path.dsv'
[2.445s] INFO:colcon.colcon_core.shell:Creating environment hook '/home/robotics/temp/new_ws/install/joystick_bridge/share/joystick_bridge/hook/ament_prefix_path.sh'
[2.449s] INFO:colcon.colcon_core.shell:Skip shell extension 'powershell' for command environment: Not usable outside of PowerShell
[2.452s] DEBUG:colcon.colcon_core.shell:Skip shell extension 'dsv' for command environment
[3.095s] INFO:colcon.colcon_core.task.python.build:Building Python package in '/home/robotics/temp/new_ws/src/joystick_bridge'
[3.096s] INFO:colcon.colcon_core.shell:Skip shell extension 'powershell' for command environment: Not usable outside of PowerShell
[3.096s] DEBUG:colcon.colcon_core.shell:Skip shell extension 'dsv' for command environment
[5.250s] DEBUG:colcon.colcon_core.event_handler.log_command:Invoking command in '/home/robotics/temp/new_ws/src/joystick_bridge': DEBUGINFOD_URLS=https://debuginfod.ubuntu.com PYTHONPATH=/home/robotics/temp/new_ws/build/joystick_bridge/prefix_override:/home/robotics/.platformio/penv/lib/python3.12/site-packages/colcon_core/task/python/colcon_distutils_commands:/home/robotics/temp/new_ws/install/joystick_bridge/lib/python3.12/site-packages:/home/robotics/temp/new_ws/install/my_joystick_msgs/lib/python3.12/site-packages:/home/robotics/temp/new_ws/install/my_joystick_driver/lib/python3.12/site-packages:/opt/ros/jazzy/lib/python3.12/site-packages /home/robotics/.platformio/penv/bin/python -W ignore:setup.py install is deprecated -W ignore:easy_install command is deprecated setup.py egg_info --egg-base ../../build/joystick_bridge build --build-base /home/robotics/temp/new_ws/build/joystick_bridge/build install --record /home/robotics/temp/new_ws/build/joystick_bridge/install.log --single-version-externally-managed install_data
[6.706s] DEBUG:colcon.colcon_core.event_handler.log_command:Invoked command in '/home/robotics/temp/new_ws/src/joystick_bridge' returned '0': DEBUGINFOD_URLS=https://debuginfod.ubuntu.com PYTHONPATH=/home/robotics/temp/new_ws/build/joystick_bridge/prefix_override:/home/robotics/.platformio/penv/lib/python3.12/site-packages/colcon_core/task/python/colcon_distutils_commands:/home/robotics/temp/new_ws/install/joystick_bridge/lib/python3.12/site-packages:/home/robotics/temp/new_ws/install/my_joystick_msgs/lib/python3.12/site-packages:/home/robotics/temp/new_ws/install/my_joystick_driver/lib/python3.12/site-packages:/opt/ros/jazzy/lib/python3.12/site-packages /home/robotics/.platformio/penv/bin/python -W ignore:setup.py install is deprecated -W ignore:easy_install command is deprecated setup.py egg_info --egg-base ../../build/joystick_bridge build --build-base /home/robotics/temp/new_ws/build/joystick_bridge/build install --record /home/robotics/temp/new_ws/build/joystick_bridge/install.log --single-version-externally-managed install_data
[6.742s] Level 1:colcon.colcon_core.environment:checking '/home/robotics/temp/new_ws/install/joystick_bridge' for CMake module files
[6.746s] Level 1:colcon.colcon_core.environment:checking '/home/robotics/temp/new_ws/install/joystick_bridge' for CMake config files
[6.747s] Level 1:colcon.colcon_core.environment:checking '/home/robotics/temp/new_ws/install/joystick_bridge/lib'
[6.748s] Level 1:colcon.colcon_core.environment:checking '/home/robotics/temp/new_ws/install/joystick_bridge/bin'
[6.748s] Level 1:colcon.colcon_core.shell:create_environment_hook('joystick_bridge', 'path')
[6.748s] INFO:colcon.colcon_core.shell:Creating environment hook '/home/robotics/temp/new_ws/install/joystick_bridge/share/joystick_bridge/hook/path.ps1'
[6.751s] INFO:colcon.colcon_core.shell:Creating environment descriptor '/home/robotics/temp/new_ws/install/joystick_bridge/share/joystick_bridge/hook/path.dsv'
[6.757s] INFO:colcon.colcon_core.shell:Creating environment hook '/home/robotics/temp/new_ws/install/joystick_bridge/share/joystick_bridge/hook/path.sh'
[6.760s] Level 1:colcon.colcon_core.environment:checking '/home/robotics/temp/new_ws/install/joystick_bridge/lib/pkgconfig/joystick_bridge.pc'
[6.760s] Level 1:colcon.colcon_core.environment:checking '/home/robotics/temp/new_ws/install/joystick_bridge/lib/python3.12/site-packages'
[6.763s] Level 1:colcon.colcon_core.shell:create_environment_hook('joystick_bridge', 'pythonpath')
[6.763s] INFO:colcon.colcon_core.shell:Creating environment hook '/home/robotics/temp/new_ws/install/joystick_bridge/share/joystick_bridge/hook/pythonpath.ps1'
[6.768s] INFO:colcon.colcon_core.shell:Creating environment descriptor '/home/robotics/temp/new_ws/install/joystick_bridge/share/joystick_bridge/hook/pythonpath.dsv'
[6.768s] INFO:colcon.colcon_core.shell:Creating environment hook '/home/robotics/temp/new_ws/install/joystick_bridge/share/joystick_bridge/hook/pythonpath.sh'
[6.785s] Level 1:colcon.colcon_core.environment:checking '/home/robotics/temp/new_ws/install/joystick_bridge/bin'
[6.785s] Level 1:colcon.colcon_core.shell:create_environment_hook('joystick_bridge', 'pythonscriptspath')
[6.786s] INFO:colcon.colcon_core.shell:Creating environment hook '/home/robotics/temp/new_ws/install/joystick_bridge/share/joystick_bridge/hook/pythonscriptspath.ps1'
[6.786s] INFO:colcon.colcon_core.shell:Creating environment descriptor '/home/robotics/temp/new_ws/install/joystick_bridge/share/joystick_bridge/hook/pythonscriptspath.dsv'
[6.797s] INFO:colcon.colcon_core.shell:Creating environment hook '/home/robotics/temp/new_ws/install/joystick_bridge/share/joystick_bridge/hook/pythonscriptspath.sh'
[6.799s] Level 1:colcon.colcon_core.environment:create_environment_scripts_only(joystick_bridge)
[6.801s] INFO:colcon.colcon_core.shell:Creating package script '/home/robotics/temp/new_ws/install/joystick_bridge/share/joystick_bridge/package.ps1'
[6.805s] INFO:colcon.colcon_core.shell:Creating package descriptor '/home/robotics/temp/new_ws/install/joystick_bridge/share/joystick_bridge/package.dsv'
[6.809s] INFO:colcon.colcon_core.shell:Creating package script '/home/robotics/temp/new_ws/install/joystick_bridge/share/joystick_bridge/package.sh'
[6.812s] INFO:colcon.colcon_core.shell:Creating package script '/home/robotics/temp/new_ws/install/joystick_bridge/share/joystick_bridge/package.bash'
[6.819s] INFO:colcon.colcon_core.shell:Creating package script '/home/robotics/temp/new_ws/install/joystick_bridge/share/joystick_bridge/package.zsh'
[6.824s] Level 1:colcon.colcon_core.environment:create_file_with_runtime_dependencies(/home/robotics/temp/new_ws/install/joystick_bridge/share/colcon-core/packages/joystick_bridge)
[6.825s] DEBUG:colcon.colcon_parallel_executor.executor.parallel:closing loop
[6.825s] DEBUG:colcon.colcon_parallel_executor.executor.parallel:loop closed
[6.825s] DEBUG:colcon.colcon_parallel_executor.executor.parallel:run_until_complete finished with '0'
[6.826s] DEBUG:colcon.colcon_core.event_reactor:joining thread
[6.835s] INFO:colcon.colcon_core.plugin_system:Skipping extension 'colcon_notification.desktop_notification.notify2': 'notify2' not found
[6.836s] INFO:colcon.colcon_core.plugin_system:Skipping extension 'colcon_notification.desktop_notification.terminal_notifier': Not used on non-Darwin systems
[6.837s] INFO:colcon.colcon_core.plugin_system:Skipping extension 'colcon_notification.desktop_notification.win32': Not used on non-Windows systems
[6.837s] INFO:colcon.colcon_notification.desktop_notification:Sending desktop notification using 'notify_send'
[6.917s] DEBUG:colcon.colcon_core.event_reactor:joined thread
[6.918s] INFO:colcon.colcon_core.shell:Creating prefix script '/home/robotics/temp/new_ws/install/local_setup.ps1'
[6.921s] INFO:colcon.colcon_core.shell:Creating prefix util module '/home/robotics/temp/new_ws/install/_local_setup_util_ps1.py'
[6.933s] INFO:colcon.colcon_core.shell:Creating prefix chain script '/home/robotics/temp/new_ws/install/setup.ps1'
[6.940s] INFO:colcon.colcon_core.shell:Creating prefix script '/home/robotics/temp/new_ws/install/local_setup.sh'
[6.954s] INFO:colcon.colcon_core.shell:Creating prefix util module '/home/robotics/temp/new_ws/install/_local_setup_util_sh.py'
[6.956s] INFO:colcon.colcon_core.shell:Creating prefix chain script '/home/robotics/temp/new_ws/install/setup.sh'
[6.964s] INFO:colcon.colcon_core.shell:Creating prefix script '/home/robotics/temp/new_ws/install/local_setup.bash'
[6.966s] INFO:colcon.colcon_core.shell:Creating prefix chain script '/home/robotics/temp/new_ws/install/setup.bash'
[6.971s] INFO:colcon.colcon_core.shell:Creating prefix script '/home/robotics/temp/new_ws/install/local_setup.zsh'
[6.993s] INFO:colcon.colcon_core.shell:Creating prefix chain script '/home/robotics/temp/new_ws/install/setup.zsh'
