/home/robotics/.platformio/penv/lib/python3.12/site-packages/setuptools/_distutils/dist.py:289: UserWarning: Unknown distribution option: 'tests_require'
  warnings.warn(msg)
running egg_info
creating ../../build/joystick_bridge/joystick_bridge.egg-info
writing ../../build/joystick_bridge/joystick_bridge.egg-info/PKG-INFO
writing dependency_links to ../../build/joystick_bridge/joystick_bridge.egg-info/dependency_links.txt
writing entry points to ../../build/joystick_bridge/joystick_bridge.egg-info/entry_points.txt
writing requirements to ../../build/joystick_bridge/joystick_bridge.egg-info/requires.txt
writing top-level names to ../../build/joystick_bridge/joystick_bridge.egg-info/top_level.txt
writing manifest file '../../build/joystick_bridge/joystick_bridge.egg-info/SOURCES.txt'
reading manifest file '../../build/joystick_bridge/joystick_bridge.egg-info/SOURCES.txt'
writing manifest file '../../build/joystick_bridge/joystick_bridge.egg-info/SOURCES.txt'
running build
running build_py
creating /home/robotics/temp/new_ws/build/joystick_bridge/build/lib/joystick_bridge
copying joystick_bridge/__init__.py -> /home/robotics/temp/new_ws/build/joystick_bridge/build/lib/joystick_bridge
copying joystick_bridge/joystick_bridge.py -> /home/robotics/temp/new_ws/build/joystick_bridge/build/lib/joystick_bridge
running install
running install_lib
creating /home/robotics/temp/new_ws/install/joystick_bridge/lib/python3.12/site-packages/joystick_bridge
copying /home/robotics/temp/new_ws/build/joystick_bridge/build/lib/joystick_bridge/__init__.py -> /home/robotics/temp/new_ws/install/joystick_bridge/lib/python3.12/site-packages/joystick_bridge
copying /home/robotics/temp/new_ws/build/joystick_bridge/build/lib/joystick_bridge/joystick_bridge.py -> /home/robotics/temp/new_ws/install/joystick_bridge/lib/python3.12/site-packages/joystick_bridge
byte-compiling /home/robotics/temp/new_ws/install/joystick_bridge/lib/python3.12/site-packages/joystick_bridge/__init__.py to __init__.cpython-312.pyc
byte-compiling /home/robotics/temp/new_ws/install/joystick_bridge/lib/python3.12/site-packages/joystick_bridge/joystick_bridge.py to joystick_bridge.cpython-312.pyc
running install_data
creating /home/robotics/temp/new_ws/install/joystick_bridge/share/ament_index/resource_index/packages
copying resource/joystick_bridge -> /home/robotics/temp/new_ws/install/joystick_bridge/share/ament_index/resource_index/packages
copying package.xml -> /home/robotics/temp/new_ws/install/joystick_bridge/share/joystick_bridge
running install_egg_info
Copying ../../build/joystick_bridge/joystick_bridge.egg-info to /home/robotics/temp/new_ws/install/joystick_bridge/lib/python3.12/site-packages/joystick_bridge-1.0.0-py3.12.egg-info
running install_scripts
Installing joystick_bridge script to /home/robotics/temp/new_ws/install/joystick_bridge/bin
writing list of installed files to '/home/robotics/temp/new_ws/build/joystick_bridge/install.log'
