[2.842s] Invoking command in '/home/robotics/temp/new_ws/src/joystick_bridge': DEBUGINFOD_URLS=https://debuginfod.ubuntu.com PYTHONPATH=/home/robotics/temp/new_ws/build/joystick_bridge/prefix_override:/home/robotics/.platformio/penv/lib/python3.12/site-packages/colcon_core/task/python/colcon_distutils_commands:/home/robotics/temp/new_ws/install/joystick_bridge/lib/python3.12/site-packages:/home/robotics/temp/new_ws/install/my_joystick_msgs/lib/python3.12/site-packages:/home/robotics/temp/new_ws/install/my_joystick_driver/lib/python3.12/site-packages:/opt/ros/jazzy/lib/python3.12/site-packages /home/robotics/.platformio/penv/bin/python -W ignore:setup.py install is deprecated -W ignore:easy_install command is deprecated setup.py egg_info --egg-base ../../build/joystick_bridge build --build-base /home/robotics/temp/new_ws/build/joystick_bridge/build install --record /home/robotics/temp/new_ws/build/joystick_bridge/install.log --single-version-externally-managed install_data
[3.345s] /home/robotics/.platformio/penv/lib/python3.12/site-packages/setuptools/_distutils/dist.py:289: UserWarning: Unknown distribution option: 'tests_require'
[3.345s]   warnings.warn(msg)
[3.548s] running egg_info
[3.580s] creating ../../build/joystick_bridge/joystick_bridge.egg-info
[3.580s] writing ../../build/joystick_bridge/joystick_bridge.egg-info/PKG-INFO
[3.582s] writing dependency_links to ../../build/joystick_bridge/joystick_bridge.egg-info/dependency_links.txt
[3.583s] writing entry points to ../../build/joystick_bridge/joystick_bridge.egg-info/entry_points.txt
[3.584s] writing requirements to ../../build/joystick_bridge/joystick_bridge.egg-info/requires.txt
[3.585s] writing top-level names to ../../build/joystick_bridge/joystick_bridge.egg-info/top_level.txt
[3.587s] writing manifest file '../../build/joystick_bridge/joystick_bridge.egg-info/SOURCES.txt'
[3.774s] reading manifest file '../../build/joystick_bridge/joystick_bridge.egg-info/SOURCES.txt'
[3.776s] writing manifest file '../../build/joystick_bridge/joystick_bridge.egg-info/SOURCES.txt'
[3.779s] running build
[3.784s] running build_py
[3.785s] creating /home/robotics/temp/new_ws/build/joystick_bridge/build/lib/joystick_bridge
[3.787s] copying joystick_bridge/__init__.py -> /home/robotics/temp/new_ws/build/joystick_bridge/build/lib/joystick_bridge
[3.790s] copying joystick_bridge/joystick_bridge.py -> /home/robotics/temp/new_ws/build/joystick_bridge/build/lib/joystick_bridge
[3.791s] running install
[3.804s] running install_lib
[3.857s] creating /home/robotics/temp/new_ws/install/joystick_bridge/lib/python3.12/site-packages/joystick_bridge
[3.864s] copying /home/robotics/temp/new_ws/build/joystick_bridge/build/lib/joystick_bridge/__init__.py -> /home/robotics/temp/new_ws/install/joystick_bridge/lib/python3.12/site-packages/joystick_bridge
[3.864s] copying /home/robotics/temp/new_ws/build/joystick_bridge/build/lib/joystick_bridge/joystick_bridge.py -> /home/robotics/temp/new_ws/install/joystick_bridge/lib/python3.12/site-packages/joystick_bridge
[3.864s] byte-compiling /home/robotics/temp/new_ws/install/joystick_bridge/lib/python3.12/site-packages/joystick_bridge/__init__.py to __init__.cpython-312.pyc
[3.873s] byte-compiling /home/robotics/temp/new_ws/install/joystick_bridge/lib/python3.12/site-packages/joystick_bridge/joystick_bridge.py to joystick_bridge.cpython-312.pyc
[3.873s] running install_data
[3.877s] creating /home/robotics/temp/new_ws/install/joystick_bridge/share/ament_index/resource_index/packages
[3.878s] copying resource/joystick_bridge -> /home/robotics/temp/new_ws/install/joystick_bridge/share/ament_index/resource_index/packages
[3.878s] copying package.xml -> /home/robotics/temp/new_ws/install/joystick_bridge/share/joystick_bridge
[3.880s] running install_egg_info
[3.906s] Copying ../../build/joystick_bridge/joystick_bridge.egg-info to /home/robotics/temp/new_ws/install/joystick_bridge/lib/python3.12/site-packages/joystick_bridge-1.0.0-py3.12.egg-info
[3.909s] running install_scripts
[4.177s] Installing joystick_bridge script to /home/robotics/temp/new_ws/install/joystick_bridge/bin
[4.177s] writing list of installed files to '/home/robotics/temp/new_ws/build/joystick_bridge/install.log'
[4.298s] Invoked command in '/home/robotics/temp/new_ws/src/joystick_bridge' returned '0': DEBUGINFOD_URLS=https://debuginfod.ubuntu.com PYTHONPATH=/home/robotics/temp/new_ws/build/joystick_bridge/prefix_override:/home/robotics/.platformio/penv/lib/python3.12/site-packages/colcon_core/task/python/colcon_distutils_commands:/home/robotics/temp/new_ws/install/joystick_bridge/lib/python3.12/site-packages:/home/robotics/temp/new_ws/install/my_joystick_msgs/lib/python3.12/site-packages:/home/robotics/temp/new_ws/install/my_joystick_driver/lib/python3.12/site-packages:/opt/ros/jazzy/lib/python3.12/site-packages /home/robotics/.platformio/penv/bin/python -W ignore:setup.py install is deprecated -W ignore:easy_install command is deprecated setup.py egg_info --egg-base ../../build/joystick_bridge build --build-base /home/robotics/temp/new_ws/build/joystick_bridge/build install --record /home/robotics/temp/new_ws/build/joystick_bridge/install.log --single-version-externally-managed install_data
