[1.311s] DEBUG:colcon:Command line arguments: ['/home/robotics/.platformio/penv/bin/colcon', 'build', '--packages-select', 'my_joystick_msgs', 'my_joystick_driver']
[1.311s] DEBUG:colcon:Parsed command line arguments: Namespace(log_base=None, log_level=None, verb_name='build', build_base='build', install_base='install', merge_install=False, symlink_install=False, test_result_base=None, continue_on_error=False, executor='parallel', parallel_workers=4, event_handlers=None, ignore_user_meta=False, metas=['./colcon.meta'], base_paths=['.'], packages_ignore=None, packages_ignore_regex=None, paths=None, packages_up_to=None, packages_up_to_regex=None, packages_above=None, packages_above_and_dependencies=None, packages_above_depth=None, packages_select_by_dep=None, packages_skip_by_dep=None, packages_skip_up_to=None, packages_select_build_failed=False, packages_skip_build_finished=False, packages_select_test_failures=False, packages_skip_test_passed=False, packages_select=['my_joystick_msgs', 'my_joystick_driver'], packages_skip=None, packages_select_regex=None, packages_skip_regex=None, packages_start=None, packages_end=None, cmake_args=None, cmake_target=None, cmake_target_skip_unavailable=False, cmake_clean_cache=False, cmake_clean_first=False, cmake_force_configure=False, ament_cmake_args=None, catkin_cmake_args=None, catkin_skip_building_tests=False, verb_parser=<colcon_defaults.argument_parser.defaults.DefaultArgumentsDecorator object at 0xffff7eb35370>, verb_extension=<colcon_core.verb.build.BuildVerb object at 0xffff7eb350a0>, main=<bound method BuildVerb.main of <colcon_core.verb.build.BuildVerb object at 0xffff7eb350a0>>)
[1.690s] Level 1:colcon.colcon_core.package_discovery:discover_packages(colcon_meta) check parameters
[1.690s] Level 1:colcon.colcon_core.package_discovery:discover_packages(recursive) check parameters
[1.690s] Level 1:colcon.colcon_core.package_discovery:discover_packages(ignore) check parameters
[1.690s] Level 1:colcon.colcon_core.package_discovery:discover_packages(path) check parameters
[1.690s] Level 1:colcon.colcon_core.package_discovery:discover_packages(colcon_meta) discover
[1.690s] Level 1:colcon.colcon_core.package_discovery:discover_packages(recursive) discover
[1.690s] INFO:colcon.colcon_core.package_discovery:Crawling recursively for packages in '/home/robotics/temp/new_ws'
[1.691s] Level 1:colcon.colcon_core.package_identification:_identify(.) by extensions ['ignore', 'ignore_ament_install']
[1.691s] Level 1:colcon.colcon_core.package_identification:_identify(.) by extension 'ignore'
[1.691s] Level 1:colcon.colcon_core.package_identification:_identify(.) by extension 'ignore_ament_install'
[1.691s] Level 1:colcon.colcon_core.package_identification:_identify(.) by extensions ['colcon_pkg']
[1.691s] Level 1:colcon.colcon_core.package_identification:_identify(.) by extension 'colcon_pkg'
[1.691s] Level 1:colcon.colcon_core.package_identification:_identify(.) by extensions ['colcon_meta']
[1.691s] Level 1:colcon.colcon_core.package_identification:_identify(.) by extension 'colcon_meta'
[1.691s] Level 1:colcon.colcon_core.package_identification:_identify(.) by extensions ['ros']
[1.691s] Level 1:colcon.colcon_core.package_identification:_identify(.) by extension 'ros'
[1.870s] Level 1:colcon.colcon_core.package_identification:_identify(.) by extensions ['cmake', 'python']
[1.870s] Level 1:colcon.colcon_core.package_identification:_identify(.) by extension 'cmake'
[1.870s] Level 1:colcon.colcon_core.package_identification:_identify(.) by extension 'python'
[1.871s] Level 1:colcon.colcon_core.package_identification:_identify(.) by extensions ['python_setup_py']
[1.871s] Level 1:colcon.colcon_core.package_identification:_identify(.) by extension 'python_setup_py'
[1.871s] Level 1:colcon.colcon_core.package_identification:_identify(build) by extensions ['ignore', 'ignore_ament_install']
[1.871s] Level 1:colcon.colcon_core.package_identification:_identify(build) by extension 'ignore'
[1.871s] Level 1:colcon.colcon_core.package_identification:_identify(build) ignored
[1.871s] Level 1:colcon.colcon_core.package_identification:_identify(install) by extensions ['ignore', 'ignore_ament_install']
[1.871s] Level 1:colcon.colcon_core.package_identification:_identify(install) by extension 'ignore'
[1.872s] Level 1:colcon.colcon_core.package_identification:_identify(install) ignored
[1.872s] Level 1:colcon.colcon_core.package_identification:_identify(log) by extensions ['ignore', 'ignore_ament_install']
[1.872s] Level 1:colcon.colcon_core.package_identification:_identify(log) by extension 'ignore'
[1.872s] Level 1:colcon.colcon_core.package_identification:_identify(log) ignored
[1.872s] Level 1:colcon.colcon_core.package_identification:_identify(src) by extensions ['ignore', 'ignore_ament_install']
[1.872s] Level 1:colcon.colcon_core.package_identification:_identify(src) by extension 'ignore'
[1.872s] Level 1:colcon.colcon_core.package_identification:_identify(src) by extension 'ignore_ament_install'
[1.872s] Level 1:colcon.colcon_core.package_identification:_identify(src) by extensions ['colcon_pkg']
[1.872s] Level 1:colcon.colcon_core.package_identification:_identify(src) by extension 'colcon_pkg'
[1.872s] Level 1:colcon.colcon_core.package_identification:_identify(src) by extensions ['colcon_meta']
[1.872s] Level 1:colcon.colcon_core.package_identification:_identify(src) by extension 'colcon_meta'
[1.873s] Level 1:colcon.colcon_core.package_identification:_identify(src) by extensions ['ros']
[1.873s] Level 1:colcon.colcon_core.package_identification:_identify(src) by extension 'ros'
[1.873s] Level 1:colcon.colcon_core.package_identification:_identify(src) by extensions ['cmake', 'python']
[1.873s] Level 1:colcon.colcon_core.package_identification:_identify(src) by extension 'cmake'
[1.873s] Level 1:colcon.colcon_core.package_identification:_identify(src) by extension 'python'
[1.873s] Level 1:colcon.colcon_core.package_identification:_identify(src) by extensions ['python_setup_py']
[1.873s] Level 1:colcon.colcon_core.package_identification:_identify(src) by extension 'python_setup_py'
[1.874s] Level 1:colcon.colcon_core.package_identification:_identify(src/my_joystick_driver) by extensions ['ignore', 'ignore_ament_install']
[1.874s] Level 1:colcon.colcon_core.package_identification:_identify(src/my_joystick_driver) by extension 'ignore'
[1.874s] Level 1:colcon.colcon_core.package_identification:_identify(src/my_joystick_driver) by extension 'ignore_ament_install'
[1.874s] Level 1:colcon.colcon_core.package_identification:_identify(src/my_joystick_driver) by extensions ['colcon_pkg']
[1.874s] Level 1:colcon.colcon_core.package_identification:_identify(src/my_joystick_driver) by extension 'colcon_pkg'
[1.874s] Level 1:colcon.colcon_core.package_identification:_identify(src/my_joystick_driver) by extensions ['colcon_meta']
[1.874s] Level 1:colcon.colcon_core.package_identification:_identify(src/my_joystick_driver) by extension 'colcon_meta'
[1.875s] Level 1:colcon.colcon_core.package_identification:_identify(src/my_joystick_driver) by extensions ['ros']
[1.875s] Level 1:colcon.colcon_core.package_identification:_identify(src/my_joystick_driver) by extension 'ros'
[1.895s] DEBUG:colcon.colcon_core.package_identification:Package 'src/my_joystick_driver' with type 'ros.ament_python' and name 'my_joystick_driver'
[1.895s] Level 1:colcon.colcon_core.package_identification:_identify(src/my_joystick_msgs) by extensions ['ignore', 'ignore_ament_install']
[1.896s] Level 1:colcon.colcon_core.package_identification:_identify(src/my_joystick_msgs) by extension 'ignore'
[1.896s] Level 1:colcon.colcon_core.package_identification:_identify(src/my_joystick_msgs) by extension 'ignore_ament_install'
[1.896s] Level 1:colcon.colcon_core.package_identification:_identify(src/my_joystick_msgs) by extensions ['colcon_pkg']
[1.896s] Level 1:colcon.colcon_core.package_identification:_identify(src/my_joystick_msgs) by extension 'colcon_pkg'
[1.896s] Level 1:colcon.colcon_core.package_identification:_identify(src/my_joystick_msgs) by extensions ['colcon_meta']
[1.896s] Level 1:colcon.colcon_core.package_identification:_identify(src/my_joystick_msgs) by extension 'colcon_meta'
[1.896s] Level 1:colcon.colcon_core.package_identification:_identify(src/my_joystick_msgs) by extensions ['ros']
[1.896s] Level 1:colcon.colcon_core.package_identification:_identify(src/my_joystick_msgs) by extension 'ros'
[1.900s] DEBUG:colcon.colcon_core.package_identification:Package 'src/my_joystick_msgs' with type 'ros.ament_cmake' and name 'my_joystick_msgs'
[1.900s] Level 1:colcon.colcon_core.package_discovery:discover_packages(recursive) using defaults
[1.900s] Level 1:colcon.colcon_core.package_discovery:discover_packages(ignore) discover
[1.901s] Level 1:colcon.colcon_core.package_discovery:discover_packages(ignore) using defaults
[1.901s] Level 1:colcon.colcon_core.package_discovery:discover_packages(path) discover
[1.901s] Level 1:colcon.colcon_core.package_discovery:discover_packages(path) using defaults
[2.002s] Level 5:colcon.colcon_core.verb:set package 'my_joystick_msgs' build argument 'cmake_args' from command line to 'None'
[2.002s] Level 5:colcon.colcon_core.verb:set package 'my_joystick_msgs' build argument 'cmake_target' from command line to 'None'
[2.002s] Level 5:colcon.colcon_core.verb:set package 'my_joystick_msgs' build argument 'cmake_target_skip_unavailable' from command line to 'False'
[2.002s] Level 5:colcon.colcon_core.verb:set package 'my_joystick_msgs' build argument 'cmake_clean_cache' from command line to 'False'
[2.002s] Level 5:colcon.colcon_core.verb:set package 'my_joystick_msgs' build argument 'cmake_clean_first' from command line to 'False'
[2.002s] Level 5:colcon.colcon_core.verb:set package 'my_joystick_msgs' build argument 'cmake_force_configure' from command line to 'False'
[2.002s] Level 5:colcon.colcon_core.verb:set package 'my_joystick_msgs' build argument 'ament_cmake_args' from command line to 'None'
[2.002s] Level 5:colcon.colcon_core.verb:set package 'my_joystick_msgs' build argument 'catkin_cmake_args' from command line to 'None'
[2.002s] Level 5:colcon.colcon_core.verb:set package 'my_joystick_msgs' build argument 'catkin_skip_building_tests' from command line to 'False'
[2.002s] DEBUG:colcon.colcon_core.verb:Building package 'my_joystick_msgs' with the following arguments: {'ament_cmake_args': None, 'build_base': '/home/robotics/temp/new_ws/build/my_joystick_msgs', 'catkin_cmake_args': None, 'catkin_skip_building_tests': False, 'cmake_args': None, 'cmake_clean_cache': False, 'cmake_clean_first': False, 'cmake_force_configure': False, 'cmake_target': None, 'cmake_target_skip_unavailable': False, 'install_base': '/home/robotics/temp/new_ws/install/my_joystick_msgs', 'merge_install': False, 'path': '/home/robotics/temp/new_ws/src/my_joystick_msgs', 'symlink_install': False, 'test_result_base': None}
[2.003s] Level 5:colcon.colcon_core.verb:set package 'my_joystick_driver' build argument 'cmake_args' from command line to 'None'
[2.003s] Level 5:colcon.colcon_core.verb:set package 'my_joystick_driver' build argument 'cmake_target' from command line to 'None'
[2.003s] Level 5:colcon.colcon_core.verb:set package 'my_joystick_driver' build argument 'cmake_target_skip_unavailable' from command line to 'False'
[2.003s] Level 5:colcon.colcon_core.verb:set package 'my_joystick_driver' build argument 'cmake_clean_cache' from command line to 'False'
[2.003s] Level 5:colcon.colcon_core.verb:set package 'my_joystick_driver' build argument 'cmake_clean_first' from command line to 'False'
[2.003s] Level 5:colcon.colcon_core.verb:set package 'my_joystick_driver' build argument 'cmake_force_configure' from command line to 'False'
[2.003s] Level 5:colcon.colcon_core.verb:set package 'my_joystick_driver' build argument 'ament_cmake_args' from command line to 'None'
[2.003s] Level 5:colcon.colcon_core.verb:set package 'my_joystick_driver' build argument 'catkin_cmake_args' from command line to 'None'
[2.003s] Level 5:colcon.colcon_core.verb:set package 'my_joystick_driver' build argument 'catkin_skip_building_tests' from command line to 'False'
[2.003s] DEBUG:colcon.colcon_core.verb:Building package 'my_joystick_driver' with the following arguments: {'ament_cmake_args': None, 'build_base': '/home/robotics/temp/new_ws/build/my_joystick_driver', 'catkin_cmake_args': None, 'catkin_skip_building_tests': False, 'cmake_args': None, 'cmake_clean_cache': False, 'cmake_clean_first': False, 'cmake_force_configure': False, 'cmake_target': None, 'cmake_target_skip_unavailable': False, 'install_base': '/home/robotics/temp/new_ws/install/my_joystick_driver', 'merge_install': False, 'path': '/home/robotics/temp/new_ws/src/my_joystick_driver', 'symlink_install': False, 'test_result_base': None}
[2.003s] INFO:colcon.colcon_core.executor:Executing jobs using 'parallel' executor
[2.006s] DEBUG:colcon.colcon_parallel_executor.executor.parallel:run_until_complete
[2.006s] INFO:colcon.colcon_ros.task.ament_cmake.build:Building ROS package in '/home/robotics/temp/new_ws/src/my_joystick_msgs' with build type 'ament_cmake'
[2.006s] INFO:colcon.colcon_cmake.task.cmake.build:Building CMake package in '/home/robotics/temp/new_ws/src/my_joystick_msgs'
[2.023s] INFO:colcon.colcon_core.plugin_system:Skipping extension 'colcon_core.shell.bat': Not used on non-Windows systems
[2.023s] INFO:colcon.colcon_core.shell:Skip shell extension 'powershell' for command environment: Not usable outside of PowerShell
[2.023s] DEBUG:colcon.colcon_core.shell:Skip shell extension 'dsv' for command environment
[2.125s] DEBUG:colcon.colcon_core.event_handler.log_command:Invoking command in '/home/robotics/temp/new_ws/build/my_joystick_msgs': CMAKE_PREFIX_PATH=${CMAKE_PREFIX_PATH}:/home/robotics/temp/new_ws/install/my_joystick_driver:/opt/ros/jazzy DEBUGINFOD_URLS=https://debuginfod.ubuntu.com /usr/bin/cmake --build /home/robotics/temp/new_ws/build/my_joystick_msgs -- -j4 -l4
[29.287s] DEBUG:colcon.colcon_core.event_handler.log_command:Invoked command in '/home/robotics/temp/new_ws/build/my_joystick_msgs' returned '0': CMAKE_PREFIX_PATH=${CMAKE_PREFIX_PATH}:/home/robotics/temp/new_ws/install/my_joystick_driver:/opt/ros/jazzy DEBUGINFOD_URLS=https://debuginfod.ubuntu.com /usr/bin/cmake --build /home/robotics/temp/new_ws/build/my_joystick_msgs -- -j4 -l4
[29.336s] DEBUG:colcon.colcon_core.event_handler.log_command:Invoking command in '/home/robotics/temp/new_ws/build/my_joystick_msgs': CMAKE_PREFIX_PATH=${CMAKE_PREFIX_PATH}:/home/robotics/temp/new_ws/install/my_joystick_driver:/opt/ros/jazzy DEBUGINFOD_URLS=https://debuginfod.ubuntu.com /usr/bin/cmake --install /home/robotics/temp/new_ws/build/my_joystick_msgs
[30.013s] Level 1:colcon.colcon_core.environment:create_environment_scripts_only(my_joystick_msgs)
[30.018s] DEBUG:colcon.colcon_core.event_handler.log_command:Invoked command in '/home/robotics/temp/new_ws/build/my_joystick_msgs' returned '0': CMAKE_PREFIX_PATH=${CMAKE_PREFIX_PATH}:/home/robotics/temp/new_ws/install/my_joystick_driver:/opt/ros/jazzy DEBUGINFOD_URLS=https://debuginfod.ubuntu.com /usr/bin/cmake --install /home/robotics/temp/new_ws/build/my_joystick_msgs
[30.609s] Level 1:colcon.colcon_core.environment:checking '/home/robotics/temp/new_ws/install/my_joystick_msgs' for CMake module files
[30.612s] Level 1:colcon.colcon_core.environment:checking '/home/robotics/temp/new_ws/install/my_joystick_msgs' for CMake config files
[30.630s] Level 1:colcon.colcon_core.shell:create_environment_hook('my_joystick_msgs', 'cmake_prefix_path')
[30.631s] INFO:colcon.colcon_core.shell:Creating environment hook '/home/robotics/temp/new_ws/install/my_joystick_msgs/share/my_joystick_msgs/hook/cmake_prefix_path.ps1'
[30.638s] INFO:colcon.colcon_core.shell:Creating environment descriptor '/home/robotics/temp/new_ws/install/my_joystick_msgs/share/my_joystick_msgs/hook/cmake_prefix_path.dsv'
[30.645s] INFO:colcon.colcon_core.shell:Creating environment hook '/home/robotics/temp/new_ws/install/my_joystick_msgs/share/my_joystick_msgs/hook/cmake_prefix_path.sh'
[30.653s] Level 1:colcon.colcon_core.environment:checking '/home/robotics/temp/new_ws/install/my_joystick_msgs/lib'
[30.653s] Level 1:colcon.colcon_core.shell:create_environment_hook('my_joystick_msgs', 'ld_library_path_lib')
[30.654s] INFO:colcon.colcon_core.shell:Creating environment hook '/home/robotics/temp/new_ws/install/my_joystick_msgs/share/my_joystick_msgs/hook/ld_library_path_lib.ps1'
[30.656s] INFO:colcon.colcon_core.shell:Creating environment descriptor '/home/robotics/temp/new_ws/install/my_joystick_msgs/share/my_joystick_msgs/hook/ld_library_path_lib.dsv'
[30.658s] INFO:colcon.colcon_core.shell:Creating environment hook '/home/robotics/temp/new_ws/install/my_joystick_msgs/share/my_joystick_msgs/hook/ld_library_path_lib.sh'
[30.660s] Level 1:colcon.colcon_core.environment:checking '/home/robotics/temp/new_ws/install/my_joystick_msgs/bin'
[30.661s] Level 1:colcon.colcon_core.environment:checking '/home/robotics/temp/new_ws/install/my_joystick_msgs/lib/pkgconfig/my_joystick_msgs.pc'
[30.676s] Level 1:colcon.colcon_core.environment:checking '/home/robotics/temp/new_ws/install/my_joystick_msgs/lib/python3.12/site-packages'
[30.677s] Level 1:colcon.colcon_core.shell:create_environment_hook('my_joystick_msgs', 'pythonpath')
[30.680s] INFO:colcon.colcon_core.shell:Creating environment hook '/home/robotics/temp/new_ws/install/my_joystick_msgs/share/my_joystick_msgs/hook/pythonpath.ps1'
[30.681s] INFO:colcon.colcon_core.shell:Creating environment descriptor '/home/robotics/temp/new_ws/install/my_joystick_msgs/share/my_joystick_msgs/hook/pythonpath.dsv'
[30.683s] INFO:colcon.colcon_core.shell:Creating environment hook '/home/robotics/temp/new_ws/install/my_joystick_msgs/share/my_joystick_msgs/hook/pythonpath.sh'
[30.687s] Level 1:colcon.colcon_core.environment:checking '/home/robotics/temp/new_ws/install/my_joystick_msgs/bin'
[30.688s] INFO:colcon.colcon_core.shell:Creating package script '/home/robotics/temp/new_ws/install/my_joystick_msgs/share/my_joystick_msgs/package.ps1'
[30.701s] INFO:colcon.colcon_core.shell:Creating package descriptor '/home/robotics/temp/new_ws/install/my_joystick_msgs/share/my_joystick_msgs/package.dsv'
[30.710s] INFO:colcon.colcon_core.shell:Creating package script '/home/robotics/temp/new_ws/install/my_joystick_msgs/share/my_joystick_msgs/package.sh'
[30.720s] INFO:colcon.colcon_core.shell:Creating package script '/home/robotics/temp/new_ws/install/my_joystick_msgs/share/my_joystick_msgs/package.bash'
[30.733s] INFO:colcon.colcon_core.shell:Creating package script '/home/robotics/temp/new_ws/install/my_joystick_msgs/share/my_joystick_msgs/package.zsh'
[30.744s] Level 1:colcon.colcon_core.environment:create_file_with_runtime_dependencies(/home/robotics/temp/new_ws/install/my_joystick_msgs/share/colcon-core/packages/my_joystick_msgs)
[30.754s] Level 1:colcon.colcon_core.environment:create_environment_scripts_only(my_joystick_msgs)
[30.755s] Level 1:colcon.colcon_core.environment:checking '/home/robotics/temp/new_ws/install/my_joystick_msgs' for CMake module files
[30.756s] Level 1:colcon.colcon_core.environment:checking '/home/robotics/temp/new_ws/install/my_joystick_msgs' for CMake config files
[30.772s] Level 1:colcon.colcon_core.shell:create_environment_hook('my_joystick_msgs', 'cmake_prefix_path')
[30.773s] INFO:colcon.colcon_core.shell:Creating environment hook '/home/robotics/temp/new_ws/install/my_joystick_msgs/share/my_joystick_msgs/hook/cmake_prefix_path.ps1'
[30.774s] INFO:colcon.colcon_core.shell:Creating environment descriptor '/home/robotics/temp/new_ws/install/my_joystick_msgs/share/my_joystick_msgs/hook/cmake_prefix_path.dsv'
[30.786s] INFO:colcon.colcon_core.shell:Creating environment hook '/home/robotics/temp/new_ws/install/my_joystick_msgs/share/my_joystick_msgs/hook/cmake_prefix_path.sh'
[30.791s] Level 1:colcon.colcon_core.environment:checking '/home/robotics/temp/new_ws/install/my_joystick_msgs/lib'
[30.791s] Level 1:colcon.colcon_core.shell:create_environment_hook('my_joystick_msgs', 'ld_library_path_lib')
[30.792s] INFO:colcon.colcon_core.shell:Creating environment hook '/home/robotics/temp/new_ws/install/my_joystick_msgs/share/my_joystick_msgs/hook/ld_library_path_lib.ps1'
[30.793s] INFO:colcon.colcon_core.shell:Creating environment descriptor '/home/robotics/temp/new_ws/install/my_joystick_msgs/share/my_joystick_msgs/hook/ld_library_path_lib.dsv'
[30.799s] INFO:colcon.colcon_core.shell:Creating environment hook '/home/robotics/temp/new_ws/install/my_joystick_msgs/share/my_joystick_msgs/hook/ld_library_path_lib.sh'
[30.801s] Level 1:colcon.colcon_core.environment:checking '/home/robotics/temp/new_ws/install/my_joystick_msgs/bin'
[30.802s] Level 1:colcon.colcon_core.environment:checking '/home/robotics/temp/new_ws/install/my_joystick_msgs/lib/pkgconfig/my_joystick_msgs.pc'
[30.802s] Level 1:colcon.colcon_core.environment:checking '/home/robotics/temp/new_ws/install/my_joystick_msgs/lib/python3.12/site-packages'
[30.803s] Level 1:colcon.colcon_core.shell:create_environment_hook('my_joystick_msgs', 'pythonpath')
[30.803s] INFO:colcon.colcon_core.shell:Creating environment hook '/home/robotics/temp/new_ws/install/my_joystick_msgs/share/my_joystick_msgs/hook/pythonpath.ps1'
[30.805s] INFO:colcon.colcon_core.shell:Creating environment descriptor '/home/robotics/temp/new_ws/install/my_joystick_msgs/share/my_joystick_msgs/hook/pythonpath.dsv'
[30.806s] INFO:colcon.colcon_core.shell:Creating environment hook '/home/robotics/temp/new_ws/install/my_joystick_msgs/share/my_joystick_msgs/hook/pythonpath.sh'
[30.808s] Level 1:colcon.colcon_core.environment:checking '/home/robotics/temp/new_ws/install/my_joystick_msgs/bin'
[30.808s] INFO:colcon.colcon_core.shell:Creating package script '/home/robotics/temp/new_ws/install/my_joystick_msgs/share/my_joystick_msgs/package.ps1'
[30.810s] INFO:colcon.colcon_core.shell:Creating package descriptor '/home/robotics/temp/new_ws/install/my_joystick_msgs/share/my_joystick_msgs/package.dsv'
[30.811s] INFO:colcon.colcon_core.shell:Creating package script '/home/robotics/temp/new_ws/install/my_joystick_msgs/share/my_joystick_msgs/package.sh'
[30.811s] INFO:colcon.colcon_core.shell:Creating package script '/home/robotics/temp/new_ws/install/my_joystick_msgs/share/my_joystick_msgs/package.bash'
[30.812s] INFO:colcon.colcon_core.shell:Creating package script '/home/robotics/temp/new_ws/install/my_joystick_msgs/share/my_joystick_msgs/package.zsh'
[30.813s] Level 1:colcon.colcon_core.environment:create_file_with_runtime_dependencies(/home/robotics/temp/new_ws/install/my_joystick_msgs/share/colcon-core/packages/my_joystick_msgs)
[30.813s] INFO:colcon.colcon_ros.task.ament_python.build:Building ROS package in '/home/robotics/temp/new_ws/src/my_joystick_driver' with build type 'ament_python'
[30.813s] Level 1:colcon.colcon_core.shell:create_environment_hook('my_joystick_driver', 'ament_prefix_path')
[30.814s] INFO:colcon.colcon_core.shell:Creating environment hook '/home/robotics/temp/new_ws/install/my_joystick_driver/share/my_joystick_driver/hook/ament_prefix_path.ps1'
[30.829s] INFO:colcon.colcon_core.shell:Creating environment descriptor '/home/robotics/temp/new_ws/install/my_joystick_driver/share/my_joystick_driver/hook/ament_prefix_path.dsv'
[30.836s] INFO:colcon.colcon_core.shell:Creating environment hook '/home/robotics/temp/new_ws/install/my_joystick_driver/share/my_joystick_driver/hook/ament_prefix_path.sh'
[30.842s] INFO:colcon.colcon_core.shell:Skip shell extension 'powershell' for command environment: Not usable outside of PowerShell
[30.843s] DEBUG:colcon.colcon_core.shell:Skip shell extension 'dsv' for command environment
[31.530s] INFO:colcon.colcon_core.task.python.build:Building Python package in '/home/robotics/temp/new_ws/src/my_joystick_driver'
[31.530s] INFO:colcon.colcon_core.shell:Skip shell extension 'powershell' for command environment: Not usable outside of PowerShell
[31.530s] DEBUG:colcon.colcon_core.shell:Skip shell extension 'dsv' for command environment
[33.892s] DEBUG:colcon.colcon_core.event_handler.log_command:Invoking command in '/home/robotics/temp/new_ws/src/my_joystick_driver': DEBUGINFOD_URLS=https://debuginfod.ubuntu.com PYTHONPATH=/home/robotics/temp/new_ws/build/my_joystick_driver/prefix_override:/home/robotics/.platformio/penv/lib/python3.12/site-packages/colcon_core/task/python/colcon_distutils_commands:/home/robotics/temp/new_ws/install/my_joystick_driver/lib/python3.12/site-packages:/home/robotics/temp/new_ws/install/my_joystick_msgs/lib/python3.12/site-packages:/home/robotics/temp/new_ws/install/my_joystick_driver/lib/python3.12/site-packages:/opt/ros/jazzy/lib/python3.12/site-packages /home/robotics/.platformio/penv/bin/python -W ignore:setup.py install is deprecated -W ignore:easy_install command is deprecated setup.py egg_info --egg-base ../../build/my_joystick_driver build --build-base /home/robotics/temp/new_ws/build/my_joystick_driver/build install --record /home/robotics/temp/new_ws/build/my_joystick_driver/install.log --single-version-externally-managed install_data
[35.524s] Level 1:colcon.colcon_core.environment:checking '/home/robotics/temp/new_ws/install/my_joystick_driver' for CMake module files
[35.525s] Level 1:colcon.colcon_core.environment:checking '/home/robotics/temp/new_ws/install/my_joystick_driver' for CMake config files
[35.527s] Level 1:colcon.colcon_core.environment:checking '/home/robotics/temp/new_ws/install/my_joystick_driver/lib'
[35.528s] DEBUG:colcon.colcon_core.event_handler.log_command:Invoked command in '/home/robotics/temp/new_ws/src/my_joystick_driver' returned '0': DEBUGINFOD_URLS=https://debuginfod.ubuntu.com PYTHONPATH=/home/robotics/temp/new_ws/build/my_joystick_driver/prefix_override:/home/robotics/.platformio/penv/lib/python3.12/site-packages/colcon_core/task/python/colcon_distutils_commands:/home/robotics/temp/new_ws/install/my_joystick_driver/lib/python3.12/site-packages:/home/robotics/temp/new_ws/install/my_joystick_msgs/lib/python3.12/site-packages:/home/robotics/temp/new_ws/install/my_joystick_driver/lib/python3.12/site-packages:/opt/ros/jazzy/lib/python3.12/site-packages /home/robotics/.platformio/penv/bin/python -W ignore:setup.py install is deprecated -W ignore:easy_install command is deprecated setup.py egg_info --egg-base ../../build/my_joystick_driver build --build-base /home/robotics/temp/new_ws/build/my_joystick_driver/build install --record /home/robotics/temp/new_ws/build/my_joystick_driver/install.log --single-version-externally-managed install_data
[35.531s] Level 1:colcon.colcon_core.environment:checking '/home/robotics/temp/new_ws/install/my_joystick_driver/bin'
[35.531s] Level 1:colcon.colcon_core.environment:checking '/home/robotics/temp/new_ws/install/my_joystick_driver/lib/pkgconfig/my_joystick_driver.pc'
[35.531s] Level 1:colcon.colcon_core.environment:checking '/home/robotics/temp/new_ws/install/my_joystick_driver/lib/python3.12/site-packages'
[35.531s] Level 1:colcon.colcon_core.shell:create_environment_hook('my_joystick_driver', 'pythonpath')
[35.532s] INFO:colcon.colcon_core.shell:Creating environment hook '/home/robotics/temp/new_ws/install/my_joystick_driver/share/my_joystick_driver/hook/pythonpath.ps1'
[35.533s] INFO:colcon.colcon_core.shell:Creating environment descriptor '/home/robotics/temp/new_ws/install/my_joystick_driver/share/my_joystick_driver/hook/pythonpath.dsv'
[35.534s] INFO:colcon.colcon_core.shell:Creating environment hook '/home/robotics/temp/new_ws/install/my_joystick_driver/share/my_joystick_driver/hook/pythonpath.sh'
[35.537s] Level 1:colcon.colcon_core.environment:checking '/home/robotics/temp/new_ws/install/my_joystick_driver/bin'
[35.538s] Level 1:colcon.colcon_core.environment:create_environment_scripts_only(my_joystick_driver)
[35.538s] INFO:colcon.colcon_core.shell:Creating package script '/home/robotics/temp/new_ws/install/my_joystick_driver/share/my_joystick_driver/package.ps1'
[35.539s] INFO:colcon.colcon_core.shell:Creating package descriptor '/home/robotics/temp/new_ws/install/my_joystick_driver/share/my_joystick_driver/package.dsv'
[35.542s] INFO:colcon.colcon_core.shell:Creating package script '/home/robotics/temp/new_ws/install/my_joystick_driver/share/my_joystick_driver/package.sh'
[35.544s] INFO:colcon.colcon_core.shell:Creating package script '/home/robotics/temp/new_ws/install/my_joystick_driver/share/my_joystick_driver/package.bash'
[35.545s] INFO:colcon.colcon_core.shell:Creating package script '/home/robotics/temp/new_ws/install/my_joystick_driver/share/my_joystick_driver/package.zsh'
[35.546s] Level 1:colcon.colcon_core.environment:create_file_with_runtime_dependencies(/home/robotics/temp/new_ws/install/my_joystick_driver/share/colcon-core/packages/my_joystick_driver)
[35.547s] DEBUG:colcon.colcon_parallel_executor.executor.parallel:closing loop
[35.547s] DEBUG:colcon.colcon_parallel_executor.executor.parallel:loop closed
[35.547s] DEBUG:colcon.colcon_parallel_executor.executor.parallel:run_until_complete finished with '0'
[35.547s] DEBUG:colcon.colcon_core.event_reactor:joining thread
[35.583s] INFO:colcon.colcon_core.plugin_system:Skipping extension 'colcon_notification.desktop_notification.notify2': 'notify2' not found
[35.584s] INFO:colcon.colcon_core.plugin_system:Skipping extension 'colcon_notification.desktop_notification.terminal_notifier': Not used on non-Darwin systems
[35.588s] INFO:colcon.colcon_core.plugin_system:Skipping extension 'colcon_notification.desktop_notification.win32': Not used on non-Windows systems
[35.589s] INFO:colcon.colcon_notification.desktop_notification:Sending desktop notification using 'notify_send'
[35.820s] DEBUG:colcon.colcon_core.event_reactor:joined thread
[35.821s] INFO:colcon.colcon_core.shell:Creating prefix script '/home/robotics/temp/new_ws/install/local_setup.ps1'
[35.824s] INFO:colcon.colcon_core.shell:Creating prefix util module '/home/robotics/temp/new_ws/install/_local_setup_util_ps1.py'
[35.835s] INFO:colcon.colcon_core.shell:Creating prefix chain script '/home/robotics/temp/new_ws/install/setup.ps1'
[35.837s] INFO:colcon.colcon_core.shell:Creating prefix script '/home/robotics/temp/new_ws/install/local_setup.sh'
[35.852s] INFO:colcon.colcon_core.shell:Creating prefix util module '/home/robotics/temp/new_ws/install/_local_setup_util_sh.py'
[35.853s] INFO:colcon.colcon_core.shell:Creating prefix chain script '/home/robotics/temp/new_ws/install/setup.sh'
[35.855s] INFO:colcon.colcon_core.shell:Creating prefix script '/home/robotics/temp/new_ws/install/local_setup.bash'
[35.860s] INFO:colcon.colcon_core.shell:Creating prefix chain script '/home/robotics/temp/new_ws/install/setup.bash'
[35.862s] INFO:colcon.colcon_core.shell:Creating prefix script '/home/robotics/temp/new_ws/install/local_setup.zsh'
[35.864s] INFO:colcon.colcon_core.shell:Creating prefix chain script '/home/robotics/temp/new_ws/install/setup.zsh'
