running egg_info
creating ../../build/my_joystick_driver/my_joystick_driver.egg-info
writing ../../build/my_joystick_driver/my_joystick_driver.egg-info/PKG-INFO
writing dependency_links to ../../build/my_joystick_driver/my_joystick_driver.egg-info/dependency_links.txt
writing entry points to ../../build/my_joystick_driver/my_joystick_driver.egg-info/entry_points.txt
writing requirements to ../../build/my_joystick_driver/my_joystick_driver.egg-info/requires.txt
writing top-level names to ../../build/my_joystick_driver/my_joystick_driver.egg-info/top_level.txt
writing manifest file '../../build/my_joystick_driver/my_joystick_driver.egg-info/SOURCES.txt'
reading manifest file '../../build/my_joystick_driver/my_joystick_driver.egg-info/SOURCES.txt'
writing manifest file '../../build/my_joystick_driver/my_joystick_driver.egg-info/SOURCES.txt'
running build
running build_py
creating /home/robotics/temp/new_ws/build/my_joystick_driver/build/lib/my_joystick_driver
copying my_joystick_driver/__init__.py -> /home/robotics/temp/new_ws/build/my_joystick_driver/build/lib/my_joystick_driver
copying my_joystick_driver/joystick_node.py -> /home/robotics/temp/new_ws/build/my_joystick_driver/build/lib/my_joystick_driver
running install
running install_lib
creating /home/robotics/temp/new_ws/install/my_joystick_driver/lib/python3.12/site-packages/my_joystick_driver
copying /home/robotics/temp/new_ws/build/my_joystick_driver/build/lib/my_joystick_driver/__init__.py -> /home/robotics/temp/new_ws/install/my_joystick_driver/lib/python3.12/site-packages/my_joystick_driver
copying /home/robotics/temp/new_ws/build/my_joystick_driver/build/lib/my_joystick_driver/joystick_node.py -> /home/robotics/temp/new_ws/install/my_joystick_driver/lib/python3.12/site-packages/my_joystick_driver
byte-compiling /home/robotics/temp/new_ws/install/my_joystick_driver/lib/python3.12/site-packages/my_joystick_driver/__init__.py to __init__.cpython-312.pyc
byte-compiling /home/robotics/temp/new_ws/install/my_joystick_driver/lib/python3.12/site-packages/my_joystick_driver/joystick_node.py to joystick_node.cpython-312.pyc
running install_data
creating /home/robotics/temp/new_ws/install/my_joystick_driver/share/ament_index/resource_index/packages
copying resource/my_joystick_driver -> /home/robotics/temp/new_ws/install/my_joystick_driver/share/ament_index/resource_index/packages
copying package.xml -> /home/robotics/temp/new_ws/install/my_joystick_driver/share/my_joystick_driver
running install_egg_info
Copying ../../build/my_joystick_driver/my_joystick_driver.egg-info to /home/robotics/temp/new_ws/install/my_joystick_driver/lib/python3.12/site-packages/my_joystick_driver-0.0.0-py3.12.egg-info
running install_scripts
Installing joystick_node script to /home/robotics/temp/new_ws/install/my_joystick_driver/lib/my_joystick_driver
writing list of installed files to '/home/robotics/temp/new_ws/build/my_joystick_driver/install.log'
