[2.444s] Invoking command in '/home/robotics/temp/new_ws/src/my_joystick_driver': AMENT_PREFIX_PATH=/home/robotics/temp/new_ws/install/my_joystick_msgs:${AMENT_PREFIX_PATH} CMAKE_PREFIX_PATH=/home/robotics/temp/new_ws/install/my_joystick_msgs:${CMAKE_PREFIX_PATH} DEBUGINFOD_URLS=https://debuginfod.ubuntu.com LD_LIBRARY_PATH=/home/robotics/temp/new_ws/install/my_joystick_msgs/lib:${LD_LIBRARY_PATH} PYTHONPATH=/home/robotics/temp/new_ws/build/my_joystick_driver/prefix_override:/home/robotics/.platformio/penv/lib/python3.12/site-packages/colcon_core/task/python/colcon_distutils_commands:/home/robotics/temp/new_ws/install/my_joystick_driver/lib/python3.12/site-packages:/home/robotics/temp/new_ws/install/my_joystick_msgs/lib/python3.12/site-packages:${PYTHONPATH} /home/robotics/.platformio/penv/bin/python -W ignore:setup.py install is deprecated -W ignore:easy_install command is deprecated setup.py egg_info --egg-base ../../build/my_joystick_driver build --build-base /home/robotics/temp/new_ws/build/my_joystick_driver/build install --record /home/robotics/temp/new_ws/build/my_joystick_driver/install.log --single-version-externally-managed install_data
[3.056s] running egg_info
[3.080s] creating ../../build/my_joystick_driver/my_joystick_driver.egg-info
[3.081s] writing ../../build/my_joystick_driver/my_joystick_driver.egg-info/PKG-INFO
[3.082s] writing dependency_links to ../../build/my_joystick_driver/my_joystick_driver.egg-info/dependency_links.txt
[3.082s] writing entry points to ../../build/my_joystick_driver/my_joystick_driver.egg-info/entry_points.txt
[3.083s] writing requirements to ../../build/my_joystick_driver/my_joystick_driver.egg-info/requires.txt
[3.084s] writing top-level names to ../../build/my_joystick_driver/my_joystick_driver.egg-info/top_level.txt
[3.084s] writing manifest file '../../build/my_joystick_driver/my_joystick_driver.egg-info/SOURCES.txt'
[3.170s] reading manifest file '../../build/my_joystick_driver/my_joystick_driver.egg-info/SOURCES.txt'
[3.177s] writing manifest file '../../build/my_joystick_driver/my_joystick_driver.egg-info/SOURCES.txt'
[3.177s] running build
[3.178s] running build_py
[3.178s] creating /home/robotics/temp/new_ws/build/my_joystick_driver/build/lib/my_joystick_driver
[3.178s] copying my_joystick_driver/__init__.py -> /home/robotics/temp/new_ws/build/my_joystick_driver/build/lib/my_joystick_driver
[3.179s] copying my_joystick_driver/joystick_node.py -> /home/robotics/temp/new_ws/build/my_joystick_driver/build/lib/my_joystick_driver
[3.179s] running install
[3.193s] running install_lib
[3.227s] creating /home/robotics/temp/new_ws/install/my_joystick_driver/lib/python3.12/site-packages/my_joystick_driver
[3.228s] copying /home/robotics/temp/new_ws/build/my_joystick_driver/build/lib/my_joystick_driver/__init__.py -> /home/robotics/temp/new_ws/install/my_joystick_driver/lib/python3.12/site-packages/my_joystick_driver
[3.228s] copying /home/robotics/temp/new_ws/build/my_joystick_driver/build/lib/my_joystick_driver/joystick_node.py -> /home/robotics/temp/new_ws/install/my_joystick_driver/lib/python3.12/site-packages/my_joystick_driver
[3.238s] byte-compiling /home/robotics/temp/new_ws/install/my_joystick_driver/lib/python3.12/site-packages/my_joystick_driver/__init__.py to __init__.cpython-312.pyc
[3.246s] byte-compiling /home/robotics/temp/new_ws/install/my_joystick_driver/lib/python3.12/site-packages/my_joystick_driver/joystick_node.py to joystick_node.cpython-312.pyc
[3.246s] running install_data
[3.246s] creating /home/robotics/temp/new_ws/install/my_joystick_driver/share/ament_index/resource_index/packages
[3.246s] copying resource/my_joystick_driver -> /home/robotics/temp/new_ws/install/my_joystick_driver/share/ament_index/resource_index/packages
[3.248s] copying package.xml -> /home/robotics/temp/new_ws/install/my_joystick_driver/share/my_joystick_driver
[3.248s] running install_egg_info
[3.308s] Copying ../../build/my_joystick_driver/my_joystick_driver.egg-info to /home/robotics/temp/new_ws/install/my_joystick_driver/lib/python3.12/site-packages/my_joystick_driver-0.0.0-py3.12.egg-info
[3.308s] running install_scripts
[3.446s] Installing joystick_node script to /home/robotics/temp/new_ws/install/my_joystick_driver/lib/my_joystick_driver
[3.448s] writing list of installed files to '/home/robotics/temp/new_ws/build/my_joystick_driver/install.log'
[3.592s] Invoked command in '/home/robotics/temp/new_ws/src/my_joystick_driver' returned '0': AMENT_PREFIX_PATH=/home/robotics/temp/new_ws/install/my_joystick_msgs:${AMENT_PREFIX_PATH} CMAKE_PREFIX_PATH=/home/robotics/temp/new_ws/install/my_joystick_msgs:${CMAKE_PREFIX_PATH} DEBUGINFOD_URLS=https://debuginfod.ubuntu.com LD_LIBRARY_PATH=/home/robotics/temp/new_ws/install/my_joystick_msgs/lib:${LD_LIBRARY_PATH} PYTHONPATH=/home/robotics/temp/new_ws/build/my_joystick_driver/prefix_override:/home/robotics/.platformio/penv/lib/python3.12/site-packages/colcon_core/task/python/colcon_distutils_commands:/home/robotics/temp/new_ws/install/my_joystick_driver/lib/python3.12/site-packages:/home/robotics/temp/new_ws/install/my_joystick_msgs/lib/python3.12/site-packages:${PYTHONPATH} /home/robotics/.platformio/penv/bin/python -W ignore:setup.py install is deprecated -W ignore:easy_install command is deprecated setup.py egg_info --egg-base ../../build/my_joystick_driver build --build-base /home/robotics/temp/new_ws/build/my_joystick_driver/build install --record /home/robotics/temp/new_ws/build/my_joystick_driver/install.log --single-version-externally-managed install_data
