[1.386s] DEBUG:colcon:Command line arguments: ['/home/robotics/.platformio/penv/bin/colcon', 'build', '--packages-select', 'my_joystick_msgs', 'my_joystick_driver']
[1.386s] DEBUG:colcon:Parsed command line arguments: Namespace(log_base=None, log_level=None, verb_name='build', build_base='build', install_base='install', merge_install=False, symlink_install=False, test_result_base=None, continue_on_error=False, executor='parallel', parallel_workers=4, event_handlers=None, ignore_user_meta=False, metas=['./colcon.meta'], base_paths=['.'], packages_ignore=None, packages_ignore_regex=None, paths=None, packages_up_to=None, packages_up_to_regex=None, packages_above=None, packages_above_and_dependencies=None, packages_above_depth=None, packages_select_by_dep=None, packages_skip_by_dep=None, packages_skip_up_to=None, packages_select_build_failed=False, packages_skip_build_finished=False, packages_select_test_failures=False, packages_skip_test_passed=False, packages_select=['my_joystick_msgs', 'my_joystick_driver'], packages_skip=None, packages_select_regex=None, packages_skip_regex=None, packages_start=None, packages_end=None, cmake_args=None, cmake_target=None, cmake_target_skip_unavailable=False, cmake_clean_cache=False, cmake_clean_first=False, cmake_force_configure=False, ament_cmake_args=None, catkin_cmake_args=None, catkin_skip_building_tests=False, verb_parser=<colcon_defaults.argument_parser.defaults.DefaultArgumentsDecorator object at 0xffff9d255040>, verb_extension=<colcon_core.verb.build.BuildVerb object at 0xffff9d254d10>, main=<bound method BuildVerb.main of <colcon_core.verb.build.BuildVerb object at 0xffff9d254d10>>)
[1.777s] Level 1:colcon.colcon_core.package_discovery:discover_packages(colcon_meta) check parameters
[1.777s] Level 1:colcon.colcon_core.package_discovery:discover_packages(recursive) check parameters
[1.777s] Level 1:colcon.colcon_core.package_discovery:discover_packages(ignore) check parameters
[1.777s] Level 1:colcon.colcon_core.package_discovery:discover_packages(path) check parameters
[1.777s] Level 1:colcon.colcon_core.package_discovery:discover_packages(colcon_meta) discover
[1.777s] Level 1:colcon.colcon_core.package_discovery:discover_packages(recursive) discover
[1.777s] INFO:colcon.colcon_core.package_discovery:Crawling recursively for packages in '/home/robotics/temp/new_ws'
[1.777s] Level 1:colcon.colcon_core.package_identification:_identify(.) by extensions ['ignore', 'ignore_ament_install']
[1.778s] Level 1:colcon.colcon_core.package_identification:_identify(.) by extension 'ignore'
[1.778s] Level 1:colcon.colcon_core.package_identification:_identify(.) by extension 'ignore_ament_install'
[1.778s] Level 1:colcon.colcon_core.package_identification:_identify(.) by extensions ['colcon_pkg']
[1.778s] Level 1:colcon.colcon_core.package_identification:_identify(.) by extension 'colcon_pkg'
[1.778s] Level 1:colcon.colcon_core.package_identification:_identify(.) by extensions ['colcon_meta']
[1.778s] Level 1:colcon.colcon_core.package_identification:_identify(.) by extension 'colcon_meta'
[1.778s] Level 1:colcon.colcon_core.package_identification:_identify(.) by extensions ['ros']
[1.778s] Level 1:colcon.colcon_core.package_identification:_identify(.) by extension 'ros'
[1.979s] Level 1:colcon.colcon_core.package_identification:_identify(.) by extensions ['cmake', 'python']
[1.979s] Level 1:colcon.colcon_core.package_identification:_identify(.) by extension 'cmake'
[1.979s] Level 1:colcon.colcon_core.package_identification:_identify(.) by extension 'python'
[1.980s] Level 1:colcon.colcon_core.package_identification:_identify(.) by extensions ['python_setup_py']
[1.980s] Level 1:colcon.colcon_core.package_identification:_identify(.) by extension 'python_setup_py'
[1.980s] Level 1:colcon.colcon_core.package_identification:_identify(build) by extensions ['ignore', 'ignore_ament_install']
[1.980s] Level 1:colcon.colcon_core.package_identification:_identify(build) by extension 'ignore'
[1.980s] Level 1:colcon.colcon_core.package_identification:_identify(build) ignored
[1.981s] Level 1:colcon.colcon_core.package_identification:_identify(install) by extensions ['ignore', 'ignore_ament_install']
[1.981s] Level 1:colcon.colcon_core.package_identification:_identify(install) by extension 'ignore'
[1.981s] Level 1:colcon.colcon_core.package_identification:_identify(install) ignored
[1.982s] Level 1:colcon.colcon_core.package_identification:_identify(log) by extensions ['ignore', 'ignore_ament_install']
[1.982s] Level 1:colcon.colcon_core.package_identification:_identify(log) by extension 'ignore'
[1.982s] Level 1:colcon.colcon_core.package_identification:_identify(log) ignored
[1.982s] Level 1:colcon.colcon_core.package_identification:_identify(src) by extensions ['ignore', 'ignore_ament_install']
[1.982s] Level 1:colcon.colcon_core.package_identification:_identify(src) by extension 'ignore'
[1.982s] Level 1:colcon.colcon_core.package_identification:_identify(src) by extension 'ignore_ament_install'
[1.982s] Level 1:colcon.colcon_core.package_identification:_identify(src) by extensions ['colcon_pkg']
[1.982s] Level 1:colcon.colcon_core.package_identification:_identify(src) by extension 'colcon_pkg'
[1.982s] Level 1:colcon.colcon_core.package_identification:_identify(src) by extensions ['colcon_meta']
[1.982s] Level 1:colcon.colcon_core.package_identification:_identify(src) by extension 'colcon_meta'
[1.983s] Level 1:colcon.colcon_core.package_identification:_identify(src) by extensions ['ros']
[1.983s] Level 1:colcon.colcon_core.package_identification:_identify(src) by extension 'ros'
[1.983s] Level 1:colcon.colcon_core.package_identification:_identify(src) by extensions ['cmake', 'python']
[1.984s] Level 1:colcon.colcon_core.package_identification:_identify(src) by extension 'cmake'
[1.984s] Level 1:colcon.colcon_core.package_identification:_identify(src) by extension 'python'
[1.984s] Level 1:colcon.colcon_core.package_identification:_identify(src) by extensions ['python_setup_py']
[1.985s] Level 1:colcon.colcon_core.package_identification:_identify(src) by extension 'python_setup_py'
[1.985s] Level 1:colcon.colcon_core.package_identification:_identify(src/my_joystick_driver) by extensions ['ignore', 'ignore_ament_install']
[1.985s] Level 1:colcon.colcon_core.package_identification:_identify(src/my_joystick_driver) by extension 'ignore'
[1.986s] Level 1:colcon.colcon_core.package_identification:_identify(src/my_joystick_driver) by extension 'ignore_ament_install'
[1.986s] Level 1:colcon.colcon_core.package_identification:_identify(src/my_joystick_driver) by extensions ['colcon_pkg']
[1.987s] Level 1:colcon.colcon_core.package_identification:_identify(src/my_joystick_driver) by extension 'colcon_pkg'
[1.987s] Level 1:colcon.colcon_core.package_identification:_identify(src/my_joystick_driver) by extensions ['colcon_meta']
[1.987s] Level 1:colcon.colcon_core.package_identification:_identify(src/my_joystick_driver) by extension 'colcon_meta'
[1.987s] Level 1:colcon.colcon_core.package_identification:_identify(src/my_joystick_driver) by extensions ['ros']
[1.987s] Level 1:colcon.colcon_core.package_identification:_identify(src/my_joystick_driver) by extension 'ros'
[2.005s] DEBUG:colcon.colcon_core.package_identification:Package 'src/my_joystick_driver' with type 'ros.ament_python' and name 'my_joystick_driver'
[2.005s] Level 1:colcon.colcon_core.package_identification:_identify(src/my_joystick_msgs) by extensions ['ignore', 'ignore_ament_install']
[2.006s] Level 1:colcon.colcon_core.package_identification:_identify(src/my_joystick_msgs) by extension 'ignore'
[2.006s] Level 1:colcon.colcon_core.package_identification:_identify(src/my_joystick_msgs) by extension 'ignore_ament_install'
[2.006s] Level 1:colcon.colcon_core.package_identification:_identify(src/my_joystick_msgs) by extensions ['colcon_pkg']
[2.006s] Level 1:colcon.colcon_core.package_identification:_identify(src/my_joystick_msgs) by extension 'colcon_pkg'
[2.006s] Level 1:colcon.colcon_core.package_identification:_identify(src/my_joystick_msgs) by extensions ['colcon_meta']
[2.006s] Level 1:colcon.colcon_core.package_identification:_identify(src/my_joystick_msgs) by extension 'colcon_meta'
[2.006s] Level 1:colcon.colcon_core.package_identification:_identify(src/my_joystick_msgs) by extensions ['ros']
[2.006s] Level 1:colcon.colcon_core.package_identification:_identify(src/my_joystick_msgs) by extension 'ros'
[2.011s] DEBUG:colcon.colcon_core.package_identification:Package 'src/my_joystick_msgs' with type 'ros.ament_cmake' and name 'my_joystick_msgs'
[2.011s] Level 1:colcon.colcon_core.package_discovery:discover_packages(recursive) using defaults
[2.011s] Level 1:colcon.colcon_core.package_discovery:discover_packages(ignore) discover
[2.011s] Level 1:colcon.colcon_core.package_discovery:discover_packages(ignore) using defaults
[2.011s] Level 1:colcon.colcon_core.package_discovery:discover_packages(path) discover
[2.011s] Level 1:colcon.colcon_core.package_discovery:discover_packages(path) using defaults
[2.156s] Level 5:colcon.colcon_core.verb:set package 'my_joystick_msgs' build argument 'cmake_args' from command line to 'None'
[2.156s] Level 5:colcon.colcon_core.verb:set package 'my_joystick_msgs' build argument 'cmake_target' from command line to 'None'
[2.156s] Level 5:colcon.colcon_core.verb:set package 'my_joystick_msgs' build argument 'cmake_target_skip_unavailable' from command line to 'False'
[2.157s] Level 5:colcon.colcon_core.verb:set package 'my_joystick_msgs' build argument 'cmake_clean_cache' from command line to 'False'
[2.157s] Level 5:colcon.colcon_core.verb:set package 'my_joystick_msgs' build argument 'cmake_clean_first' from command line to 'False'
[2.157s] Level 5:colcon.colcon_core.verb:set package 'my_joystick_msgs' build argument 'cmake_force_configure' from command line to 'False'
[2.157s] Level 5:colcon.colcon_core.verb:set package 'my_joystick_msgs' build argument 'ament_cmake_args' from command line to 'None'
[2.157s] Level 5:colcon.colcon_core.verb:set package 'my_joystick_msgs' build argument 'catkin_cmake_args' from command line to 'None'
[2.157s] Level 5:colcon.colcon_core.verb:set package 'my_joystick_msgs' build argument 'catkin_skip_building_tests' from command line to 'False'
[2.157s] DEBUG:colcon.colcon_core.verb:Building package 'my_joystick_msgs' with the following arguments: {'ament_cmake_args': None, 'build_base': '/home/robotics/temp/new_ws/build/my_joystick_msgs', 'catkin_cmake_args': None, 'catkin_skip_building_tests': False, 'cmake_args': None, 'cmake_clean_cache': False, 'cmake_clean_first': False, 'cmake_force_configure': False, 'cmake_target': None, 'cmake_target_skip_unavailable': False, 'install_base': '/home/robotics/temp/new_ws/install/my_joystick_msgs', 'merge_install': False, 'path': '/home/robotics/temp/new_ws/src/my_joystick_msgs', 'symlink_install': False, 'test_result_base': None}
[2.162s] Level 5:colcon.colcon_core.verb:set package 'my_joystick_driver' build argument 'cmake_args' from command line to 'None'
[2.162s] Level 5:colcon.colcon_core.verb:set package 'my_joystick_driver' build argument 'cmake_target' from command line to 'None'
[2.162s] Level 5:colcon.colcon_core.verb:set package 'my_joystick_driver' build argument 'cmake_target_skip_unavailable' from command line to 'False'
[2.162s] Level 5:colcon.colcon_core.verb:set package 'my_joystick_driver' build argument 'cmake_clean_cache' from command line to 'False'
[2.162s] Level 5:colcon.colcon_core.verb:set package 'my_joystick_driver' build argument 'cmake_clean_first' from command line to 'False'
[2.162s] Level 5:colcon.colcon_core.verb:set package 'my_joystick_driver' build argument 'cmake_force_configure' from command line to 'False'
[2.162s] Level 5:colcon.colcon_core.verb:set package 'my_joystick_driver' build argument 'ament_cmake_args' from command line to 'None'
[2.162s] Level 5:colcon.colcon_core.verb:set package 'my_joystick_driver' build argument 'catkin_cmake_args' from command line to 'None'
[2.162s] Level 5:colcon.colcon_core.verb:set package 'my_joystick_driver' build argument 'catkin_skip_building_tests' from command line to 'False'
[2.162s] DEBUG:colcon.colcon_core.verb:Building package 'my_joystick_driver' with the following arguments: {'ament_cmake_args': None, 'build_base': '/home/robotics/temp/new_ws/build/my_joystick_driver', 'catkin_cmake_args': None, 'catkin_skip_building_tests': False, 'cmake_args': None, 'cmake_clean_cache': False, 'cmake_clean_first': False, 'cmake_force_configure': False, 'cmake_target': None, 'cmake_target_skip_unavailable': False, 'install_base': '/home/robotics/temp/new_ws/install/my_joystick_driver', 'merge_install': False, 'path': '/home/robotics/temp/new_ws/src/my_joystick_driver', 'symlink_install': False, 'test_result_base': None}
[2.162s] INFO:colcon.colcon_core.executor:Executing jobs using 'parallel' executor
[2.164s] DEBUG:colcon.colcon_parallel_executor.executor.parallel:run_until_complete
[2.165s] INFO:colcon.colcon_ros.task.ament_cmake.build:Building ROS package in '/home/robotics/temp/new_ws/src/my_joystick_msgs' with build type 'ament_cmake'
[2.168s] INFO:colcon.colcon_cmake.task.cmake.build:Building CMake package in '/home/robotics/temp/new_ws/src/my_joystick_msgs'
[2.185s] INFO:colcon.colcon_core.plugin_system:Skipping extension 'colcon_core.shell.bat': Not used on non-Windows systems
[2.186s] INFO:colcon.colcon_core.shell:Skip shell extension 'powershell' for command environment: Not usable outside of PowerShell
[2.186s] DEBUG:colcon.colcon_core.shell:Skip shell extension 'dsv' for command environment
[2.260s] DEBUG:colcon.colcon_core.event_handler.log_command:Invoking command in '/home/robotics/temp/new_ws/build/my_joystick_msgs': CMAKE_PREFIX_PATH=${CMAKE_PREFIX_PATH}:/home/robotics/temp/new_ws/install/my_joystick_driver:/opt/ros/jazzy DEBUGINFOD_URLS=https://debuginfod.ubuntu.com /usr/bin/cmake --build /home/robotics/temp/new_ws/build/my_joystick_msgs -- -j4 -l4
[30.118s] DEBUG:colcon.colcon_core.event_handler.log_command:Invoked command in '/home/robotics/temp/new_ws/build/my_joystick_msgs' returned '0': CMAKE_PREFIX_PATH=${CMAKE_PREFIX_PATH}:/home/robotics/temp/new_ws/install/my_joystick_driver:/opt/ros/jazzy DEBUGINFOD_URLS=https://debuginfod.ubuntu.com /usr/bin/cmake --build /home/robotics/temp/new_ws/build/my_joystick_msgs -- -j4 -l4
[30.158s] DEBUG:colcon.colcon_core.event_handler.log_command:Invoking command in '/home/robotics/temp/new_ws/build/my_joystick_msgs': CMAKE_PREFIX_PATH=${CMAKE_PREFIX_PATH}:/home/robotics/temp/new_ws/install/my_joystick_driver:/opt/ros/jazzy DEBUGINFOD_URLS=https://debuginfod.ubuntu.com /usr/bin/cmake --install /home/robotics/temp/new_ws/build/my_joystick_msgs
[30.525s] Level 1:colcon.colcon_core.environment:create_environment_scripts_only(my_joystick_msgs)
[30.527s] DEBUG:colcon.colcon_core.event_handler.log_command:Invoked command in '/home/robotics/temp/new_ws/build/my_joystick_msgs' returned '0': CMAKE_PREFIX_PATH=${CMAKE_PREFIX_PATH}:/home/robotics/temp/new_ws/install/my_joystick_driver:/opt/ros/jazzy DEBUGINFOD_URLS=https://debuginfod.ubuntu.com /usr/bin/cmake --install /home/robotics/temp/new_ws/build/my_joystick_msgs
[30.563s] Level 1:colcon.colcon_core.environment:checking '/home/robotics/temp/new_ws/install/my_joystick_msgs' for CMake module files
[30.565s] Level 1:colcon.colcon_core.environment:checking '/home/robotics/temp/new_ws/install/my_joystick_msgs' for CMake config files
[30.566s] Level 1:colcon.colcon_core.shell:create_environment_hook('my_joystick_msgs', 'cmake_prefix_path')
[30.567s] INFO:colcon.colcon_core.shell:Creating environment hook '/home/robotics/temp/new_ws/install/my_joystick_msgs/share/my_joystick_msgs/hook/cmake_prefix_path.ps1'
[30.572s] INFO:colcon.colcon_core.shell:Creating environment descriptor '/home/robotics/temp/new_ws/install/my_joystick_msgs/share/my_joystick_msgs/hook/cmake_prefix_path.dsv'
[30.576s] INFO:colcon.colcon_core.shell:Creating environment hook '/home/robotics/temp/new_ws/install/my_joystick_msgs/share/my_joystick_msgs/hook/cmake_prefix_path.sh'
[30.587s] Level 1:colcon.colcon_core.environment:checking '/home/robotics/temp/new_ws/install/my_joystick_msgs/lib'
[30.587s] Level 1:colcon.colcon_core.shell:create_environment_hook('my_joystick_msgs', 'ld_library_path_lib')
[30.588s] INFO:colcon.colcon_core.shell:Creating environment hook '/home/robotics/temp/new_ws/install/my_joystick_msgs/share/my_joystick_msgs/hook/ld_library_path_lib.ps1'
[30.589s] INFO:colcon.colcon_core.shell:Creating environment descriptor '/home/robotics/temp/new_ws/install/my_joystick_msgs/share/my_joystick_msgs/hook/ld_library_path_lib.dsv'
[30.591s] INFO:colcon.colcon_core.shell:Creating environment hook '/home/robotics/temp/new_ws/install/my_joystick_msgs/share/my_joystick_msgs/hook/ld_library_path_lib.sh'
[30.593s] Level 1:colcon.colcon_core.environment:checking '/home/robotics/temp/new_ws/install/my_joystick_msgs/bin'
[30.594s] Level 1:colcon.colcon_core.environment:checking '/home/robotics/temp/new_ws/install/my_joystick_msgs/lib/pkgconfig/my_joystick_msgs.pc'
[30.608s] Level 1:colcon.colcon_core.environment:checking '/home/robotics/temp/new_ws/install/my_joystick_msgs/lib/python3.12/site-packages'
[30.608s] Level 1:colcon.colcon_core.shell:create_environment_hook('my_joystick_msgs', 'pythonpath')
[30.608s] INFO:colcon.colcon_core.shell:Creating environment hook '/home/robotics/temp/new_ws/install/my_joystick_msgs/share/my_joystick_msgs/hook/pythonpath.ps1'
[30.609s] INFO:colcon.colcon_core.shell:Creating environment descriptor '/home/robotics/temp/new_ws/install/my_joystick_msgs/share/my_joystick_msgs/hook/pythonpath.dsv'
[30.616s] INFO:colcon.colcon_core.shell:Creating environment hook '/home/robotics/temp/new_ws/install/my_joystick_msgs/share/my_joystick_msgs/hook/pythonpath.sh'
[30.618s] Level 1:colcon.colcon_core.environment:checking '/home/robotics/temp/new_ws/install/my_joystick_msgs/bin'
[30.618s] INFO:colcon.colcon_core.shell:Creating package script '/home/robotics/temp/new_ws/install/my_joystick_msgs/share/my_joystick_msgs/package.ps1'
[30.625s] INFO:colcon.colcon_core.shell:Creating package descriptor '/home/robotics/temp/new_ws/install/my_joystick_msgs/share/my_joystick_msgs/package.dsv'
[30.630s] INFO:colcon.colcon_core.shell:Creating package script '/home/robotics/temp/new_ws/install/my_joystick_msgs/share/my_joystick_msgs/package.sh'
[30.633s] INFO:colcon.colcon_core.shell:Creating package script '/home/robotics/temp/new_ws/install/my_joystick_msgs/share/my_joystick_msgs/package.bash'
[30.637s] INFO:colcon.colcon_core.shell:Creating package script '/home/robotics/temp/new_ws/install/my_joystick_msgs/share/my_joystick_msgs/package.zsh'
[30.644s] Level 1:colcon.colcon_core.environment:create_file_with_runtime_dependencies(/home/robotics/temp/new_ws/install/my_joystick_msgs/share/colcon-core/packages/my_joystick_msgs)
[30.648s] Level 1:colcon.colcon_core.environment:create_environment_scripts_only(my_joystick_msgs)
[30.649s] Level 1:colcon.colcon_core.environment:checking '/home/robotics/temp/new_ws/install/my_joystick_msgs' for CMake module files
[30.652s] Level 1:colcon.colcon_core.environment:checking '/home/robotics/temp/new_ws/install/my_joystick_msgs' for CMake config files
[30.653s] Level 1:colcon.colcon_core.shell:create_environment_hook('my_joystick_msgs', 'cmake_prefix_path')
[30.653s] INFO:colcon.colcon_core.shell:Creating environment hook '/home/robotics/temp/new_ws/install/my_joystick_msgs/share/my_joystick_msgs/hook/cmake_prefix_path.ps1'
[30.655s] INFO:colcon.colcon_core.shell:Creating environment descriptor '/home/robotics/temp/new_ws/install/my_joystick_msgs/share/my_joystick_msgs/hook/cmake_prefix_path.dsv'
[30.659s] INFO:colcon.colcon_core.shell:Creating environment hook '/home/robotics/temp/new_ws/install/my_joystick_msgs/share/my_joystick_msgs/hook/cmake_prefix_path.sh'
[30.664s] Level 1:colcon.colcon_core.environment:checking '/home/robotics/temp/new_ws/install/my_joystick_msgs/lib'
[30.664s] Level 1:colcon.colcon_core.shell:create_environment_hook('my_joystick_msgs', 'ld_library_path_lib')
[30.665s] INFO:colcon.colcon_core.shell:Creating environment hook '/home/robotics/temp/new_ws/install/my_joystick_msgs/share/my_joystick_msgs/hook/ld_library_path_lib.ps1'
[30.671s] INFO:colcon.colcon_core.shell:Creating environment descriptor '/home/robotics/temp/new_ws/install/my_joystick_msgs/share/my_joystick_msgs/hook/ld_library_path_lib.dsv'
[30.676s] INFO:colcon.colcon_core.shell:Creating environment hook '/home/robotics/temp/new_ws/install/my_joystick_msgs/share/my_joystick_msgs/hook/ld_library_path_lib.sh'
[30.683s] Level 1:colcon.colcon_core.environment:checking '/home/robotics/temp/new_ws/install/my_joystick_msgs/bin'
[30.683s] Level 1:colcon.colcon_core.environment:checking '/home/robotics/temp/new_ws/install/my_joystick_msgs/lib/pkgconfig/my_joystick_msgs.pc'
[30.684s] Level 1:colcon.colcon_core.environment:checking '/home/robotics/temp/new_ws/install/my_joystick_msgs/lib/python3.12/site-packages'
[30.685s] Level 1:colcon.colcon_core.shell:create_environment_hook('my_joystick_msgs', 'pythonpath')
[30.686s] INFO:colcon.colcon_core.shell:Creating environment hook '/home/robotics/temp/new_ws/install/my_joystick_msgs/share/my_joystick_msgs/hook/pythonpath.ps1'
[30.692s] INFO:colcon.colcon_core.shell:Creating environment descriptor '/home/robotics/temp/new_ws/install/my_joystick_msgs/share/my_joystick_msgs/hook/pythonpath.dsv'
[30.694s] INFO:colcon.colcon_core.shell:Creating environment hook '/home/robotics/temp/new_ws/install/my_joystick_msgs/share/my_joystick_msgs/hook/pythonpath.sh'
[30.705s] Level 1:colcon.colcon_core.environment:checking '/home/robotics/temp/new_ws/install/my_joystick_msgs/bin'
[30.708s] INFO:colcon.colcon_core.shell:Creating package script '/home/robotics/temp/new_ws/install/my_joystick_msgs/share/my_joystick_msgs/package.ps1'
[30.716s] INFO:colcon.colcon_core.shell:Creating package descriptor '/home/robotics/temp/new_ws/install/my_joystick_msgs/share/my_joystick_msgs/package.dsv'
[30.729s] INFO:colcon.colcon_core.shell:Creating package script '/home/robotics/temp/new_ws/install/my_joystick_msgs/share/my_joystick_msgs/package.sh'
[30.735s] INFO:colcon.colcon_core.shell:Creating package script '/home/robotics/temp/new_ws/install/my_joystick_msgs/share/my_joystick_msgs/package.bash'
[30.746s] INFO:colcon.colcon_core.shell:Creating package script '/home/robotics/temp/new_ws/install/my_joystick_msgs/share/my_joystick_msgs/package.zsh'
[30.749s] Level 1:colcon.colcon_core.environment:create_file_with_runtime_dependencies(/home/robotics/temp/new_ws/install/my_joystick_msgs/share/colcon-core/packages/my_joystick_msgs)
[30.754s] INFO:colcon.colcon_ros.task.ament_python.build:Building ROS package in '/home/robotics/temp/new_ws/src/my_joystick_driver' with build type 'ament_python'
[30.754s] Level 1:colcon.colcon_core.shell:create_environment_hook('my_joystick_driver', 'ament_prefix_path')
[30.755s] INFO:colcon.colcon_core.shell:Creating environment hook '/home/robotics/temp/new_ws/install/my_joystick_driver/share/my_joystick_driver/hook/ament_prefix_path.ps1'
[30.758s] INFO:colcon.colcon_core.shell:Creating environment descriptor '/home/robotics/temp/new_ws/install/my_joystick_driver/share/my_joystick_driver/hook/ament_prefix_path.dsv'
[30.762s] INFO:colcon.colcon_core.shell:Creating environment hook '/home/robotics/temp/new_ws/install/my_joystick_driver/share/my_joystick_driver/hook/ament_prefix_path.sh'
[30.764s] INFO:colcon.colcon_core.shell:Skip shell extension 'powershell' for command environment: Not usable outside of PowerShell
[30.765s] DEBUG:colcon.colcon_core.shell:Skip shell extension 'dsv' for command environment
[31.360s] INFO:colcon.colcon_core.task.python.build:Building Python package in '/home/robotics/temp/new_ws/src/my_joystick_driver'
[31.360s] INFO:colcon.colcon_core.shell:Skip shell extension 'powershell' for command environment: Not usable outside of PowerShell
[31.360s] DEBUG:colcon.colcon_core.shell:Skip shell extension 'dsv' for command environment
[33.700s] DEBUG:colcon.colcon_core.event_handler.log_command:Invoking command in '/home/robotics/temp/new_ws/src/my_joystick_driver': DEBUGINFOD_URLS=https://debuginfod.ubuntu.com PYTHONPATH=/home/robotics/temp/new_ws/build/my_joystick_driver/prefix_override:/home/robotics/.platformio/penv/lib/python3.12/site-packages/colcon_core/task/python/colcon_distutils_commands:/home/robotics/temp/new_ws/install/my_joystick_driver/lib/python3.12/site-packages:/home/robotics/temp/new_ws/install/my_joystick_msgs/lib/python3.12/site-packages:/home/robotics/temp/new_ws/install/my_joystick_driver/lib/python3.12/site-packages:/opt/ros/jazzy/lib/python3.12/site-packages /home/robotics/.platformio/penv/bin/python -W ignore:setup.py install is deprecated -W ignore:easy_install command is deprecated setup.py egg_info --egg-base ../../build/my_joystick_driver build --build-base /home/robotics/temp/new_ws/build/my_joystick_driver/build install --record /home/robotics/temp/new_ws/build/my_joystick_driver/install.log --single-version-externally-managed install_data
[34.906s] Level 1:colcon.colcon_core.environment:checking '/home/robotics/temp/new_ws/install/my_joystick_driver' for CMake module files
[34.906s] DEBUG:colcon.colcon_core.event_handler.log_command:Invoked command in '/home/robotics/temp/new_ws/src/my_joystick_driver' returned '0': DEBUGINFOD_URLS=https://debuginfod.ubuntu.com PYTHONPATH=/home/robotics/temp/new_ws/build/my_joystick_driver/prefix_override:/home/robotics/.platformio/penv/lib/python3.12/site-packages/colcon_core/task/python/colcon_distutils_commands:/home/robotics/temp/new_ws/install/my_joystick_driver/lib/python3.12/site-packages:/home/robotics/temp/new_ws/install/my_joystick_msgs/lib/python3.12/site-packages:/home/robotics/temp/new_ws/install/my_joystick_driver/lib/python3.12/site-packages:/opt/ros/jazzy/lib/python3.12/site-packages /home/robotics/.platformio/penv/bin/python -W ignore:setup.py install is deprecated -W ignore:easy_install command is deprecated setup.py egg_info --egg-base ../../build/my_joystick_driver build --build-base /home/robotics/temp/new_ws/build/my_joystick_driver/build install --record /home/robotics/temp/new_ws/build/my_joystick_driver/install.log --single-version-externally-managed install_data
[34.907s] Level 1:colcon.colcon_core.environment:checking '/home/robotics/temp/new_ws/install/my_joystick_driver' for CMake config files
[34.908s] Level 1:colcon.colcon_core.environment:checking '/home/robotics/temp/new_ws/install/my_joystick_driver/lib'
[34.908s] Level 1:colcon.colcon_core.environment:checking '/home/robotics/temp/new_ws/install/my_joystick_driver/bin'
[34.908s] Level 1:colcon.colcon_core.environment:checking '/home/robotics/temp/new_ws/install/my_joystick_driver/lib/pkgconfig/my_joystick_driver.pc'
[34.909s] Level 1:colcon.colcon_core.environment:checking '/home/robotics/temp/new_ws/install/my_joystick_driver/lib/python3.12/site-packages'
[34.909s] Level 1:colcon.colcon_core.shell:create_environment_hook('my_joystick_driver', 'pythonpath')
[34.910s] INFO:colcon.colcon_core.shell:Creating environment hook '/home/robotics/temp/new_ws/install/my_joystick_driver/share/my_joystick_driver/hook/pythonpath.ps1'
[34.911s] INFO:colcon.colcon_core.shell:Creating environment descriptor '/home/robotics/temp/new_ws/install/my_joystick_driver/share/my_joystick_driver/hook/pythonpath.dsv'
[34.915s] INFO:colcon.colcon_core.shell:Creating environment hook '/home/robotics/temp/new_ws/install/my_joystick_driver/share/my_joystick_driver/hook/pythonpath.sh'
[34.919s] Level 1:colcon.colcon_core.environment:checking '/home/robotics/temp/new_ws/install/my_joystick_driver/bin'
[34.919s] Level 1:colcon.colcon_core.environment:create_environment_scripts_only(my_joystick_driver)
[34.920s] INFO:colcon.colcon_core.shell:Creating package script '/home/robotics/temp/new_ws/install/my_joystick_driver/share/my_joystick_driver/package.ps1'
[34.926s] INFO:colcon.colcon_core.shell:Creating package descriptor '/home/robotics/temp/new_ws/install/my_joystick_driver/share/my_joystick_driver/package.dsv'
[34.928s] INFO:colcon.colcon_core.shell:Creating package script '/home/robotics/temp/new_ws/install/my_joystick_driver/share/my_joystick_driver/package.sh'
[34.933s] INFO:colcon.colcon_core.shell:Creating package script '/home/robotics/temp/new_ws/install/my_joystick_driver/share/my_joystick_driver/package.bash'
[34.937s] INFO:colcon.colcon_core.shell:Creating package script '/home/robotics/temp/new_ws/install/my_joystick_driver/share/my_joystick_driver/package.zsh'
[34.942s] Level 1:colcon.colcon_core.environment:create_file_with_runtime_dependencies(/home/robotics/temp/new_ws/install/my_joystick_driver/share/colcon-core/packages/my_joystick_driver)
[34.945s] DEBUG:colcon.colcon_parallel_executor.executor.parallel:closing loop
[34.949s] DEBUG:colcon.colcon_parallel_executor.executor.parallel:loop closed
[34.949s] DEBUG:colcon.colcon_parallel_executor.executor.parallel:run_until_complete finished with '0'
[34.949s] DEBUG:colcon.colcon_core.event_reactor:joining thread
[34.981s] INFO:colcon.colcon_core.plugin_system:Skipping extension 'colcon_notification.desktop_notification.notify2': 'notify2' not found
[34.983s] INFO:colcon.colcon_core.plugin_system:Skipping extension 'colcon_notification.desktop_notification.terminal_notifier': Not used on non-Darwin systems
[34.983s] INFO:colcon.colcon_core.plugin_system:Skipping extension 'colcon_notification.desktop_notification.win32': Not used on non-Windows systems
[34.983s] INFO:colcon.colcon_notification.desktop_notification:Sending desktop notification using 'notify_send'
[35.232s] DEBUG:colcon.colcon_core.event_reactor:joined thread
[35.233s] INFO:colcon.colcon_core.shell:Creating prefix script '/home/robotics/temp/new_ws/install/local_setup.ps1'
[35.237s] INFO:colcon.colcon_core.shell:Creating prefix util module '/home/robotics/temp/new_ws/install/_local_setup_util_ps1.py'
[35.244s] INFO:colcon.colcon_core.shell:Creating prefix chain script '/home/robotics/temp/new_ws/install/setup.ps1'
[35.248s] INFO:colcon.colcon_core.shell:Creating prefix script '/home/robotics/temp/new_ws/install/local_setup.sh'
[35.265s] INFO:colcon.colcon_core.shell:Creating prefix util module '/home/robotics/temp/new_ws/install/_local_setup_util_sh.py'
[35.269s] INFO:colcon.colcon_core.shell:Creating prefix chain script '/home/robotics/temp/new_ws/install/setup.sh'
[35.278s] INFO:colcon.colcon_core.shell:Creating prefix script '/home/robotics/temp/new_ws/install/local_setup.bash'
[35.282s] INFO:colcon.colcon_core.shell:Creating prefix chain script '/home/robotics/temp/new_ws/install/setup.bash'
[35.289s] INFO:colcon.colcon_core.shell:Creating prefix script '/home/robotics/temp/new_ws/install/local_setup.zsh'
[35.299s] INFO:colcon.colcon_core.shell:Creating prefix chain script '/home/robotics/temp/new_ws/install/setup.zsh'
