[3.077s] Invoking command in '/home/robotics/temp/new_ws/src/my_joystick_driver': DEBUGINFOD_URLS=https://debuginfod.ubuntu.com PYTHONPATH=/home/robotics/temp/new_ws/build/my_joystick_driver/prefix_override:/home/robotics/.platformio/penv/lib/python3.12/site-packages/colcon_core/task/python/colcon_distutils_commands:/home/robotics/temp/new_ws/install/my_joystick_driver/lib/python3.12/site-packages:/home/robotics/temp/new_ws/install/my_joystick_msgs/lib/python3.12/site-packages:/home/robotics/temp/new_ws/install/my_joystick_driver/lib/python3.12/site-packages:/opt/ros/jazzy/lib/python3.12/site-packages /home/robotics/.platformio/penv/bin/python -W ignore:setup.py install is deprecated -W ignore:easy_install command is deprecated setup.py egg_info --egg-base ../../build/my_joystick_driver build --build-base /home/robotics/temp/new_ws/build/my_joystick_driver/build install --record /home/robotics/temp/new_ws/build/my_joystick_driver/install.log --single-version-externally-managed install_data
[3.783s] running egg_info
[3.810s] writing ../../build/my_joystick_driver/my_joystick_driver.egg-info/PKG-INFO
[3.815s] writing dependency_links to ../../build/my_joystick_driver/my_joystick_driver.egg-info/dependency_links.txt
[3.818s] writing entry points to ../../build/my_joystick_driver/my_joystick_driver.egg-info/entry_points.txt
[3.818s] writing requirements to ../../build/my_joystick_driver/my_joystick_driver.egg-info/requires.txt
[3.818s] writing top-level names to ../../build/my_joystick_driver/my_joystick_driver.egg-info/top_level.txt
[3.936s] reading manifest file '../../build/my_joystick_driver/my_joystick_driver.egg-info/SOURCES.txt'
[3.943s] writing manifest file '../../build/my_joystick_driver/my_joystick_driver.egg-info/SOURCES.txt'
[3.944s] running build
[3.944s] running build_py
[3.944s] copying my_joystick_driver/__init__.py -> /home/robotics/temp/new_ws/build/my_joystick_driver/build/lib/my_joystick_driver
[3.945s] copying my_joystick_driver/joystick_node.py -> /home/robotics/temp/new_ws/build/my_joystick_driver/build/lib/my_joystick_driver
[3.946s] running install
[3.969s] running install_lib
[4.017s] copying /home/robotics/temp/new_ws/build/my_joystick_driver/build/lib/my_joystick_driver/joystick_node.py -> /home/robotics/temp/new_ws/install/my_joystick_driver/lib/python3.12/site-packages/my_joystick_driver
[4.022s] byte-compiling /home/robotics/temp/new_ws/install/my_joystick_driver/lib/python3.12/site-packages/my_joystick_driver/joystick_node.py to joystick_node.cpython-312.pyc
[4.041s] running install_data
[4.041s] copying resource/my_joystick_driver -> /home/robotics/temp/new_ws/install/my_joystick_driver/share/ament_index/resource_index/packages
[4.047s] copying package.xml -> /home/robotics/temp/new_ws/install/my_joystick_driver/share/my_joystick_driver
[4.051s] running install_egg_info
[4.097s] removing '/home/robotics/temp/new_ws/install/my_joystick_driver/lib/python3.12/site-packages/my_joystick_driver-0.0.0-py3.12.egg-info' (and everything under it)
[4.100s] Copying ../../build/my_joystick_driver/my_joystick_driver.egg-info to /home/robotics/temp/new_ws/install/my_joystick_driver/lib/python3.12/site-packages/my_joystick_driver-0.0.0-py3.12.egg-info
[4.108s] running install_scripts
[4.355s] Installing joystick_node script to /home/robotics/temp/new_ws/install/my_joystick_driver/lib/my_joystick_driver
[4.450s] writing list of installed files to '/home/robotics/temp/new_ws/build/my_joystick_driver/install.log'
[4.713s] Invoked command in '/home/robotics/temp/new_ws/src/my_joystick_driver' returned '0': DEBUGINFOD_URLS=https://debuginfod.ubuntu.com PYTHONPATH=/home/robotics/temp/new_ws/build/my_joystick_driver/prefix_override:/home/robotics/.platformio/penv/lib/python3.12/site-packages/colcon_core/task/python/colcon_distutils_commands:/home/robotics/temp/new_ws/install/my_joystick_driver/lib/python3.12/site-packages:/home/robotics/temp/new_ws/install/my_joystick_msgs/lib/python3.12/site-packages:/home/robotics/temp/new_ws/install/my_joystick_driver/lib/python3.12/site-packages:/opt/ros/jazzy/lib/python3.12/site-packages /home/robotics/.platformio/penv/bin/python -W ignore:setup.py install is deprecated -W ignore:easy_install command is deprecated setup.py egg_info --egg-base ../../build/my_joystick_driver build --build-base /home/robotics/temp/new_ws/build/my_joystick_driver/build install --record /home/robotics/temp/new_ws/build/my_joystick_driver/install.log --single-version-externally-managed install_data
